Using pre-set license
Built from '2021.3/staging' branch; Version is '2021.3.14f1 (eee1884e7226) revision 15655304'; Using compiler version '192829333'; Build Type 'Release'
OS: 'Windows 10  (10.0.19042) 64bit Professional' Language: 'en' Physical Memory: 15741 MB
BatchMode: 1, IsHumanControllingUs: 0, StartBugReporterOnCrash: 0, Is64bit: 1, IsPro: 1

COMMAND LINE ARGUMENTS:
C:\Program Files\Unity\Hub\Editor\2021.3.14f1\Editor\Unity.exe
-adb2
-batchMode
-noUpm
-name
AssetImportWorker8
-projectPath
C:/Users/User/Documents/GitHub/GameJam2022/FakeGameJam
-logFile
Logs/AssetImportWorker8.log
-srvPort
55331
Successfully changed project path to: C:/Users/User/Documents/GitHub/GameJam2022/FakeGameJam
C:/Users/User/Documents/GitHub/GameJam2022/FakeGameJam
[UnityMemory] Configuration Parameters - Can be set up in boot.config
    "memorysetup-bucket-allocator-granularity=16"
    "memorysetup-bucket-allocator-bucket-count=8"
    "memorysetup-bucket-allocator-block-size=33554432"
    "memorysetup-bucket-allocator-block-count=8"
    "memorysetup-main-allocator-block-size=16777216"
    "memorysetup-thread-allocator-block-size=16777216"
    "memorysetup-gfx-main-allocator-block-size=16777216"
    "memorysetup-gfx-thread-allocator-block-size=16777216"
    "memorysetup-cache-allocator-block-size=4194304"
    "memorysetup-typetree-allocator-block-size=2097152"
    "memorysetup-profiler-bucket-allocator-granularity=16"
    "memorysetup-profiler-bucket-allocator-bucket-count=8"
    "memorysetup-profiler-bucket-allocator-block-size=33554432"
    "memorysetup-profiler-bucket-allocator-block-count=8"
    "memorysetup-profiler-allocator-block-size=16777216"
    "memorysetup-profiler-editor-allocator-block-size=1048576"
    "memorysetup-temp-allocator-size-main=16777216"
    "memorysetup-job-temp-allocator-block-size=2097152"
    "memorysetup-job-temp-allocator-block-size-background=1048576"
    "memorysetup-job-temp-allocator-reduction-small-platforms=262144"
    "memorysetup-temp-allocator-size-background-worker=32768"
    "memorysetup-temp-allocator-size-job-worker=262144"
    "memorysetup-temp-allocator-size-preload-manager=33554432"
    "memorysetup-temp-allocator-size-nav-mesh-worker=65536"
    "memorysetup-temp-allocator-size-audio-worker=65536"
    "memorysetup-temp-allocator-size-cloud-worker=32768"
    "memorysetup-temp-allocator-size-gi-baking-worker=262144"
    "memorysetup-temp-allocator-size-gfx=262144"
Refreshing native plugins compatible for Editor in 165.45 ms, found 4 plugins.
Preloading 0 native plugins for Editor in 0.00 ms.
Initialize engine version: 2021.3.14f1 (eee1884e7226)
[Subsystems] Discovering subsystems at path C:/Program Files/Unity/Hub/Editor/2021.3.14f1/Editor/Data/Resources/UnitySubsystems
[Subsystems] Discovering subsystems at path C:/Users/User/Documents/GitHub/GameJam2022/FakeGameJam/Assets
GfxDevice: creating device client; threaded=0; jobified=0
Direct3D:
    Version:  Direct3D 11.0 [level 11.1]
    Renderer: NVIDIA GeForce GTX 1650 (ID=0x1f99)
    Vendor:   NVIDIA
    VRAM:     3962 MB
    Driver:   27.21.14.5749
Initialize mono
Mono path[0] = 'C:/Program Files/Unity/Hub/Editor/2021.3.14f1/Editor/Data/Managed'
Mono path[1] = 'C:/Program Files/Unity/Hub/Editor/2021.3.14f1/Editor/Data/MonoBleedingEdge/lib/mono/unityjit-win32'
Mono config path = 'C:/Program Files/Unity/Hub/Editor/2021.3.14f1/Editor/Data/MonoBleedingEdge/etc'
Using monoOptions --debugger-agent=transport=dt_socket,embedding=1,server=y,suspend=n,address=127.0.0.1:56224
Begin MonoManager ReloadAssembly
Registering precompiled unity dll's ...
Register platform support module: C:/Program Files/Unity/Hub/Editor/2021.3.14f1/Editor/Data/PlaybackEngines/WindowsStandaloneSupport/UnityEditor.WindowsStandalone.Extensions.dll
Registered in 0.006772 seconds.
Native extension for WindowsStandalone target not found
Refreshing native plugins compatible for Editor in 97.81 ms, found 4 plugins.
Preloading 0 native plugins for Editor in 0.00 ms.
Mono: successfully reloaded assembly
- Completed reload, in  0.654 seconds
Domain Reload Profiling:
	ReloadAssembly (655ms)
		BeginReloadAssembly (76ms)
			ExecutionOrderSort (0ms)
			DisableScriptedObjects (0ms)
			BackupInstance (0ms)
			ReleaseScriptingObjects (0ms)
			CreateAndSetChildDomain (1ms)
		EndReloadAssembly (469ms)
			LoadAssemblies (74ms)
			RebuildTransferFunctionScriptingTraits (0ms)
			SetupTypeCache (100ms)
			ReleaseScriptCaches (0ms)
			RebuildScriptCaches (26ms)
			SetupLoadedEditorAssemblies (293ms)
				LogAssemblyErrors (0ms)
				InitializePlatformSupportModulesInManaged (7ms)
				SetLoadedEditorAssemblies (0ms)
				RefreshPlugins (98ms)
				BeforeProcessingInitializeOnLoad (1ms)
				ProcessInitializeOnLoadAttributes (140ms)
				ProcessInitializeOnLoadMethodAttributes (46ms)
				AfterProcessingInitializeOnLoad (0ms)
				EditorAssembliesLoaded (0ms)
			ExecutionOrderSort2 (0ms)
			AwakeInstancesAfterBackupRestoration (0ms)
Platform modules already initialized, skipping
Registering precompiled user dll's ...
Registered in 0.007820 seconds.
Begin MonoManager ReloadAssembly
Symbol file LoadedFromMemory doesn't match image C:\Users\User\Documents\GitHub\GameJam2022\FakeGameJam\Library\PackageCache\com.unity.visualscripting@1.7.8\Editor\VisualScripting.Core\Dependencies\YamlDotNet\Unity.VisualScripting.YamlDotNet.dll
Symbol file LoadedFromMemory doesn't match image C:\Users\User\Documents\GitHub\GameJam2022\FakeGameJam\Library\PackageCache\com.unity.visualscripting@1.7.8\Editor\VisualScripting.Core\Dependencies\DotNetZip\Unity.VisualScripting.IonicZip.dll
Native extension for WindowsStandalone target not found
Refreshing native plugins compatible for Editor in 100.34 ms, found 4 plugins.
Preloading 0 native plugins for Editor in 0.00 ms.
Mono: successfully reloaded assembly
- Completed reload, in  1.200 seconds
Domain Reload Profiling:
	ReloadAssembly (1201ms)
		BeginReloadAssembly (116ms)
			ExecutionOrderSort (0ms)
			DisableScriptedObjects (6ms)
			BackupInstance (0ms)
			ReleaseScriptingObjects (0ms)
			CreateAndSetChildDomain (20ms)
		EndReloadAssembly (968ms)
			LoadAssemblies (89ms)
			RebuildTransferFunctionScriptingTraits (0ms)
			SetupTypeCache (268ms)
			ReleaseScriptCaches (1ms)
			RebuildScriptCaches (55ms)
			SetupLoadedEditorAssemblies (509ms)
				LogAssemblyErrors (0ms)
				InitializePlatformSupportModulesInManaged (4ms)
				SetLoadedEditorAssemblies (0ms)
				RefreshPlugins (100ms)
				BeforeProcessingInitializeOnLoad (104ms)
				ProcessInitializeOnLoadAttributes (248ms)
				ProcessInitializeOnLoadMethodAttributes (42ms)
				AfterProcessingInitializeOnLoad (10ms)
				EditorAssembliesLoaded (0ms)
			ExecutionOrderSort2 (0ms)
			AwakeInstancesAfterBackupRestoration (7ms)
Platform modules already initialized, skipping
========================================================================
Worker process is ready to serve import requests
Launched and connected shader compiler UnityShaderCompiler.exe after 0.04 seconds
Refreshing native plugins compatible for Editor in 0.88 ms, found 4 plugins.
Preloading 0 native plugins for Editor in 0.00 ms.
Unloading 4083 Unused Serialized files (Serialized files now loaded: 0)
Unloading 45 unused Assets / (229.2 KB). Loaded Objects now: 4535.
Memory consumption went from 155.0 MB to 154.8 MB.
Total: 3.680000 ms (FindLiveObjects: 0.464400 ms CreateObjectMapping: 0.217000 ms MarkObjects: 2.809100 ms  DeleteObjects: 0.188000 ms)

AssetImportParameters requested are different than current active one (requested -> active):
  custom:video-decoder-ogg-theora: a1e56fd34408186e4bbccfd4996cb3dc -> 
  custom:container-muxer-webm: aa71ff27fc2769a1b78a27578f13a17b -> 
  custom:container-demuxer-webm: 4f35f7cbe854078d1ac9338744f61a02 -> 
  custom:video-encoder-webm-vp8: eb34c28f22e8b96e1ab97ce403110664 -> 
  custom:audio-encoder-webm-vorbis: bf7c407c2cedff20999df2af8eb42d56 -> 
  custom:framework-win-MediaFoundation: 216162199b28c13a410421893ffa2e32 -> 
  custom:container-demuxer-ogg: 62fdf1f143b41e24485cea50d1cbac27 -> 
  custom:video-decoder-webm-vp8: 9c59270c3fd7afecdb556c50c9e8de78 -> 
  custom:audio-decoder-ogg-vorbis: bf7c407c2cedff20999df2af8eb42d56 -> 
========================================================================
Received Import Request.
  Time since last request: 85996.562348 seconds.
  path: Assets/Terrain/Platform Prefabs/BasicMap/BasicRaisedPlatform.prefab
  artifactKey: Guid(977ebd837c0328d4aa754361a3e7c867) Importer(815301076,1909f56bfc062723c751e8b465ee728b)
Start importing Assets/Terrain/Platform Prefabs/BasicMap/BasicRaisedPlatform.prefab using Guid(977ebd837c0328d4aa754361a3e7c867) Importer(815301076,1909f56bfc062723c751e8b465ee728b)  -> (artifact id: '2e21f7201160aa1a1c1beb041d6239b4') in 0.359590 seconds 
========================================================================
Received Import Request.
  Time since last request: 0.000047 seconds.
  path: Assets/Terrain/Platform Prefabs/BasicMap/Platform_Base.prefab
  artifactKey: Guid(60a3ebaa01ce8dc469d477401f03964f) Importer(815301076,1909f56bfc062723c751e8b465ee728b)
Start importing Assets/Terrain/Platform Prefabs/BasicMap/Platform_Base.prefab using Guid(60a3ebaa01ce8dc469d477401f03964f) Importer(815301076,1909f56bfc062723c751e8b465ee728b)  -> (artifact id: 'a2902dfc649eb483010837e827b89cc9') in 0.071027 seconds 
========================================================================
Received Import Request.
  Time since last request: 2.709402 seconds.
  path: Assets/Terrain/Platform Prefabs/BasicMap/EnemySpawn.prefab
  artifactKey: Guid(32135c10f480dea40a4bb6bf50b94a8d) Importer(815301076,1909f56bfc062723c751e8b465ee728b)
Start importing Assets/Terrain/Platform Prefabs/BasicMap/EnemySpawn.prefab using Guid(32135c10f480dea40a4bb6bf50b94a8d) Importer(815301076,1909f56bfc062723c751e8b465ee728b)  -> (artifact id: '646d6376fe77bdea75a70c0e15334745') in 0.069328 seconds 
========================================================================
Received Import Request.
  Time since last request: 16.881698 seconds.
  path: Assets/Terrain/Platform Prefabs/BasicMap/BasicRaisedPlatform.prefab
  artifactKey: Guid(977ebd837c0328d4aa754361a3e7c867) Importer(815301076,1909f56bfc062723c751e8b465ee728b)
Start importing Assets/Terrain/Platform Prefabs/BasicMap/BasicRaisedPlatform.prefab using Guid(977ebd837c0328d4aa754361a3e7c867) Importer(815301076,1909f56bfc062723c751e8b465ee728b)  -> (artifact id: 'a6e0a2226d08832acd0b5ad4455271d7') in 0.093287 seconds 
========================================================================
Received Import Request.
  Time since last request: 0.000072 seconds.
  path: Assets/Terrain/Platform Prefabs/BasicMap/JumpWithHole.prefab
  artifactKey: Guid(0b3afafda4adc6a4f9e47335d52f17aa) Importer(815301076,1909f56bfc062723c751e8b465ee728b)
Start importing Assets/Terrain/Platform Prefabs/BasicMap/JumpWithHole.prefab using Guid(0b3afafda4adc6a4f9e47335d52f17aa) Importer(815301076,1909f56bfc062723c751e8b465ee728b)  -> (artifact id: '5dffee1bd5f633462f94ee18cd31c374') in 0.079778 seconds 
========================================================================
Received Import Request.
  Time since last request: 0.000080 seconds.
  path: Assets/Terrain/Platform Prefabs/BasicMap/TwoBenches.prefab
  artifactKey: Guid(4e48d528e5b14254eb49aa006a94ed07) Importer(815301076,1909f56bfc062723c751e8b465ee728b)
Start importing Assets/Terrain/Platform Prefabs/BasicMap/TwoBenches.prefab using Guid(4e48d528e5b14254eb49aa006a94ed07) Importer(815301076,1909f56bfc062723c751e8b465ee728b)  -> (artifact id: '4310ed9dd378a99b9f692dcf836d85af') in 0.083643 seconds 
========================================================================
Received Import Request.
  Time since last request: 0.000053 seconds.
  path: Assets/Terrain/Platform Prefabs/BasicMap/Platform_Base.prefab
  artifactKey: Guid(60a3ebaa01ce8dc469d477401f03964f) Importer(815301076,1909f56bfc062723c751e8b465ee728b)
Start importing Assets/Terrain/Platform Prefabs/BasicMap/Platform_Base.prefab using Guid(60a3ebaa01ce8dc469d477401f03964f) Importer(815301076,1909f56bfc062723c751e8b465ee728b)  -> (artifact id: 'dcc3f25c441b6da1baa4b045b7dc5eae') in 0.057790 seconds 
========================================================================
Received Import Request.
  Time since last request: 8.067839 seconds.
  path: Assets/Terrain/Platform Prefabs/BasicMap/BasicRaisedPlatform.prefab
  artifactKey: Guid(977ebd837c0328d4aa754361a3e7c867) Importer(815301076,1909f56bfc062723c751e8b465ee728b)
Start importing Assets/Terrain/Platform Prefabs/BasicMap/BasicRaisedPlatform.prefab using Guid(977ebd837c0328d4aa754361a3e7c867) Importer(815301076,1909f56bfc062723c751e8b465ee728b)  -> (artifact id: '622068476b677357327820bfa91f53e9') in 0.111358 seconds 
========================================================================
Received Import Request.
  Time since last request: 0.000047 seconds.
  path: Assets/Terrain/Platform Prefabs/BasicMap/JumpWithHole.prefab
  artifactKey: Guid(0b3afafda4adc6a4f9e47335d52f17aa) Importer(815301076,1909f56bfc062723c751e8b465ee728b)
Start importing Assets/Terrain/Platform Prefabs/BasicMap/JumpWithHole.prefab using Guid(0b3afafda4adc6a4f9e47335d52f17aa) Importer(815301076,1909f56bfc062723c751e8b465ee728b)  -> (artifact id: '11eca7095227df300393a5885728a6e3') in 0.119816 seconds 
========================================================================
Received Import Request.
  Time since last request: 0.000058 seconds.
  path: Assets/Terrain/Platform Prefabs/BasicMap/Platform_Base.prefab
  artifactKey: Guid(60a3ebaa01ce8dc469d477401f03964f) Importer(815301076,1909f56bfc062723c751e8b465ee728b)
Start importing Assets/Terrain/Platform Prefabs/BasicMap/Platform_Base.prefab using Guid(60a3ebaa01ce8dc469d477401f03964f) Importer(815301076,1909f56bfc062723c751e8b465ee728b)  -> (artifact id: '319660719d247050512b7b581b392a6b') in 0.077986 seconds 
========================================================================
Received Import Request.
  Time since last request: 3.580729 seconds.
  path: Assets/Terrain/Platform Prefabs/BasicMap/BasicRaisedPlatform.prefab
  artifactKey: Guid(977ebd837c0328d4aa754361a3e7c867) Importer(815301076,1909f56bfc062723c751e8b465ee728b)
Start importing Assets/Terrain/Platform Prefabs/BasicMap/BasicRaisedPlatform.prefab using Guid(977ebd837c0328d4aa754361a3e7c867) Importer(815301076,1909f56bfc062723c751e8b465ee728b)  -> (artifact id: '67c46a5f9b3f54720e87d6f257dabbc6') in 0.099962 seconds 
========================================================================
Received Import Request.
  Time since last request: 0.000043 seconds.
  path: Assets/Terrain/Platform Prefabs/BasicMap/JumpAndFall.prefab
  artifactKey: Guid(86a1a986d1508414ba4c8370a2d5c293) Importer(815301076,1909f56bfc062723c751e8b465ee728b)
Start importing Assets/Terrain/Platform Prefabs/BasicMap/JumpAndFall.prefab using Guid(86a1a986d1508414ba4c8370a2d5c293) Importer(815301076,1909f56bfc062723c751e8b465ee728b)  -> (artifact id: '03b5e580e00fca1017f47ba4c952eb15') in 0.111243 seconds 
========================================================================
Received Import Request.
  Time since last request: 2.530934 seconds.
  path: Assets/Terrain/Platform Prefabs/BasicMap/BasicRaisedPlatform.prefab
  artifactKey: Guid(977ebd837c0328d4aa754361a3e7c867) Importer(815301076,1909f56bfc062723c751e8b465ee728b)
Start importing Assets/Terrain/Platform Prefabs/BasicMap/BasicRaisedPlatform.prefab using Guid(977ebd837c0328d4aa754361a3e7c867) Importer(815301076,1909f56bfc062723c751e8b465ee728b)  -> (artifact id: 'fd2cffc9cc6d1605785660a418fa0a3d') in 0.102814 seconds 
========================================================================
Received Import Request.
  Time since last request: 0.000037 seconds.
  path: Assets/Terrain/Platform Prefabs/BasicMap/JumpAndFall.prefab
  artifactKey: Guid(86a1a986d1508414ba4c8370a2d5c293) Importer(815301076,1909f56bfc062723c751e8b465ee728b)
Start importing Assets/Terrain/Platform Prefabs/BasicMap/JumpAndFall.prefab using Guid(86a1a986d1508414ba4c8370a2d5c293) Importer(815301076,1909f56bfc062723c751e8b465ee728b)  -> (artifact id: '21cb15069eb02d7de7b89d462bc85f16') in 0.100654 seconds 
========================================================================
Received Import Request.
  Time since last request: 14.398387 seconds.
  path: Assets/Terrain/Platform Prefabs/BasicMap/BasicRaisedPlatform.prefab
  artifactKey: Guid(977ebd837c0328d4aa754361a3e7c867) Importer(815301076,1909f56bfc062723c751e8b465ee728b)
Start importing Assets/Terrain/Platform Prefabs/BasicMap/BasicRaisedPlatform.prefab using Guid(977ebd837c0328d4aa754361a3e7c867) Importer(815301076,1909f56bfc062723c751e8b465ee728b)  -> (artifact id: 'cf86c72b0f4f59ca42b37a69c058772e') in 0.110442 seconds 
========================================================================
Received Import Request.
  Time since last request: 0.000154 seconds.
  path: Assets/Terrain/Platform Prefabs/BasicMap/JumpAndFall.prefab
  artifactKey: Guid(86a1a986d1508414ba4c8370a2d5c293) Importer(815301076,1909f56bfc062723c751e8b465ee728b)
Start importing Assets/Terrain/Platform Prefabs/BasicMap/JumpAndFall.prefab using Guid(86a1a986d1508414ba4c8370a2d5c293) Importer(815301076,1909f56bfc062723c751e8b465ee728b)  -> (artifact id: 'f123b673a28f165b506efc23fde5078c') in 0.107400 seconds 
========================================================================
Received Import Request.
  Time since last request: 1.850312 seconds.
  path: Assets/Terrain/Platform Prefabs/BasicMap/BasicRaisedPlatform.prefab
  artifactKey: Guid(977ebd837c0328d4aa754361a3e7c867) Importer(815301076,1909f56bfc062723c751e8b465ee728b)
Start importing Assets/Terrain/Platform Prefabs/BasicMap/BasicRaisedPlatform.prefab using Guid(977ebd837c0328d4aa754361a3e7c867) Importer(815301076,1909f56bfc062723c751e8b465ee728b)  -> (artifact id: '7d37a0f622b61c6f18d8978c97b01ea1') in 0.123524 seconds 
========================================================================
Received Import Request.
  Time since last request: 0.000045 seconds.
  path: Assets/Terrain/Platform Prefabs/BasicMap/JumpAndFall.prefab
  artifactKey: Guid(86a1a986d1508414ba4c8370a2d5c293) Importer(815301076,1909f56bfc062723c751e8b465ee728b)
Start importing Assets/Terrain/Platform Prefabs/BasicMap/JumpAndFall.prefab using Guid(86a1a986d1508414ba4c8370a2d5c293) Importer(815301076,1909f56bfc062723c751e8b465ee728b)  -> (artifact id: 'e6e62cd3a9f9887446d98fc08e38eb4a') in 0.094281 seconds 
========================================================================
Received Import Request.
  Time since last request: 0.000090 seconds.
  path: Assets/Terrain/Platform Prefabs/BasicMap/Platform_Base.prefab
  artifactKey: Guid(60a3ebaa01ce8dc469d477401f03964f) Importer(815301076,1909f56bfc062723c751e8b465ee728b)
Start importing Assets/Terrain/Platform Prefabs/BasicMap/Platform_Base.prefab using Guid(60a3ebaa01ce8dc469d477401f03964f) Importer(815301076,1909f56bfc062723c751e8b465ee728b)  -> (artifact id: 'c0b99ada6a993834ee87407d89539053') in 0.066981 seconds 
========================================================================
Received Import Request.
  Time since last request: 6.104011 seconds.
  path: Assets/Terrain/Platform Prefabs/BasicMap/BasicRaisedPlatform.prefab
  artifactKey: Guid(977ebd837c0328d4aa754361a3e7c867) Importer(815301076,1909f56bfc062723c751e8b465ee728b)
Start importing Assets/Terrain/Platform Prefabs/BasicMap/BasicRaisedPlatform.prefab using Guid(977ebd837c0328d4aa754361a3e7c867) Importer(815301076,1909f56bfc062723c751e8b465ee728b)  -> (artifact id: '1538b68d2619369416aafcd4b12923af') in 0.088591 seconds 
========================================================================
Received Import Request.
  Time since last request: 0.000035 seconds.
  path: Assets/Terrain/Platform Prefabs/BasicMap/JumpWithHole.prefab
  artifactKey: Guid(0b3afafda4adc6a4f9e47335d52f17aa) Importer(815301076,1909f56bfc062723c751e8b465ee728b)
Start importing Assets/Terrain/Platform Prefabs/BasicMap/JumpWithHole.prefab using Guid(0b3afafda4adc6a4f9e47335d52f17aa) Importer(815301076,1909f56bfc062723c751e8b465ee728b)  -> (artifact id: 'ebca55fcc0a6f4db80811aa5018d145a') in 0.075020 seconds 
========================================================================
Received Import Request.
  Time since last request: 0.000037 seconds.
  path: Assets/Terrain/Platform Prefabs/BasicMap/Pyramid.prefab
  artifactKey: Guid(4711509c902b4ba46a3437b372f67108) Importer(815301076,1909f56bfc062723c751e8b465ee728b)
Start importing Assets/Terrain/Platform Prefabs/BasicMap/Pyramid.prefab using Guid(4711509c902b4ba46a3437b372f67108) Importer(815301076,1909f56bfc062723c751e8b465ee728b)  -> (artifact id: '13a1a4f0e1a07f4448a20c9124e6fdce') in 0.052348 seconds 
========================================================================
Received Import Request.
  Time since last request: 1266.282249 seconds.
  path: Assets/Terrain/Platform Prefabs/Positive/BridgeAndFriend.prefab
  artifactKey: Guid(c7729deed7b77714ea93490fdcc9455b) Importer(815301076,1909f56bfc062723c751e8b465ee728b)
Start importing Assets/Terrain/Platform Prefabs/Positive/BridgeAndFriend.prefab using Guid(c7729deed7b77714ea93490fdcc9455b) Importer(815301076,1909f56bfc062723c751e8b465ee728b)  -> (artifact id: 'c9b484b9d63dd3149fd1cf994176d6fb') in 0.395327 seconds 
========================================================================
Received Import Request.
  Time since last request: 0.000030 seconds.
  path: Assets/Terrain/Platform Prefabs/Positive/GoodBaseStep2.prefab
  artifactKey: Guid(6505c91d55731a148b1002e2541d28c3) Importer(815301076,1909f56bfc062723c751e8b465ee728b)
Start importing Assets/Terrain/Platform Prefabs/Positive/GoodBaseStep2.prefab using Guid(6505c91d55731a148b1002e2541d28c3) Importer(815301076,1909f56bfc062723c751e8b465ee728b)  -> (artifact id: '2a7cd3c88e8c3e27030055d9db22a7bc') in 0.089696 seconds 
========================================================================
Received Import Request.
  Time since last request: 0.000049 seconds.
  path: Assets/Terrain/Platform Prefabs/Positive/SpikeJump.prefab
  artifactKey: Guid(cb301ae267d7a8c4d96f8f9f6901c56f) Importer(815301076,1909f56bfc062723c751e8b465ee728b)
Start importing Assets/Terrain/Platform Prefabs/Positive/SpikeJump.prefab using Guid(cb301ae267d7a8c4d96f8f9f6901c56f) Importer(815301076,1909f56bfc062723c751e8b465ee728b)  -> (artifact id: '83e271de72863f3204942bd72b52de54') in 0.072527 seconds 
========================================================================
Received Import Request.
  Time since last request: 2.332302 seconds.
  path: Assets/Terrain/Platform Prefabs/Positive/BenchFenceBench.prefab
  artifactKey: Guid(066983589733ef841bae21b5209924ff) Importer(815301076,1909f56bfc062723c751e8b465ee728b)
Start importing Assets/Terrain/Platform Prefabs/Positive/BenchFenceBench.prefab using Guid(066983589733ef841bae21b5209924ff) Importer(815301076,1909f56bfc062723c751e8b465ee728b)  -> (artifact id: '8bf9351dd98b7909caeed7c69612c3a8') in 0.045440 seconds 
========================================================================
Received Import Request.
  Time since last request: 104.466849 seconds.
  path: Assets/Terrain/Platform Prefabs/Positive/BenchFenceBench.prefab
  artifactKey: Guid(066983589733ef841bae21b5209924ff) Importer(815301076,1909f56bfc062723c751e8b465ee728b)
Start importing Assets/Terrain/Platform Prefabs/Positive/BenchFenceBench.prefab using Guid(066983589733ef841bae21b5209924ff) Importer(815301076,1909f56bfc062723c751e8b465ee728b)  -> (artifact id: '02401cffd47b9424e1e04fe824f51f8b') in 0.052798 seconds 
========================================================================
Received Import Request.
  Time since last request: 0.000037 seconds.
  path: Assets/Terrain/Platform Prefabs/Positive/GoodBaseStep2.prefab
  artifactKey: Guid(6505c91d55731a148b1002e2541d28c3) Importer(815301076,1909f56bfc062723c751e8b465ee728b)
Start importing Assets/Terrain/Platform Prefabs/Positive/GoodBaseStep2.prefab using Guid(6505c91d55731a148b1002e2541d28c3) Importer(815301076,1909f56bfc062723c751e8b465ee728b)  -> (artifact id: '51fb643a71457840f84ad200b05047f3') in 0.073790 seconds 
========================================================================
Received Import Request.
  Time since last request: 0.000206 seconds.
  path: Assets/Terrain/Platform Prefabs/Positive/GoodBase.prefab
  artifactKey: Guid(32b359bc33a003f4f8844ee995c41815) Importer(815301076,1909f56bfc062723c751e8b465ee728b)
Start importing Assets/Terrain/Platform Prefabs/Positive/GoodBase.prefab using Guid(32b359bc33a003f4f8844ee995c41815) Importer(815301076,1909f56bfc062723c751e8b465ee728b)  -> (artifact id: 'a7e33a36082e7b465413d2fe62db790d') in 0.048547 seconds 
========================================================================
Received Import Request.
  Time since last request: 0.000075 seconds.
  path: Assets/Terrain/Platform Prefabs/Positive/ShrubRun.prefab
  artifactKey: Guid(939ee876040ba8241b2eef9312c6b598) Importer(815301076,1909f56bfc062723c751e8b465ee728b)
Start importing Assets/Terrain/Platform Prefabs/Positive/ShrubRun.prefab using Guid(939ee876040ba8241b2eef9312c6b598) Importer(815301076,1909f56bfc062723c751e8b465ee728b)  -> (artifact id: '184a055a0b153e41fdfd429f9a1c5e26') in 0.042434 seconds 
========================================================================
Received Import Request.
  Time since last request: 0.000033 seconds.
  path: Assets/Terrain/Platform Prefabs/Positive/SpikeJump.prefab
  artifactKey: Guid(cb301ae267d7a8c4d96f8f9f6901c56f) Importer(815301076,1909f56bfc062723c751e8b465ee728b)
Start importing Assets/Terrain/Platform Prefabs/Positive/SpikeJump.prefab using Guid(cb301ae267d7a8c4d96f8f9f6901c56f) Importer(815301076,1909f56bfc062723c751e8b465ee728b)  -> (artifact id: 'c5989c49798f37e611d459856ef6c945') in 0.044936 seconds 
========================================================================
Received Import Request.
  Time since last request: 1.602823 seconds.
  path: Assets/Terrain/Platform Prefabs/Positive/ClimbThenJumpGap.prefab
  artifactKey: Guid(2f6b66bda759aa649895162d263ab4cc) Importer(815301076,1909f56bfc062723c751e8b465ee728b)
Start importing Assets/Terrain/Platform Prefabs/Positive/ClimbThenJumpGap.prefab using Guid(2f6b66bda759aa649895162d263ab4cc) Importer(815301076,1909f56bfc062723c751e8b465ee728b)  -> (artifact id: 'd680c69fe5ed1f65ae30250d52457da9') in 0.034565 seconds 
========================================================================
Received Import Request.
  Time since last request: 156.891860 seconds.
  path: Assets/Terrain/Platform Prefabs/Positive/BridgeAndFriend.prefab
  artifactKey: Guid(c7729deed7b77714ea93490fdcc9455b) Importer(815301076,1909f56bfc062723c751e8b465ee728b)
Start importing Assets/Terrain/Platform Prefabs/Positive/BridgeAndFriend.prefab using Guid(c7729deed7b77714ea93490fdcc9455b) Importer(815301076,1909f56bfc062723c751e8b465ee728b)  -> (artifact id: '422a812abd8c6fe612e1cc4d0ab89ef2') in 0.057041 seconds 
========================================================================
Received Import Request.
  Time since last request: 0.000143 seconds.
  path: Assets/Terrain/Platform Prefabs/Positive/ClimbThenJumpGap.prefab
  artifactKey: Guid(2f6b66bda759aa649895162d263ab4cc) Importer(815301076,1909f56bfc062723c751e8b465ee728b)
Start importing Assets/Terrain/Platform Prefabs/Positive/ClimbThenJumpGap.prefab using Guid(2f6b66bda759aa649895162d263ab4cc) Importer(815301076,1909f56bfc062723c751e8b465ee728b)  -> (artifact id: '9d180b6c2862a2103e9d8d2196da2577') in 0.055091 seconds 
========================================================================
Received Import Request.
  Time since last request: 0.000043 seconds.
  path: Assets/Terrain/Platform Prefabs/Positive/GoodBaseStep2.prefab
  artifactKey: Guid(6505c91d55731a148b1002e2541d28c3) Importer(815301076,1909f56bfc062723c751e8b465ee728b)
Start importing Assets/Terrain/Platform Prefabs/Positive/GoodBaseStep2.prefab using Guid(6505c91d55731a148b1002e2541d28c3) Importer(815301076,1909f56bfc062723c751e8b465ee728b)  -> (artifact id: 'cf66bc646c2133b565f850b45dc45312') in 0.056051 seconds 
========================================================================
Received Import Request.
  Time since last request: 0.000062 seconds.
  path: Assets/Terrain/Platform Prefabs/Positive/GoodBase.prefab
  artifactKey: Guid(32b359bc33a003f4f8844ee995c41815) Importer(815301076,1909f56bfc062723c751e8b465ee728b)
Start importing Assets/Terrain/Platform Prefabs/Positive/GoodBase.prefab using Guid(32b359bc33a003f4f8844ee995c41815) Importer(815301076,1909f56bfc062723c751e8b465ee728b)  -> (artifact id: 'f85a2f70e78cbf5e85d2627bbb9bae71') in 0.043838 seconds 
========================================================================
Received Import Request.
  Time since last request: 0.000038 seconds.
  path: Assets/Terrain/Platform Prefabs/Positive/ShrubRun.prefab
  artifactKey: Guid(939ee876040ba8241b2eef9312c6b598) Importer(815301076,1909f56bfc062723c751e8b465ee728b)
Start importing Assets/Terrain/Platform Prefabs/Positive/ShrubRun.prefab using Guid(939ee876040ba8241b2eef9312c6b598) Importer(815301076,1909f56bfc062723c751e8b465ee728b)  -> (artifact id: '6f1a35619102af75adc7ceb11c7dca65') in 0.036186 seconds 
Editor requested this worker to shutdown with reason: Scaling down because of idle timeout
AssetImportWorker is now disconnected from the server
Process exiting
Exiting without the bug reporter. Application will terminate with return code 0