Using pre-set license
Built from '2021.3/staging' branch; Version is '2021.3.14f1 (eee1884e7226) revision 15655304'; Using compiler version '192829333'; Build Type 'Release'
OS: 'Windows 10  (10.0.19045) 64bit Professional' Language: 'en' Physical Memory: 16241 MB
BatchMode: 1, IsHumanControllingUs: 0, StartBugReporterOnCrash: 0, Is64bit: 1, IsPro: 1

COMMAND LINE ARGUMENTS:
C:\Program Files\Unity\Hub\Editor\2021.3.14f1\Editor\Unity.exe
-adb2
-batchMode
-noUpm
-name
AssetImportWorker12
-projectPath
C:/Users/Gigabyte/OneDrive/Documents/GitHub/GameJam2022/FakeGameJam
-logFile
Logs/AssetImportWorker12.log
-srvPort
65533
Successfully changed project path to: C:/Users/Gigabyte/OneDrive/Documents/GitHub/GameJam2022/FakeGameJam
C:/Users/Gigabyte/OneDrive/Documents/GitHub/GameJam2022/FakeGameJam
[UnityMemory] Configuration Parameters - Can be set up in boot.config
    "memorysetup-bucket-allocator-granularity=16"
    "memorysetup-bucket-allocator-bucket-count=8"
    "memorysetup-bucket-allocator-block-size=33554432"
    "memorysetup-bucket-allocator-block-count=8"
    "memorysetup-main-allocator-block-size=16777216"
    "memorysetup-thread-allocator-block-size=16777216"
    "memorysetup-gfx-main-allocator-block-size=16777216"
    "memorysetup-gfx-thread-allocator-block-size=16777216"
    "memorysetup-cache-allocator-block-size=4194304"
    "memorysetup-typetree-allocator-block-size=2097152"
    "memorysetup-profiler-bucket-allocator-granularity=16"
    "memorysetup-profiler-bucket-allocator-bucket-count=8"
    "memorysetup-profiler-bucket-allocator-block-size=33554432"
    "memorysetup-profiler-bucket-allocator-block-count=8"
    "memorysetup-profiler-allocator-block-size=16777216"
    "memorysetup-profiler-editor-allocator-block-size=1048576"
    "memorysetup-temp-allocator-size-main=16777216"
    "memorysetup-job-temp-allocator-block-size=2097152"
    "memorysetup-job-temp-allocator-block-size-background=1048576"
    "memorysetup-job-temp-allocator-reduction-small-platforms=262144"
    "memorysetup-temp-allocator-size-background-worker=32768"
    "memorysetup-temp-allocator-size-job-worker=262144"
    "memorysetup-temp-allocator-size-preload-manager=33554432"
    "memorysetup-temp-allocator-size-nav-mesh-worker=65536"
    "memorysetup-temp-allocator-size-audio-worker=65536"
    "memorysetup-temp-allocator-size-cloud-worker=32768"
    "memorysetup-temp-allocator-size-gi-baking-worker=262144"
    "memorysetup-temp-allocator-size-gfx=262144"
Refreshing native plugins compatible for Editor in 135.22 ms, found 4 plugins.
Preloading 0 native plugins for Editor in 0.00 ms.
Initialize engine version: 2021.3.14f1 (eee1884e7226)
[Subsystems] Discovering subsystems at path C:/Program Files/Unity/Hub/Editor/2021.3.14f1/Editor/Data/Resources/UnitySubsystems
[Subsystems] Discovering subsystems at path C:/Users/Gigabyte/OneDrive/Documents/GitHub/GameJam2022/FakeGameJam/Assets
GfxDevice: creating device client; threaded=0; jobified=0
Direct3D:
    Version:  Direct3D 11.0 [level 11.1]
    Renderer: NVIDIA GeForce RTX 2060 (ID=0x1f11)
    Vendor:   NVIDIA
    VRAM:     5980 MB
    Driver:   31.0.15.1661
Initialize mono
Mono path[0] = 'C:/Program Files/Unity/Hub/Editor/2021.3.14f1/Editor/Data/Managed'
Mono path[1] = 'C:/Program Files/Unity/Hub/Editor/2021.3.14f1/Editor/Data/MonoBleedingEdge/lib/mono/unityjit-win32'
Mono config path = 'C:/Program Files/Unity/Hub/Editor/2021.3.14f1/Editor/Data/MonoBleedingEdge/etc'
Using monoOptions --debugger-agent=transport=dt_socket,embedding=1,server=y,suspend=n,address=127.0.0.1:56952
Begin MonoManager ReloadAssembly
Registering precompiled unity dll's ...
Register platform support module: C:/Program Files/Unity/Hub/Editor/2021.3.14f1/Editor/Data/PlaybackEngines/WebGLSupport/UnityEditor.WebGL.Extensions.dll
Register platform support module: C:/Program Files/Unity/Hub/Editor/2021.3.14f1/Editor/Data/PlaybackEngines/MacStandaloneSupport/UnityEditor.OSXStandalone.Extensions.dll
Register platform support module: C:/Program Files/Unity/Hub/Editor/2021.3.14f1/Editor/Data/PlaybackEngines/WindowsStandaloneSupport/UnityEditor.WindowsStandalone.Extensions.dll
Register platform support module: C:/Program Files/Unity/Hub/Editor/2021.3.14f1/Editor/Data/PlaybackEngines/MetroSupport/UnityEditor.UWP.Extensions.dll
Registered in 0.015720 seconds.
Native extension for UWP target not found
Native extension for WindowsStandalone target not found
Native extension for OSXStandalone target not found
Native extension for WebGL target not found
Refreshing native plugins compatible for Editor in 129.40 ms, found 4 plugins.
Preloading 0 native plugins for Editor in 0.00 ms.
Mono: successfully reloaded assembly
- Completed reload, in  0.850 seconds
Domain Reload Profiling:
	ReloadAssembly (851ms)
		BeginReloadAssembly (102ms)
			ExecutionOrderSort (0ms)
			DisableScriptedObjects (0ms)
			BackupInstance (0ms)
			ReleaseScriptingObjects (0ms)
			CreateAndSetChildDomain (1ms)
		EndReloadAssembly (608ms)
			LoadAssemblies (100ms)
			RebuildTransferFunctionScriptingTraits (0ms)
			SetupTypeCache (139ms)
			ReleaseScriptCaches (0ms)
			RebuildScriptCaches (32ms)
			SetupLoadedEditorAssemblies (376ms)
				LogAssemblyErrors (0ms)
				InitializePlatformSupportModulesInManaged (20ms)
				SetLoadedEditorAssemblies (0ms)
				RefreshPlugins (129ms)
				BeforeProcessingInitializeOnLoad (1ms)
				ProcessInitializeOnLoadAttributes (167ms)
				ProcessInitializeOnLoadMethodAttributes (58ms)
				AfterProcessingInitializeOnLoad (0ms)
				EditorAssembliesLoaded (0ms)
			ExecutionOrderSort2 (0ms)
			AwakeInstancesAfterBackupRestoration (0ms)
Platform modules already initialized, skipping
Registering precompiled user dll's ...
Registered in 0.012850 seconds.
Begin MonoManager ReloadAssembly
Symbol file LoadedFromMemory doesn't match image C:\Users\Gigabyte\OneDrive\Documents\GitHub\GameJam2022\FakeGameJam\Library\PackageCache\com.unity.visualscripting@1.7.8\Editor\VisualScripting.Core\Dependencies\YamlDotNet\Unity.VisualScripting.YamlDotNet.dll
Symbol file LoadedFromMemory doesn't match image C:\Users\Gigabyte\OneDrive\Documents\GitHub\GameJam2022\FakeGameJam\Library\PackageCache\com.unity.visualscripting@1.7.8\Editor\VisualScripting.Core\Dependencies\DotNetZip\Unity.VisualScripting.IonicZip.dll
Native extension for UWP target not found
Native extension for WindowsStandalone target not found
Native extension for OSXStandalone target not found
Native extension for WebGL target not found
Refreshing native plugins compatible for Editor in 122.65 ms, found 4 plugins.
Preloading 0 native plugins for Editor in 0.00 ms.
Mono: successfully reloaded assembly
- Completed reload, in  1.557 seconds
Domain Reload Profiling:
	ReloadAssembly (1558ms)
		BeginReloadAssembly (143ms)
			ExecutionOrderSort (0ms)
			DisableScriptedObjects (7ms)
			BackupInstance (0ms)
			ReleaseScriptingObjects (0ms)
			CreateAndSetChildDomain (22ms)
		EndReloadAssembly (1252ms)
			LoadAssemblies (132ms)
			RebuildTransferFunctionScriptingTraits (0ms)
			SetupTypeCache (357ms)
			ReleaseScriptCaches (1ms)
			RebuildScriptCaches (72ms)
			SetupLoadedEditorAssemblies (638ms)
				LogAssemblyErrors (0ms)
				InitializePlatformSupportModulesInManaged (14ms)
				SetLoadedEditorAssemblies (0ms)
				RefreshPlugins (123ms)
				BeforeProcessingInitializeOnLoad (148ms)
				ProcessInitializeOnLoadAttributes (299ms)
				ProcessInitializeOnLoadMethodAttributes (42ms)
				AfterProcessingInitializeOnLoad (12ms)
				EditorAssembliesLoaded (0ms)
			ExecutionOrderSort2 (0ms)
			AwakeInstancesAfterBackupRestoration (16ms)
Platform modules already initialized, skipping
========================================================================
Worker process is ready to serve import requests
Launched and connected shader compiler UnityShaderCompiler.exe after 0.06 seconds
Refreshing native plugins compatible for Editor in 0.78 ms, found 4 plugins.
Preloading 0 native plugins for Editor in 0.00 ms.
Unloading 4208 Unused Serialized files (Serialized files now loaded: 0)
Unloading 45 unused Assets / (229.1 KB). Loaded Objects now: 4660.
Memory consumption went from 159.0 MB to 158.7 MB.
Total: 4.417700 ms (FindLiveObjects: 0.367700 ms CreateObjectMapping: 0.282800 ms MarkObjects: 3.562500 ms  DeleteObjects: 0.203300 ms)

AssetImportParameters requested are different than current active one (requested -> active):
  custom:video-decoder-ogg-theora: a1e56fd34408186e4bbccfd4996cb3dc -> 
  custom:container-muxer-webm: aa71ff27fc2769a1b78a27578f13a17b -> 
  custom:container-demuxer-webm: 4f35f7cbe854078d1ac9338744f61a02 -> 
  custom:video-encoder-webm-vp8: eb34c28f22e8b96e1ab97ce403110664 -> 
  custom:video-codec-MediaFoundation-h265: 746d11721c4dcdbdad8f713fa42b33f4 -> 
  custom:audio-encoder-webm-vorbis: bf7c407c2cedff20999df2af8eb42d56 -> 
  custom:framework-win-MediaFoundation: 216162199b28c13a410421893ffa2e32 -> 
  custom:container-demuxer-ogg: 62fdf1f143b41e24485cea50d1cbac27 -> 
  custom:video-decoder-webm-vp8: 9c59270c3fd7afecdb556c50c9e8de78 -> 
  custom:audio-decoder-ogg-vorbis: bf7c407c2cedff20999df2af8eb42d56 -> 
========================================================================
Received Import Request.
  Time since last request: 65087.043934 seconds.
  path: Assets/Terrain/Platform Prefabs/Negative/BarbedWireJump.prefab
  artifactKey: Guid(8fdb9e2e44336f442a6e63def07ee0c7) Importer(815301076,1909f56bfc062723c751e8b465ee728b)
Start importing Assets/Terrain/Platform Prefabs/Negative/BarbedWireJump.prefab using Guid(8fdb9e2e44336f442a6e63def07ee0c7) Importer(815301076,1909f56bfc062723c751e8b465ee728b)  -> (artifact id: '56bddbaad870e51f7432102965246ef9') in 0.181252 seconds 
========================================================================
Received Import Request.
  Time since last request: 1.895977 seconds.
  path: Assets/Terrain/Platform Prefabs/Negative/BarbedWireJump.prefab
  artifactKey: Guid(8fdb9e2e44336f442a6e63def07ee0c7) Importer(815301076,1909f56bfc062723c751e8b465ee728b)
Start importing Assets/Terrain/Platform Prefabs/Negative/BarbedWireJump.prefab using Guid(8fdb9e2e44336f442a6e63def07ee0c7) Importer(815301076,1909f56bfc062723c751e8b465ee728b)  -> (artifact id: '45aa792324739ac66972e63d5996ef79') in 0.018407 seconds 
========================================================================
Received Import Request.
  Time since last request: 2.047573 seconds.
  path: Assets/Terrain/Platform Prefabs/Negative/BarbedWireJump.prefab
  artifactKey: Guid(8fdb9e2e44336f442a6e63def07ee0c7) Importer(815301076,1909f56bfc062723c751e8b465ee728b)
Start importing Assets/Terrain/Platform Prefabs/Negative/BarbedWireJump.prefab using Guid(8fdb9e2e44336f442a6e63def07ee0c7) Importer(815301076,1909f56bfc062723c751e8b465ee728b)  -> (artifact id: 'c1572f25b10c6936a8e376fbc0b27778') in 0.017779 seconds 
========================================================================
Received Import Request.
  Time since last request: 0.000025 seconds.
  path: Assets/Terrain/Platform Prefabs/Negative/DoubleJumpTest.prefab
  artifactKey: Guid(e5434eeab92e8ef4ea8370d83bf185de) Importer(815301076,1909f56bfc062723c751e8b465ee728b)
Start importing Assets/Terrain/Platform Prefabs/Negative/DoubleJumpTest.prefab using Guid(e5434eeab92e8ef4ea8370d83bf185de) Importer(815301076,1909f56bfc062723c751e8b465ee728b)  -> (artifact id: 'ff78dc9632f9f060ec847cd6a321f74c') in 0.018178 seconds 
========================================================================
Received Import Request.
  Time since last request: 5.090393 seconds.
  path: Assets/Terrain/Platform Prefabs/Negative/BarbedWireJump.prefab
  artifactKey: Guid(8fdb9e2e44336f442a6e63def07ee0c7) Importer(815301076,1909f56bfc062723c751e8b465ee728b)
Start importing Assets/Terrain/Platform Prefabs/Negative/BarbedWireJump.prefab using Guid(8fdb9e2e44336f442a6e63def07ee0c7) Importer(815301076,1909f56bfc062723c751e8b465ee728b)  -> (artifact id: '35bd111854f4d94dfc581ccaf4441b36') in 0.019128 seconds 
========================================================================
Received Import Request.
  Time since last request: 4.361167 seconds.
  path: Assets/Terrain/Platform Prefabs/Negative/BadBasicPlane.prefab
  artifactKey: Guid(40e8ea75827ecd64f9fd3fbcf0abddb2) Importer(815301076,1909f56bfc062723c751e8b465ee728b)
Start importing Assets/Terrain/Platform Prefabs/Negative/BadBasicPlane.prefab using Guid(40e8ea75827ecd64f9fd3fbcf0abddb2) Importer(815301076,1909f56bfc062723c751e8b465ee728b)  -> (artifact id: 'c9c3808f21f33640f57e3ba477886632') in 0.016462 seconds 
========================================================================
Received Import Request.
  Time since last request: 0.000021 seconds.
  path: Assets/Terrain/Platform Prefabs/Negative/DoubleJumpTest.prefab
  artifactKey: Guid(e5434eeab92e8ef4ea8370d83bf185de) Importer(815301076,1909f56bfc062723c751e8b465ee728b)
Start importing Assets/Terrain/Platform Prefabs/Negative/DoubleJumpTest.prefab using Guid(e5434eeab92e8ef4ea8370d83bf185de) Importer(815301076,1909f56bfc062723c751e8b465ee728b)  -> (artifact id: 'c15c1bf51a6195b8a048c58c0d9490da') in 0.017487 seconds 
========================================================================
Received Import Request.
  Time since last request: 2.911816 seconds.
  path: Assets/Terrain/Platform Prefabs/Negative/BarbedWireJump.prefab
  artifactKey: Guid(8fdb9e2e44336f442a6e63def07ee0c7) Importer(815301076,1909f56bfc062723c751e8b465ee728b)
Start importing Assets/Terrain/Platform Prefabs/Negative/BarbedWireJump.prefab using Guid(8fdb9e2e44336f442a6e63def07ee0c7) Importer(815301076,1909f56bfc062723c751e8b465ee728b)  -> (artifact id: 'f1dcbeca54edf8688a5b8303b93ccd38') in 0.016666 seconds 
========================================================================
Received Import Request.
  Time since last request: 0.000042 seconds.
  path: Assets/Terrain/Platform Prefabs/Negative/WallRun.prefab
  artifactKey: Guid(38fdaf59e6581e845a2be102f97474fd) Importer(815301076,1909f56bfc062723c751e8b465ee728b)
Start importing Assets/Terrain/Platform Prefabs/Negative/WallRun.prefab using Guid(38fdaf59e6581e845a2be102f97474fd) Importer(815301076,1909f56bfc062723c751e8b465ee728b)  -> (artifact id: 'eb2b1e9a91747b98551d4710a4fa2045') in 0.017630 seconds 
========================================================================
Received Import Request.
  Time since last request: 3.308064 seconds.
  path: Assets/Terrain/Platform Prefabs/Negative/BarbedWireJump.prefab
  artifactKey: Guid(8fdb9e2e44336f442a6e63def07ee0c7) Importer(815301076,1909f56bfc062723c751e8b465ee728b)
Start importing Assets/Terrain/Platform Prefabs/Negative/BarbedWireJump.prefab using Guid(8fdb9e2e44336f442a6e63def07ee0c7) Importer(815301076,1909f56bfc062723c751e8b465ee728b)  -> (artifact id: '8369cd84ed1fb30785a4444c11d4a803') in 0.017908 seconds 
========================================================================
Received Import Request.
  Time since last request: 0.000022 seconds.
  path: Assets/Terrain/Platform Prefabs/Negative/WallRun.prefab
  artifactKey: Guid(38fdaf59e6581e845a2be102f97474fd) Importer(815301076,1909f56bfc062723c751e8b465ee728b)
Start importing Assets/Terrain/Platform Prefabs/Negative/WallRun.prefab using Guid(38fdaf59e6581e845a2be102f97474fd) Importer(815301076,1909f56bfc062723c751e8b465ee728b)  -> (artifact id: 'd1c1a129a00269bc45c4d99f66c0bb3b') in 0.015690 seconds 
========================================================================
Received Import Request.
  Time since last request: 6.461029 seconds.
  path: Assets/Terrain/Platform Prefabs/Negative/Bridge.prefab
  artifactKey: Guid(901cccde22af38d40912d134ae9e36d5) Importer(815301076,1909f56bfc062723c751e8b465ee728b)
Start importing Assets/Terrain/Platform Prefabs/Negative/Bridge.prefab using Guid(901cccde22af38d40912d134ae9e36d5) Importer(815301076,1909f56bfc062723c751e8b465ee728b)  -> (artifact id: '2b5d338e4f7846c556441c275d8e6614') in 0.017753 seconds 
========================================================================
Received Import Request.
  Time since last request: 0.000019 seconds.
  path: Assets/Terrain/Platform Prefabs/Negative/jumpAndFallIntoWire.prefab
  artifactKey: Guid(42d9e8c35e6e74c4095840d00c615cba) Importer(815301076,1909f56bfc062723c751e8b465ee728b)
Start importing Assets/Terrain/Platform Prefabs/Negative/jumpAndFallIntoWire.prefab using Guid(42d9e8c35e6e74c4095840d00c615cba) Importer(815301076,1909f56bfc062723c751e8b465ee728b)  -> (artifact id: 'f5f04eaf5c4c93ea788e9b4616bfcdf1') in 0.018916 seconds 
========================================================================
Received Import Request.
  Time since last request: 3.912696 seconds.
  path: Assets/Terrain/Platform Prefabs/Negative/BarbedWireJump.prefab
  artifactKey: Guid(8fdb9e2e44336f442a6e63def07ee0c7) Importer(815301076,1909f56bfc062723c751e8b465ee728b)
Start importing Assets/Terrain/Platform Prefabs/Negative/BarbedWireJump.prefab using Guid(8fdb9e2e44336f442a6e63def07ee0c7) Importer(815301076,1909f56bfc062723c751e8b465ee728b)  -> (artifact id: '1a205ba012b135809aeb21a44fcccc40') in 0.015970 seconds 
========================================================================
Received Import Request.
  Time since last request: 0.000023 seconds.
  path: Assets/Terrain/Platform Prefabs/Negative/WallRun.prefab
  artifactKey: Guid(38fdaf59e6581e845a2be102f97474fd) Importer(815301076,1909f56bfc062723c751e8b465ee728b)
Start importing Assets/Terrain/Platform Prefabs/Negative/WallRun.prefab using Guid(38fdaf59e6581e845a2be102f97474fd) Importer(815301076,1909f56bfc062723c751e8b465ee728b)  -> (artifact id: '75d22ebd39e956df6125452c28150381') in 0.018638 seconds 
========================================================================
Received Import Request.
  Time since last request: 2.425018 seconds.
  path: Assets/Terrain/Platform Prefabs/Negative/BarbedWireJump.prefab
  artifactKey: Guid(8fdb9e2e44336f442a6e63def07ee0c7) Importer(815301076,1909f56bfc062723c751e8b465ee728b)
Start importing Assets/Terrain/Platform Prefabs/Negative/BarbedWireJump.prefab using Guid(8fdb9e2e44336f442a6e63def07ee0c7) Importer(815301076,1909f56bfc062723c751e8b465ee728b)  -> (artifact id: 'ad211953212bf3cf4bff3e449f65c2f2') in 0.018537 seconds 
========================================================================
Received Import Request.
  Time since last request: 0.000159 seconds.
  path: Assets/Terrain/Platform Prefabs/Negative/WallRun.prefab
  artifactKey: Guid(38fdaf59e6581e845a2be102f97474fd) Importer(815301076,1909f56bfc062723c751e8b465ee728b)
Start importing Assets/Terrain/Platform Prefabs/Negative/WallRun.prefab using Guid(38fdaf59e6581e845a2be102f97474fd) Importer(815301076,1909f56bfc062723c751e8b465ee728b)  -> (artifact id: '0bb90b66ea3307d5ebc974fbfeb241bf') in 0.017002 seconds 
========================================================================
Received Prepare
Registering precompiled user dll's ...
Registered in 0.012159 seconds.
Begin MonoManager ReloadAssembly
Symbol file LoadedFromMemory doesn't match image C:\Users\Gigabyte\OneDrive\Documents\GitHub\GameJam2022\FakeGameJam\Library\PackageCache\com.unity.visualscripting@1.7.8\Editor\VisualScripting.Core\Dependencies\YamlDotNet\Unity.VisualScripting.YamlDotNet.dll
Symbol file LoadedFromMemory doesn't match image C:\Users\Gigabyte\OneDrive\Documents\GitHub\GameJam2022\FakeGameJam\Library\PackageCache\com.unity.visualscripting@1.7.8\Editor\VisualScripting.Core\Dependencies\DotNetZip\Unity.VisualScripting.IonicZip.dll
Native extension for UWP target not found
Native extension for WindowsStandalone target not found
Native extension for OSXStandalone target not found
Native extension for WebGL target not found
Refreshing native plugins compatible for Editor in 1.16 ms, found 4 plugins.
Preloading 0 native plugins for Editor in 0.00 ms.
Mono: successfully reloaded assembly
- Completed reload, in  1.580 seconds
Domain Reload Profiling:
	ReloadAssembly (1581ms)
		BeginReloadAssembly (199ms)
			ExecutionOrderSort (0ms)
			DisableScriptedObjects (8ms)
			BackupInstance (0ms)
			ReleaseScriptingObjects (0ms)
			CreateAndSetChildDomain (47ms)
		EndReloadAssembly (1229ms)
			LoadAssemblies (156ms)
			RebuildTransferFunctionScriptingTraits (0ms)
			SetupTypeCache (380ms)
			ReleaseScriptCaches (2ms)
			RebuildScriptCaches (74ms)
			SetupLoadedEditorAssemblies (546ms)
				LogAssemblyErrors (0ms)
				InitializePlatformSupportModulesInManaged (31ms)
				SetLoadedEditorAssemblies (1ms)
				RefreshPlugins (1ms)
				BeforeProcessingInitializeOnLoad (142ms)
				ProcessInitializeOnLoadAttributes (305ms)
				ProcessInitializeOnLoadMethodAttributes (48ms)
				AfterProcessingInitializeOnLoad (17ms)
				EditorAssembliesLoaded (0ms)
			ExecutionOrderSort2 (0ms)
			AwakeInstancesAfterBackupRestoration (20ms)
Platform modules already initialized, skipping
Refreshing native plugins compatible for Editor in 4.93 ms, found 4 plugins.
Preloading 0 native plugins for Editor in 0.00 ms.
Unloading 4186 Unused Serialized files (Serialized files now loaded: 0)
Unloading 32 unused Assets / (195.8 KB). Loaded Objects now: 4671.
Memory consumption went from 161.6 MB to 161.4 MB.
Total: 4.671800 ms (FindLiveObjects: 0.337000 ms CreateObjectMapping: 0.253400 ms MarkObjects: 3.907600 ms  DeleteObjects: 0.172700 ms)

AssetImportParameters requested are different than current active one (requested -> active):
  custom:video-decoder-ogg-theora: a1e56fd34408186e4bbccfd4996cb3dc -> 
  custom:container-muxer-webm: aa71ff27fc2769a1b78a27578f13a17b -> 
  custom:container-demuxer-webm: 4f35f7cbe854078d1ac9338744f61a02 -> 
  custom:video-encoder-webm-vp8: eb34c28f22e8b96e1ab97ce403110664 -> 
  custom:video-codec-MediaFoundation-h265: 746d11721c4dcdbdad8f713fa42b33f4 -> 
  custom:audio-encoder-webm-vorbis: bf7c407c2cedff20999df2af8eb42d56 -> 
  custom:framework-win-MediaFoundation: 216162199b28c13a410421893ffa2e32 -> 
  custom:container-demuxer-ogg: 62fdf1f143b41e24485cea50d1cbac27 -> 
  custom:video-decoder-webm-vp8: 9c59270c3fd7afecdb556c50c9e8de78 -> 
  custom:audio-decoder-ogg-vorbis: bf7c407c2cedff20999df2af8eb42d56 -> 
========================================================================
Received Import Request.
  Time since last request: 88.063227 seconds.
  path: Assets/Terrain/Platform Prefabs/Negative/BarbedWireJump.prefab
  artifactKey: Guid(8fdb9e2e44336f442a6e63def07ee0c7) Importer(815301076,1909f56bfc062723c751e8b465ee728b)
Start importing Assets/Terrain/Platform Prefabs/Negative/BarbedWireJump.prefab using Guid(8fdb9e2e44336f442a6e63def07ee0c7) Importer(815301076,1909f56bfc062723c751e8b465ee728b)  -> (artifact id: '0c14858e405fe0ecfabdd7b88f83fef4') in 0.096294 seconds 
========================================================================
Received Import Request.
  Time since last request: 0.000025 seconds.
  path: Assets/Terrain/Platform Prefabs/Negative/Bridge.prefab
  artifactKey: Guid(901cccde22af38d40912d134ae9e36d5) Importer(815301076,1909f56bfc062723c751e8b465ee728b)
Start importing Assets/Terrain/Platform Prefabs/Negative/Bridge.prefab using Guid(901cccde22af38d40912d134ae9e36d5) Importer(815301076,1909f56bfc062723c751e8b465ee728b)  -> (artifact id: 'fe8d654b8a247008d513d8af07cb5023') in 0.014958 seconds 
========================================================================
Received Import Request.
  Time since last request: 0.000036 seconds.
  path: Assets/Terrain/Platform Prefabs/Negative/jumpAndFallIntoWire.prefab
  artifactKey: Guid(42d9e8c35e6e74c4095840d00c615cba) Importer(815301076,1909f56bfc062723c751e8b465ee728b)
Start importing Assets/Terrain/Platform Prefabs/Negative/jumpAndFallIntoWire.prefab using Guid(42d9e8c35e6e74c4095840d00c615cba) Importer(815301076,1909f56bfc062723c751e8b465ee728b)  -> (artifact id: 'e95e5f563bcd4de816c647971b382513') in 0.016228 seconds 
========================================================================
Received Import Request.
  Time since last request: 23.245327 seconds.
  path: Assets/Terrain/Platform Prefabs/Negative/BarbedWireJump.prefab
  artifactKey: Guid(8fdb9e2e44336f442a6e63def07ee0c7) Importer(815301076,1909f56bfc062723c751e8b465ee728b)
Start importing Assets/Terrain/Platform Prefabs/Negative/BarbedWireJump.prefab using Guid(8fdb9e2e44336f442a6e63def07ee0c7) Importer(815301076,1909f56bfc062723c751e8b465ee728b)  -> (artifact id: '632c7c1fbbf7a88e5f7f86e93ec0f1da') in 0.017901 seconds 
========================================================================
Received Import Request.
  Time since last request: 0.000053 seconds.
  path: Assets/Terrain/Platform Prefabs/Negative/jumpAndFallIntoWire.prefab
  artifactKey: Guid(42d9e8c35e6e74c4095840d00c615cba) Importer(815301076,1909f56bfc062723c751e8b465ee728b)
Start importing Assets/Terrain/Platform Prefabs/Negative/jumpAndFallIntoWire.prefab using Guid(42d9e8c35e6e74c4095840d00c615cba) Importer(815301076,1909f56bfc062723c751e8b465ee728b)  -> (artifact id: 'adf3022b976b00bd6d7d31578fcc30c4') in 0.016926 seconds 
========================================================================
Received Import Request.
  Time since last request: 11.142571 seconds.
  path: Assets/Terrain/Platform Prefabs/Negative/BarbedWireJump.prefab
  artifactKey: Guid(8fdb9e2e44336f442a6e63def07ee0c7) Importer(815301076,1909f56bfc062723c751e8b465ee728b)
Start importing Assets/Terrain/Platform Prefabs/Negative/BarbedWireJump.prefab using Guid(8fdb9e2e44336f442a6e63def07ee0c7) Importer(815301076,1909f56bfc062723c751e8b465ee728b)  -> (artifact id: 'f65cd67bfdfe27f4104f63ed2299e29c') in 0.017304 seconds 
========================================================================
Received Import Request.
  Time since last request: 0.000018 seconds.
  path: Assets/Terrain/Platform Prefabs/Negative/WallRun.prefab
  artifactKey: Guid(38fdaf59e6581e845a2be102f97474fd) Importer(815301076,1909f56bfc062723c751e8b465ee728b)
Start importing Assets/Terrain/Platform Prefabs/Negative/WallRun.prefab using Guid(38fdaf59e6581e845a2be102f97474fd) Importer(815301076,1909f56bfc062723c751e8b465ee728b)  -> (artifact id: '57d943ea24f40ec42368a754d86ec94b') in 0.018447 seconds 
========================================================================
Received Import Request.
  Time since last request: 6.453290 seconds.
  path: Assets/Terrain/Platform Prefabs/Negative/BarbedWireJump.prefab
  artifactKey: Guid(8fdb9e2e44336f442a6e63def07ee0c7) Importer(815301076,1909f56bfc062723c751e8b465ee728b)
Start importing Assets/Terrain/Platform Prefabs/Negative/BarbedWireJump.prefab using Guid(8fdb9e2e44336f442a6e63def07ee0c7) Importer(815301076,1909f56bfc062723c751e8b465ee728b)  -> (artifact id: '0b0af19db4693668119c322e0057e630') in 0.015711 seconds 
========================================================================
Received Import Request.
  Time since last request: 0.000068 seconds.
  path: Assets/Terrain/Platform Prefabs/Negative/WallRun.prefab
  artifactKey: Guid(38fdaf59e6581e845a2be102f97474fd) Importer(815301076,1909f56bfc062723c751e8b465ee728b)
Start importing Assets/Terrain/Platform Prefabs/Negative/WallRun.prefab using Guid(38fdaf59e6581e845a2be102f97474fd) Importer(815301076,1909f56bfc062723c751e8b465ee728b)  -> (artifact id: 'b8c8eef47b091bb16a205b2c6cf7fb25') in 0.019966 seconds 
========================================================================
Received Import Request.
  Time since last request: 241.461714 seconds.
  path: Assets/Terrain/Platform Prefabs/Positive/GoodBase.prefab
  artifactKey: Guid(32b359bc33a003f4f8844ee995c41815) Importer(815301076,1909f56bfc062723c751e8b465ee728b)
Start importing Assets/Terrain/Platform Prefabs/Positive/GoodBase.prefab using Guid(32b359bc33a003f4f8844ee995c41815) Importer(815301076,1909f56bfc062723c751e8b465ee728b)  -> (artifact id: '23d972009b9af215d93577d3c5f445ec') in 0.021261 seconds 
========================================================================
Received Import Request.
  Time since last request: 3.903677 seconds.
  path: Assets/Terrain/Platform Prefabs/Positive/GoodBase.prefab
  artifactKey: Guid(32b359bc33a003f4f8844ee995c41815) Importer(815301076,1909f56bfc062723c751e8b465ee728b)
Start importing Assets/Terrain/Platform Prefabs/Positive/GoodBase.prefab using Guid(32b359bc33a003f4f8844ee995c41815) Importer(815301076,1909f56bfc062723c751e8b465ee728b)  -> (artifact id: '2651c25bb365e8730dc04cac5d3ccf0d') in 0.021560 seconds 
========================================================================
Received Import Request.
  Time since last request: 0.000066 seconds.
  path: Assets/Terrain/Platform Prefabs/Positive/SpikeJump.prefab
  artifactKey: Guid(cb301ae267d7a8c4d96f8f9f6901c56f) Importer(815301076,1909f56bfc062723c751e8b465ee728b)
Start importing Assets/Terrain/Platform Prefabs/Positive/SpikeJump.prefab using Guid(cb301ae267d7a8c4d96f8f9f6901c56f) Importer(815301076,1909f56bfc062723c751e8b465ee728b)  -> (artifact id: '430e5259d645693c93c49cd958075154') in 0.027955 seconds 
========================================================================
Received Import Request.
  Time since last request: 0.747577 seconds.
  path: Assets/Terrain/Platform Prefabs/Positive/GoodBase.prefab
  artifactKey: Guid(32b359bc33a003f4f8844ee995c41815) Importer(815301076,1909f56bfc062723c751e8b465ee728b)
Start importing Assets/Terrain/Platform Prefabs/Positive/GoodBase.prefab using Guid(32b359bc33a003f4f8844ee995c41815) Importer(815301076,1909f56bfc062723c751e8b465ee728b)  -> (artifact id: '75963cc39ed8862a1f90e9d4f1ebfb9d') in 0.023021 seconds 
========================================================================
Received Import Request.
  Time since last request: 0.576563 seconds.
  path: Assets/Terrain/Platform Prefabs/Positive/GoodBase.prefab
  artifactKey: Guid(32b359bc33a003f4f8844ee995c41815) Importer(815301076,1909f56bfc062723c751e8b465ee728b)
Start importing Assets/Terrain/Platform Prefabs/Positive/GoodBase.prefab using Guid(32b359bc33a003f4f8844ee995c41815) Importer(815301076,1909f56bfc062723c751e8b465ee728b)  -> (artifact id: 'f378699f1e3ae762f9573d3f834de4b1') in 0.020075 seconds 
========================================================================
Received Import Request.
  Time since last request: 0.000018 seconds.
  path: Assets/Terrain/Platform Prefabs/Positive/SpikeJump.prefab
  artifactKey: Guid(cb301ae267d7a8c4d96f8f9f6901c56f) Importer(815301076,1909f56bfc062723c751e8b465ee728b)
Start importing Assets/Terrain/Platform Prefabs/Positive/SpikeJump.prefab using Guid(cb301ae267d7a8c4d96f8f9f6901c56f) Importer(815301076,1909f56bfc062723c751e8b465ee728b)  -> (artifact id: '611309c42e0d88bbbe5a7bebb62caa32') in 0.021449 seconds 
========================================================================
Received Import Request.
  Time since last request: 0.555186 seconds.
  path: Assets/Terrain/Platform Prefabs/Positive/GoodBase.prefab
  artifactKey: Guid(32b359bc33a003f4f8844ee995c41815) Importer(815301076,1909f56bfc062723c751e8b465ee728b)
Start importing Assets/Terrain/Platform Prefabs/Positive/GoodBase.prefab using Guid(32b359bc33a003f4f8844ee995c41815) Importer(815301076,1909f56bfc062723c751e8b465ee728b)  -> (artifact id: '787dd9a991851ab97705be6075b2139b') in 0.014232 seconds 
========================================================================
Received Import Request.
  Time since last request: 241.477494 seconds.
  path: Assets/Terrain/Platform Prefabs/Positive/GoodBase.prefab
  artifactKey: Guid(32b359bc33a003f4f8844ee995c41815) Importer(815301076,1909f56bfc062723c751e8b465ee728b)
Start importing Assets/Terrain/Platform Prefabs/Positive/GoodBase.prefab using Guid(32b359bc33a003f4f8844ee995c41815) Importer(815301076,1909f56bfc062723c751e8b465ee728b)  -> (artifact id: '16748eeafc0aa4933123ab271575073c') in 0.014130 seconds 
========================================================================
Received Import Request.
  Time since last request: 1.839867 seconds.
  path: Assets/Terrain/Platform Prefabs/Positive/GoodBase.prefab
  artifactKey: Guid(32b359bc33a003f4f8844ee995c41815) Importer(815301076,1909f56bfc062723c751e8b465ee728b)
Start importing Assets/Terrain/Platform Prefabs/Positive/GoodBase.prefab using Guid(32b359bc33a003f4f8844ee995c41815) Importer(815301076,1909f56bfc062723c751e8b465ee728b)  -> (artifact id: 'e7f73e8765f8a604b7bc9f7c3cfe1941') in 0.013933 seconds 
========================================================================
Received Import Request.
  Time since last request: 364.924458 seconds.
  path: Assets/Terrain/Platform Prefabs/Positive/GoodBase.prefab
  artifactKey: Guid(32b359bc33a003f4f8844ee995c41815) Importer(815301076,1909f56bfc062723c751e8b465ee728b)
Start importing Assets/Terrain/Platform Prefabs/Positive/GoodBase.prefab using Guid(32b359bc33a003f4f8844ee995c41815) Importer(815301076,1909f56bfc062723c751e8b465ee728b)  -> (artifact id: '1cd31842565e5b043b3922fea640a887') in 0.043964 seconds 
========================================================================
Received Import Request.
  Time since last request: 2.266045 seconds.
  path: Assets/Terrain/Platform Prefabs/Positive/GoodBase.prefab
  artifactKey: Guid(32b359bc33a003f4f8844ee995c41815) Importer(815301076,1909f56bfc062723c751e8b465ee728b)
Start importing Assets/Terrain/Platform Prefabs/Positive/GoodBase.prefab using Guid(32b359bc33a003f4f8844ee995c41815) Importer(815301076,1909f56bfc062723c751e8b465ee728b)  -> (artifact id: 'b88b9902a930bb1bf375c47ed6ee0a73') in 0.015379 seconds 
========================================================================
Received Import Request.
  Time since last request: 3.690930 seconds.
  path: Assets/Terrain/Platform Prefabs/Positive/GoodBase.prefab
  artifactKey: Guid(32b359bc33a003f4f8844ee995c41815) Importer(815301076,1909f56bfc062723c751e8b465ee728b)
Start importing Assets/Terrain/Platform Prefabs/Positive/GoodBase.prefab using Guid(32b359bc33a003f4f8844ee995c41815) Importer(815301076,1909f56bfc062723c751e8b465ee728b)  -> (artifact id: '0f19c782f7ef1c82d73a813f07b1440b') in 0.016943 seconds 
========================================================================
Received Import Request.
  Time since last request: 2.439796 seconds.
  path: Assets/Terrain/Platform Prefabs/Positive/GoodBase.prefab
  artifactKey: Guid(32b359bc33a003f4f8844ee995c41815) Importer(815301076,1909f56bfc062723c751e8b465ee728b)
Start importing Assets/Terrain/Platform Prefabs/Positive/GoodBase.prefab using Guid(32b359bc33a003f4f8844ee995c41815) Importer(815301076,1909f56bfc062723c751e8b465ee728b)  -> (artifact id: 'b2043a226afb2ee8a97d704e9bd3f039') in 0.017074 seconds 
========================================================================
Received Import Request.
  Time since last request: 2.786467 seconds.
  path: Assets/Terrain/Platform Prefabs/Positive/GoodBase.prefab
  artifactKey: Guid(32b359bc33a003f4f8844ee995c41815) Importer(815301076,1909f56bfc062723c751e8b465ee728b)
Start importing Assets/Terrain/Platform Prefabs/Positive/GoodBase.prefab using Guid(32b359bc33a003f4f8844ee995c41815) Importer(815301076,1909f56bfc062723c751e8b465ee728b)  -> (artifact id: '91411ba74a5b5e613f5627353063e3aa') in 0.014668 seconds 
========================================================================
Received Import Request.
  Time since last request: 0.000017 seconds.
  path: Assets/Terrain/Platform Prefabs/Positive/ShrubRun.prefab
  artifactKey: Guid(939ee876040ba8241b2eef9312c6b598) Importer(815301076,1909f56bfc062723c751e8b465ee728b)
Start importing Assets/Terrain/Platform Prefabs/Positive/ShrubRun.prefab using Guid(939ee876040ba8241b2eef9312c6b598) Importer(815301076,1909f56bfc062723c751e8b465ee728b)  -> (artifact id: '4d763684e26729500241ad9359a0bf53') in 0.018690 seconds 
========================================================================
Received Import Request.
  Time since last request: 0.767784 seconds.
  path: Assets/Terrain/Platform Prefabs/Positive/GoodBase.prefab
  artifactKey: Guid(32b359bc33a003f4f8844ee995c41815) Importer(815301076,1909f56bfc062723c751e8b465ee728b)
Start importing Assets/Terrain/Platform Prefabs/Positive/GoodBase.prefab using Guid(32b359bc33a003f4f8844ee995c41815) Importer(815301076,1909f56bfc062723c751e8b465ee728b)  -> (artifact id: '9701fe1206d88ee74c5967ff6665c5d1') in 0.017797 seconds 
========================================================================
Received Import Request.
  Time since last request: 0.000020 seconds.
  path: Assets/Terrain/Platform Prefabs/Positive/ShrubRun.prefab
  artifactKey: Guid(939ee876040ba8241b2eef9312c6b598) Importer(815301076,1909f56bfc062723c751e8b465ee728b)
Start importing Assets/Terrain/Platform Prefabs/Positive/ShrubRun.prefab using Guid(939ee876040ba8241b2eef9312c6b598) Importer(815301076,1909f56bfc062723c751e8b465ee728b)  -> (artifact id: '55e5ed0d65d427f57da43e8fc91f7597') in 0.017578 seconds 
========================================================================
Received Import Request.
  Time since last request: 0.587798 seconds.
  path: Assets/Terrain/Platform Prefabs/Positive/GoodBase.prefab
  artifactKey: Guid(32b359bc33a003f4f8844ee995c41815) Importer(815301076,1909f56bfc062723c751e8b465ee728b)
Start importing Assets/Terrain/Platform Prefabs/Positive/GoodBase.prefab using Guid(32b359bc33a003f4f8844ee995c41815) Importer(815301076,1909f56bfc062723c751e8b465ee728b)  -> (artifact id: '964253f364c2b761f59cb5afbddd8e40') in 0.018491 seconds 
========================================================================
Received Import Request.
  Time since last request: 0.000023 seconds.
  path: Assets/Terrain/Platform Prefabs/Positive/ShrubRun.prefab
  artifactKey: Guid(939ee876040ba8241b2eef9312c6b598) Importer(815301076,1909f56bfc062723c751e8b465ee728b)
Start importing Assets/Terrain/Platform Prefabs/Positive/ShrubRun.prefab using Guid(939ee876040ba8241b2eef9312c6b598) Importer(815301076,1909f56bfc062723c751e8b465ee728b)  -> (artifact id: '3202b59fbc513b0eeb6738408bd66e6d') in 0.018417 seconds 
========================================================================
Received Import Request.
  Time since last request: 1.155669 seconds.
  path: Assets/Terrain/Platform Prefabs/Positive/GoodBase.prefab
  artifactKey: Guid(32b359bc33a003f4f8844ee995c41815) Importer(815301076,1909f56bfc062723c751e8b465ee728b)
Start importing Assets/Terrain/Platform Prefabs/Positive/GoodBase.prefab using Guid(32b359bc33a003f4f8844ee995c41815) Importer(815301076,1909f56bfc062723c751e8b465ee728b)  -> (artifact id: '7cf87b1b3b28c20f776d89d63dac90a1') in 0.012994 seconds 
========================================================================
Received Import Request.
  Time since last request: 0.000019 seconds.
  path: Assets/Terrain/Platform Prefabs/Positive/SpikeJump.prefab
  artifactKey: Guid(cb301ae267d7a8c4d96f8f9f6901c56f) Importer(815301076,1909f56bfc062723c751e8b465ee728b)
Start importing Assets/Terrain/Platform Prefabs/Positive/SpikeJump.prefab using Guid(cb301ae267d7a8c4d96f8f9f6901c56f) Importer(815301076,1909f56bfc062723c751e8b465ee728b)  -> (artifact id: 'aba8d7f751a5ebddd5423eea43ae799a') in 0.023695 seconds 
========================================================================
Received Import Request.
  Time since last request: 3.254117 seconds.
  path: Assets/Terrain/Platform Prefabs/Positive/GoodBase.prefab
  artifactKey: Guid(32b359bc33a003f4f8844ee995c41815) Importer(815301076,1909f56bfc062723c751e8b465ee728b)
Start importing Assets/Terrain/Platform Prefabs/Positive/GoodBase.prefab using Guid(32b359bc33a003f4f8844ee995c41815) Importer(815301076,1909f56bfc062723c751e8b465ee728b)  -> (artifact id: '8eea381f2c56f067f3a56e2427351297') in 0.015652 seconds 
========================================================================
Received Import Request.
  Time since last request: 0.000025 seconds.
  path: Assets/Terrain/Platform Prefabs/Positive/ShrubRun.prefab
  artifactKey: Guid(939ee876040ba8241b2eef9312c6b598) Importer(815301076,1909f56bfc062723c751e8b465ee728b)
Start importing Assets/Terrain/Platform Prefabs/Positive/ShrubRun.prefab using Guid(939ee876040ba8241b2eef9312c6b598) Importer(815301076,1909f56bfc062723c751e8b465ee728b)  -> (artifact id: '816906a55483f51b0b400565e08593ce') in 0.012639 seconds 
========================================================================
Received Import Request.
  Time since last request: 0.781436 seconds.
  path: Assets/Terrain/Platform Prefabs/Positive/GoodBase.prefab
  artifactKey: Guid(32b359bc33a003f4f8844ee995c41815) Importer(815301076,1909f56bfc062723c751e8b465ee728b)
Start importing Assets/Terrain/Platform Prefabs/Positive/GoodBase.prefab using Guid(32b359bc33a003f4f8844ee995c41815) Importer(815301076,1909f56bfc062723c751e8b465ee728b)  -> (artifact id: '556256b26a1d6a0352680276244b83da') in 0.016622 seconds 
========================================================================
Received Import Request.
  Time since last request: 0.000017 seconds.
  path: Assets/Terrain/Platform Prefabs/Positive/ShrubRun.prefab
  artifactKey: Guid(939ee876040ba8241b2eef9312c6b598) Importer(815301076,1909f56bfc062723c751e8b465ee728b)
Start importing Assets/Terrain/Platform Prefabs/Positive/ShrubRun.prefab using Guid(939ee876040ba8241b2eef9312c6b598) Importer(815301076,1909f56bfc062723c751e8b465ee728b)  -> (artifact id: '8f6112cef976ad2f111ddc7d85782b93') in 0.018473 seconds 
========================================================================
Received Import Request.
  Time since last request: 1.851294 seconds.
  path: Assets/Terrain/Platform Prefabs/Positive/GoodBase.prefab
  artifactKey: Guid(32b359bc33a003f4f8844ee995c41815) Importer(815301076,1909f56bfc062723c751e8b465ee728b)
Start importing Assets/Terrain/Platform Prefabs/Positive/GoodBase.prefab using Guid(32b359bc33a003f4f8844ee995c41815) Importer(815301076,1909f56bfc062723c751e8b465ee728b)  -> (artifact id: '84f04212fca55b6745e8ed8a2319d7de') in 0.017018 seconds 
========================================================================
Received Import Request.
  Time since last request: 0.000019 seconds.
  path: Assets/Terrain/Platform Prefabs/Positive/SpikeJump.prefab
  artifactKey: Guid(cb301ae267d7a8c4d96f8f9f6901c56f) Importer(815301076,1909f56bfc062723c751e8b465ee728b)
Start importing Assets/Terrain/Platform Prefabs/Positive/SpikeJump.prefab using Guid(cb301ae267d7a8c4d96f8f9f6901c56f) Importer(815301076,1909f56bfc062723c751e8b465ee728b)  -> (artifact id: '779f324863b0fc2f4562c3a121fd872c') in 0.018376 seconds 
========================================================================
Received Import Request.
  Time since last request: 1.796673 seconds.
  path: Assets/Terrain/Platform Prefabs/Positive/GoodBase.prefab
  artifactKey: Guid(32b359bc33a003f4f8844ee995c41815) Importer(815301076,1909f56bfc062723c751e8b465ee728b)
Start importing Assets/Terrain/Platform Prefabs/Positive/GoodBase.prefab using Guid(32b359bc33a003f4f8844ee995c41815) Importer(815301076,1909f56bfc062723c751e8b465ee728b)  -> (artifact id: 'df61b49bb60709da464f7575d75ff4cf') in 0.015203 seconds 
========================================================================
Received Import Request.
  Time since last request: 0.000019 seconds.
  path: Assets/Terrain/Platform Prefabs/Positive/ShrubRun.prefab
  artifactKey: Guid(939ee876040ba8241b2eef9312c6b598) Importer(815301076,1909f56bfc062723c751e8b465ee728b)
Start importing Assets/Terrain/Platform Prefabs/Positive/ShrubRun.prefab using Guid(939ee876040ba8241b2eef9312c6b598) Importer(815301076,1909f56bfc062723c751e8b465ee728b)  -> (artifact id: 'b8a8fcf96032c2deb07f14e862a6d701') in 0.014964 seconds 
========================================================================
Received Import Request.
  Time since last request: 401.244552 seconds.
  path: Assets/Terrain/Platform Prefabs/Positive/EndSceneGood.prefab
  artifactKey: Guid(eaa7bed49e8dc214687d362bb5946c43) Importer(815301076,1909f56bfc062723c751e8b465ee728b)
Start importing Assets/Terrain/Platform Prefabs/Positive/EndSceneGood.prefab using Guid(eaa7bed49e8dc214687d362bb5946c43) Importer(815301076,1909f56bfc062723c751e8b465ee728b)  -> (artifact id: '71cb1775a58079e9e2e928501e9c5a7e') in 0.035967 seconds 
========================================================================
Received Import Request.
  Time since last request: 0.000025 seconds.
  path: Assets/Terrain/Platform Prefabs/Positive/GoodBase.prefab
  artifactKey: Guid(32b359bc33a003f4f8844ee995c41815) Importer(815301076,1909f56bfc062723c751e8b465ee728b)
Start importing Assets/Terrain/Platform Prefabs/Positive/GoodBase.prefab using Guid(32b359bc33a003f4f8844ee995c41815) Importer(815301076,1909f56bfc062723c751e8b465ee728b)  -> (artifact id: '038891a4248b16460cf07895542ca918') in 0.017744 seconds 
========================================================================
Received Import Request.
  Time since last request: 9.961478 seconds.
  path: Assets/Terrain/Platform Prefabs/Positive/EndSceneGood.prefab
  artifactKey: Guid(eaa7bed49e8dc214687d362bb5946c43) Importer(815301076,1909f56bfc062723c751e8b465ee728b)
Start importing Assets/Terrain/Platform Prefabs/Positive/EndSceneGood.prefab using Guid(eaa7bed49e8dc214687d362bb5946c43) Importer(815301076,1909f56bfc062723c751e8b465ee728b)  -> (artifact id: 'dbbe133a3c04b24ca30b5db1f6347c50') in 0.023139 seconds 
========================================================================
Received Import Request.
  Time since last request: 0.000037 seconds.
  path: Assets/Terrain/Platform Prefabs/Positive/ShrubRun.prefab
  artifactKey: Guid(939ee876040ba8241b2eef9312c6b598) Importer(815301076,1909f56bfc062723c751e8b465ee728b)
Start importing Assets/Terrain/Platform Prefabs/Positive/ShrubRun.prefab using Guid(939ee876040ba8241b2eef9312c6b598) Importer(815301076,1909f56bfc062723c751e8b465ee728b)  -> (artifact id: 'df5e814c2cff808affd776320bf96833') in 0.016890 seconds 
========================================================================
Received Import Request.
  Time since last request: 8.020648 seconds.
  path: Assets/Terrain/Platform Prefabs/Positive/DoubleJumpOnSpikes.prefab
  artifactKey: Guid(72e7c26524bc4cf49b631c51d9e211ce) Importer(815301076,1909f56bfc062723c751e8b465ee728b)
Start importing Assets/Terrain/Platform Prefabs/Positive/DoubleJumpOnSpikes.prefab using Guid(72e7c26524bc4cf49b631c51d9e211ce) Importer(815301076,1909f56bfc062723c751e8b465ee728b)  -> (artifact id: '3f084e953472ca17c60c51e603562446') in 0.016919 seconds 
========================================================================
Received Import Request.
  Time since last request: 0.000029 seconds.
  path: Assets/Terrain/Platform Prefabs/Positive/SpikeJump.prefab
  artifactKey: Guid(cb301ae267d7a8c4d96f8f9f6901c56f) Importer(815301076,1909f56bfc062723c751e8b465ee728b)
Start importing Assets/Terrain/Platform Prefabs/Positive/SpikeJump.prefab using Guid(cb301ae267d7a8c4d96f8f9f6901c56f) Importer(815301076,1909f56bfc062723c751e8b465ee728b)  -> (artifact id: 'a6e7c4c8e261097b3923edebe79b345c') in 0.019207 seconds 
========================================================================
Received Import Request.
  Time since last request: 0.567489 seconds.
  path: Assets/Terrain/Platform Prefabs/Positive/DoubleJumpOnSpikes.prefab
  artifactKey: Guid(72e7c26524bc4cf49b631c51d9e211ce) Importer(815301076,1909f56bfc062723c751e8b465ee728b)
Start importing Assets/Terrain/Platform Prefabs/Positive/DoubleJumpOnSpikes.prefab using Guid(72e7c26524bc4cf49b631c51d9e211ce) Importer(815301076,1909f56bfc062723c751e8b465ee728b)  -> (artifact id: '5caca790f96138f00962031c6a8f414b') in 0.019121 seconds 
========================================================================
Received Import Request.
  Time since last request: 0.000020 seconds.
  path: Assets/Terrain/Platform Prefabs/Positive/GoodBase.prefab
  artifactKey: Guid(32b359bc33a003f4f8844ee995c41815) Importer(815301076,1909f56bfc062723c751e8b465ee728b)
Start importing Assets/Terrain/Platform Prefabs/Positive/GoodBase.prefab using Guid(32b359bc33a003f4f8844ee995c41815) Importer(815301076,1909f56bfc062723c751e8b465ee728b)  -> (artifact id: 'e57619e9888018ff2679062feb7734b3') in 0.019963 seconds 
========================================================================
Received Import Request.
  Time since last request: 0.974195 seconds.
  path: Assets/Terrain/Platform Prefabs/Positive/DoubleJumpOnSpikes.prefab
  artifactKey: Guid(72e7c26524bc4cf49b631c51d9e211ce) Importer(815301076,1909f56bfc062723c751e8b465ee728b)
Start importing Assets/Terrain/Platform Prefabs/Positive/DoubleJumpOnSpikes.prefab using Guid(72e7c26524bc4cf49b631c51d9e211ce) Importer(815301076,1909f56bfc062723c751e8b465ee728b)  -> (artifact id: '21a74f4962b0e316facc111b504c3800') in 0.016092 seconds 
========================================================================
Received Import Request.
  Time since last request: 0.000028 seconds.
  path: Assets/Terrain/Platform Prefabs/Positive/SpikeJump.prefab
  artifactKey: Guid(cb301ae267d7a8c4d96f8f9f6901c56f) Importer(815301076,1909f56bfc062723c751e8b465ee728b)
Start importing Assets/Terrain/Platform Prefabs/Positive/SpikeJump.prefab using Guid(cb301ae267d7a8c4d96f8f9f6901c56f) Importer(815301076,1909f56bfc062723c751e8b465ee728b)  -> (artifact id: '53e222c923f04efb4e2a1cdc072dc609') in 0.019317 seconds 
========================================================================
Received Import Request.
  Time since last request: 0.554253 seconds.
  path: Assets/Terrain/Platform Prefabs/Positive/DoubleJumpOnSpikes.prefab
  artifactKey: Guid(72e7c26524bc4cf49b631c51d9e211ce) Importer(815301076,1909f56bfc062723c751e8b465ee728b)
Start importing Assets/Terrain/Platform Prefabs/Positive/DoubleJumpOnSpikes.prefab using Guid(72e7c26524bc4cf49b631c51d9e211ce) Importer(815301076,1909f56bfc062723c751e8b465ee728b)  -> (artifact id: '8d515a7e63e78662ceba6a0df020790a') in 0.017194 seconds 
========================================================================
Received Import Request.
  Time since last request: 0.000056 seconds.
  path: Assets/Terrain/Platform Prefabs/Positive/SpikeJump.prefab
  artifactKey: Guid(cb301ae267d7a8c4d96f8f9f6901c56f) Importer(815301076,1909f56bfc062723c751e8b465ee728b)
Start importing Assets/Terrain/Platform Prefabs/Positive/SpikeJump.prefab using Guid(cb301ae267d7a8c4d96f8f9f6901c56f) Importer(815301076,1909f56bfc062723c751e8b465ee728b)  -> (artifact id: 'df0f28b734cfa09d9dcab633534fe192') in 0.018994 seconds 
========================================================================
Received Import Request.
  Time since last request: 0.772159 seconds.
  path: Assets/Terrain/Platform Prefabs/Positive/DoubleJumpOnSpikes.prefab
  artifactKey: Guid(72e7c26524bc4cf49b631c51d9e211ce) Importer(815301076,1909f56bfc062723c751e8b465ee728b)
Start importing Assets/Terrain/Platform Prefabs/Positive/DoubleJumpOnSpikes.prefab using Guid(72e7c26524bc4cf49b631c51d9e211ce) Importer(815301076,1909f56bfc062723c751e8b465ee728b)  -> (artifact id: '1a539219b881a12f276bedfa46f89c7b') in 0.017333 seconds 
========================================================================
Received Import Request.
  Time since last request: 0.000029 seconds.
  path: Assets/Terrain/Platform Prefabs/Positive/SpikeJump.prefab
  artifactKey: Guid(cb301ae267d7a8c4d96f8f9f6901c56f) Importer(815301076,1909f56bfc062723c751e8b465ee728b)
Start importing Assets/Terrain/Platform Prefabs/Positive/SpikeJump.prefab using Guid(cb301ae267d7a8c4d96f8f9f6901c56f) Importer(815301076,1909f56bfc062723c751e8b465ee728b)  -> (artifact id: '0eaa787632239e5b0441609e11189df5') in 0.020999 seconds 
========================================================================
Received Import Request.
  Time since last request: 8.045512 seconds.
  path: Assets/Terrain/Platform Prefabs/Positive/DoubleJumpOnSpikes.prefab
  artifactKey: Guid(72e7c26524bc4cf49b631c51d9e211ce) Importer(815301076,1909f56bfc062723c751e8b465ee728b)
Start importing Assets/Terrain/Platform Prefabs/Positive/DoubleJumpOnSpikes.prefab using Guid(72e7c26524bc4cf49b631c51d9e211ce) Importer(815301076,1909f56bfc062723c751e8b465ee728b)  -> (artifact id: 'e7a158f51a078c28435859022a887365') in 0.014479 seconds 
========================================================================
Received Import Request.
  Time since last request: 0.000034 seconds.
  path: Assets/Terrain/Platform Prefabs/Positive/SpikeJump.prefab
  artifactKey: Guid(cb301ae267d7a8c4d96f8f9f6901c56f) Importer(815301076,1909f56bfc062723c751e8b465ee728b)
Start importing Assets/Terrain/Platform Prefabs/Positive/SpikeJump.prefab using Guid(cb301ae267d7a8c4d96f8f9f6901c56f) Importer(815301076,1909f56bfc062723c751e8b465ee728b)  -> (artifact id: 'db1220f0b259499158282041d5079467') in 0.017422 seconds 
========================================================================
Received Import Request.
  Time since last request: 0.998598 seconds.
  path: Assets/Terrain/Platform Prefabs/Positive/DoubleJumpOnSpikes.prefab
  artifactKey: Guid(72e7c26524bc4cf49b631c51d9e211ce) Importer(815301076,1909f56bfc062723c751e8b465ee728b)
Start importing Assets/Terrain/Platform Prefabs/Positive/DoubleJumpOnSpikes.prefab using Guid(72e7c26524bc4cf49b631c51d9e211ce) Importer(815301076,1909f56bfc062723c751e8b465ee728b)  -> (artifact id: 'f38a85c40eb5fa6303f474add3b872b2') in 0.016245 seconds 
========================================================================
Received Import Request.
  Time since last request: 0.000018 seconds.
  path: Assets/Terrain/Platform Prefabs/Positive/GoodBase.prefab
  artifactKey: Guid(32b359bc33a003f4f8844ee995c41815) Importer(815301076,1909f56bfc062723c751e8b465ee728b)
Start importing Assets/Terrain/Platform Prefabs/Positive/GoodBase.prefab using Guid(32b359bc33a003f4f8844ee995c41815) Importer(815301076,1909f56bfc062723c751e8b465ee728b)  -> (artifact id: '999590ded561c118fa54d856eec29b48') in 0.014082 seconds 
========================================================================
Received Import Request.
  Time since last request: 3.062742 seconds.
  path: Assets/Terrain/Platform Prefabs/Positive/DoubleJumpOnSpikes.prefab
  artifactKey: Guid(72e7c26524bc4cf49b631c51d9e211ce) Importer(815301076,1909f56bfc062723c751e8b465ee728b)
Start importing Assets/Terrain/Platform Prefabs/Positive/DoubleJumpOnSpikes.prefab using Guid(72e7c26524bc4cf49b631c51d9e211ce) Importer(815301076,1909f56bfc062723c751e8b465ee728b)  -> (artifact id: 'b0aadb4785eb00a4521622e023dd8e4d') in 0.016776 seconds 
========================================================================
Received Import Request.
  Time since last request: 0.000020 seconds.
  path: Assets/Terrain/Platform Prefabs/Positive/SpikeJump.prefab
  artifactKey: Guid(cb301ae267d7a8c4d96f8f9f6901c56f) Importer(815301076,1909f56bfc062723c751e8b465ee728b)
Start importing Assets/Terrain/Platform Prefabs/Positive/SpikeJump.prefab using Guid(cb301ae267d7a8c4d96f8f9f6901c56f) Importer(815301076,1909f56bfc062723c751e8b465ee728b)  -> (artifact id: 'de5fbe5fd8a205f3a5d0ec4e872b0f67') in 0.014054 seconds 
========================================================================
Received Import Request.
  Time since last request: 0.978955 seconds.
  path: Assets/Terrain/Platform Prefabs/Positive/DoubleJumpOnSpikes.prefab
  artifactKey: Guid(72e7c26524bc4cf49b631c51d9e211ce) Importer(815301076,1909f56bfc062723c751e8b465ee728b)
Start importing Assets/Terrain/Platform Prefabs/Positive/DoubleJumpOnSpikes.prefab using Guid(72e7c26524bc4cf49b631c51d9e211ce) Importer(815301076,1909f56bfc062723c751e8b465ee728b)  -> (artifact id: 'b7e4d7cbce7f3e31cb46e6df3af3b00d') in 0.017038 seconds 
========================================================================
Received Import Request.
  Time since last request: 0.000017 seconds.
  path: Assets/Terrain/Platform Prefabs/Positive/GoodBase.prefab
  artifactKey: Guid(32b359bc33a003f4f8844ee995c41815) Importer(815301076,1909f56bfc062723c751e8b465ee728b)
Start importing Assets/Terrain/Platform Prefabs/Positive/GoodBase.prefab using Guid(32b359bc33a003f4f8844ee995c41815) Importer(815301076,1909f56bfc062723c751e8b465ee728b)  -> (artifact id: 'af65ed62856e1b9374f81bc01646c88d') in 0.018260 seconds 
========================================================================
Received Import Request.
  Time since last request: 4.797650 seconds.
  path: Assets/Terrain/Platform Prefabs/Positive/BridgeAndFriend.prefab
  artifactKey: Guid(c7729deed7b77714ea93490fdcc9455b) Importer(815301076,1909f56bfc062723c751e8b465ee728b)
Start importing Assets/Terrain/Platform Prefabs/Positive/BridgeAndFriend.prefab using Guid(c7729deed7b77714ea93490fdcc9455b) Importer(815301076,1909f56bfc062723c751e8b465ee728b)  -> (artifact id: '7cfcc29a20ab9597712b267cc2c506f6') in 0.022282 seconds 
========================================================================
Received Import Request.
  Time since last request: 0.000020 seconds.
  path: Assets/Terrain/Platform Prefabs/Positive/GoodBase.prefab
  artifactKey: Guid(32b359bc33a003f4f8844ee995c41815) Importer(815301076,1909f56bfc062723c751e8b465ee728b)
Start importing Assets/Terrain/Platform Prefabs/Positive/GoodBase.prefab using Guid(32b359bc33a003f4f8844ee995c41815) Importer(815301076,1909f56bfc062723c751e8b465ee728b)  -> (artifact id: 'a45799f32728d77ce6400c83599be255') in 0.028602 seconds 
========================================================================
Received Import Request.
  Time since last request: 5.645384 seconds.
  path: Assets/Terrain/Platform Prefabs/Positive/BridgeAndFriend.prefab
  artifactKey: Guid(c7729deed7b77714ea93490fdcc9455b) Importer(815301076,1909f56bfc062723c751e8b465ee728b)
Start importing Assets/Terrain/Platform Prefabs/Positive/BridgeAndFriend.prefab using Guid(c7729deed7b77714ea93490fdcc9455b) Importer(815301076,1909f56bfc062723c751e8b465ee728b)  -> (artifact id: '6a2c08c6de7cea04d5f9ceaa6e7021fb') in 0.024468 seconds 
========================================================================
Received Import Request.
  Time since last request: 0.000024 seconds.
  path: Assets/Terrain/Platform Prefabs/Positive/GoodBase.prefab
  artifactKey: Guid(32b359bc33a003f4f8844ee995c41815) Importer(815301076,1909f56bfc062723c751e8b465ee728b)
Start importing Assets/Terrain/Platform Prefabs/Positive/GoodBase.prefab using Guid(32b359bc33a003f4f8844ee995c41815) Importer(815301076,1909f56bfc062723c751e8b465ee728b)  -> (artifact id: '996e4bbcc5114716b5f10fce1d89e05b') in 0.028074 seconds 
========================================================================
Received Import Request.
  Time since last request: 2.073384 seconds.
  path: Assets/Terrain/Platform Prefabs/Positive/BridgeAndFriend.prefab
  artifactKey: Guid(c7729deed7b77714ea93490fdcc9455b) Importer(815301076,1909f56bfc062723c751e8b465ee728b)
Start importing Assets/Terrain/Platform Prefabs/Positive/BridgeAndFriend.prefab using Guid(c7729deed7b77714ea93490fdcc9455b) Importer(815301076,1909f56bfc062723c751e8b465ee728b)  -> (artifact id: 'c6001f2612d7186986e95ec185a7f35e') in 0.024536 seconds 
========================================================================
Received Import Request.
  Time since last request: 0.000025 seconds.
  path: Assets/Terrain/Platform Prefabs/Positive/GoodBase.prefab
  artifactKey: Guid(32b359bc33a003f4f8844ee995c41815) Importer(815301076,1909f56bfc062723c751e8b465ee728b)
Start importing Assets/Terrain/Platform Prefabs/Positive/GoodBase.prefab using Guid(32b359bc33a003f4f8844ee995c41815) Importer(815301076,1909f56bfc062723c751e8b465ee728b)  -> (artifact id: '38316079ce2daad470ea55df8ca8b82f') in 0.027693 seconds 
========================================================================
Received Import Request.
  Time since last request: 5.881940 seconds.
  path: Assets/Terrain/Platform Prefabs/Positive/DoubleJumpOnSpikes.prefab
  artifactKey: Guid(72e7c26524bc4cf49b631c51d9e211ce) Importer(815301076,1909f56bfc062723c751e8b465ee728b)
Start importing Assets/Terrain/Platform Prefabs/Positive/DoubleJumpOnSpikes.prefab using Guid(72e7c26524bc4cf49b631c51d9e211ce) Importer(815301076,1909f56bfc062723c751e8b465ee728b)  -> (artifact id: '12317f531bd495acb98d4f7809216124') in 0.041556 seconds 
========================================================================
Received Import Request.
  Time since last request: 0.000022 seconds.
  path: Assets/Terrain/Platform Prefabs/Positive/ShrubRun.prefab
  artifactKey: Guid(939ee876040ba8241b2eef9312c6b598) Importer(815301076,1909f56bfc062723c751e8b465ee728b)
Start importing Assets/Terrain/Platform Prefabs/Positive/ShrubRun.prefab using Guid(939ee876040ba8241b2eef9312c6b598) Importer(815301076,1909f56bfc062723c751e8b465ee728b)  -> (artifact id: 'a699afe5b351edde66148a61828bdc43') in 0.027196 seconds 
========================================================================
Received Import Request.
  Time since last request: 4.908709 seconds.
  path: Assets/Terrain/Platform Prefabs/Positive/BridgeAndFriend.prefab
  artifactKey: Guid(c7729deed7b77714ea93490fdcc9455b) Importer(815301076,1909f56bfc062723c751e8b465ee728b)
Start importing Assets/Terrain/Platform Prefabs/Positive/BridgeAndFriend.prefab using Guid(c7729deed7b77714ea93490fdcc9455b) Importer(815301076,1909f56bfc062723c751e8b465ee728b)  -> (artifact id: '9d3600aeb99929174fb851264a4f548c') in 0.024841 seconds 
========================================================================
Received Import Request.
  Time since last request: 0.000023 seconds.
  path: Assets/Terrain/Platform Prefabs/Positive/ShrubRun.prefab
  artifactKey: Guid(939ee876040ba8241b2eef9312c6b598) Importer(815301076,1909f56bfc062723c751e8b465ee728b)
Start importing Assets/Terrain/Platform Prefabs/Positive/ShrubRun.prefab using Guid(939ee876040ba8241b2eef9312c6b598) Importer(815301076,1909f56bfc062723c751e8b465ee728b)  -> (artifact id: '4cc242e2b6b290df11792780b03d4203') in 0.030113 seconds 
========================================================================
Received Import Request.
  Time since last request: 2.247565 seconds.
  path: Assets/Terrain/Platform Prefabs/Positive/BridgeAndFriend.prefab
  artifactKey: Guid(c7729deed7b77714ea93490fdcc9455b) Importer(815301076,1909f56bfc062723c751e8b465ee728b)
Start importing Assets/Terrain/Platform Prefabs/Positive/BridgeAndFriend.prefab using Guid(c7729deed7b77714ea93490fdcc9455b) Importer(815301076,1909f56bfc062723c751e8b465ee728b)  -> (artifact id: '83646f280df0176f1081c6d0126f5a50') in 0.027144 seconds 
========================================================================
Received Import Request.
  Time since last request: 0.000026 seconds.
  path: Assets/Terrain/Platform Prefabs/Positive/GoodBase.prefab
  artifactKey: Guid(32b359bc33a003f4f8844ee995c41815) Importer(815301076,1909f56bfc062723c751e8b465ee728b)
Start importing Assets/Terrain/Platform Prefabs/Positive/GoodBase.prefab using Guid(32b359bc33a003f4f8844ee995c41815) Importer(815301076,1909f56bfc062723c751e8b465ee728b)  -> (artifact id: 'f5fda444ef63b371816dfa7368cbaceb') in 0.029295 seconds 
========================================================================
Received Import Request.
  Time since last request: 3.210625 seconds.
  path: Assets/Terrain/Platform Prefabs/Positive/BridgeAndFriend.prefab
  artifactKey: Guid(c7729deed7b77714ea93490fdcc9455b) Importer(815301076,1909f56bfc062723c751e8b465ee728b)
Start importing Assets/Terrain/Platform Prefabs/Positive/BridgeAndFriend.prefab using Guid(c7729deed7b77714ea93490fdcc9455b) Importer(815301076,1909f56bfc062723c751e8b465ee728b)  -> (artifact id: 'e5e4d38b84647779bdc96db41163fa47') in 0.022638 seconds 
========================================================================
Received Import Request.
  Time since last request: 0.000026 seconds.
  path: Assets/Terrain/Platform Prefabs/Positive/JumpHighThenFall.prefab
  artifactKey: Guid(047312cdb33f9a348ab25bd776009c3c) Importer(815301076,1909f56bfc062723c751e8b465ee728b)
Start importing Assets/Terrain/Platform Prefabs/Positive/JumpHighThenFall.prefab using Guid(047312cdb33f9a348ab25bd776009c3c) Importer(815301076,1909f56bfc062723c751e8b465ee728b)  -> (artifact id: 'b94524a680d1b0dd427fa35f94939922') in 0.030460 seconds 
========================================================================
Received Import Request.
  Time since last request: 41.274457 seconds.
  path: Assets/Terrain/Platform Prefabs/Positive/BridgeAndFriend.prefab
  artifactKey: Guid(c7729deed7b77714ea93490fdcc9455b) Importer(815301076,1909f56bfc062723c751e8b465ee728b)
Start importing Assets/Terrain/Platform Prefabs/Positive/BridgeAndFriend.prefab using Guid(c7729deed7b77714ea93490fdcc9455b) Importer(815301076,1909f56bfc062723c751e8b465ee728b)  -> (artifact id: '96bf16f79f6d52982b47582853612d81') in 0.024338 seconds 
========================================================================
Received Import Request.
  Time since last request: 0.000023 seconds.
  path: Assets/Terrain/Platform Prefabs/Positive/JumpHighThenFall.prefab
  artifactKey: Guid(047312cdb33f9a348ab25bd776009c3c) Importer(815301076,1909f56bfc062723c751e8b465ee728b)
Start importing Assets/Terrain/Platform Prefabs/Positive/JumpHighThenFall.prefab using Guid(047312cdb33f9a348ab25bd776009c3c) Importer(815301076,1909f56bfc062723c751e8b465ee728b)  -> (artifact id: '70fce8bf67d536882b713fd2db8d06b5') in 0.023701 seconds 
========================================================================
Received Import Request.
  Time since last request: 1.774315 seconds.
  path: Assets/Terrain/Platform Prefabs/Positive/BridgeAndFriend.prefab
  artifactKey: Guid(c7729deed7b77714ea93490fdcc9455b) Importer(815301076,1909f56bfc062723c751e8b465ee728b)
Start importing Assets/Terrain/Platform Prefabs/Positive/BridgeAndFriend.prefab using Guid(c7729deed7b77714ea93490fdcc9455b) Importer(815301076,1909f56bfc062723c751e8b465ee728b)  -> (artifact id: '8018961032bd6c452728be2ef70e95d0') in 0.023471 seconds 
========================================================================
Received Import Request.
  Time since last request: 0.000021 seconds.
  path: Assets/Terrain/Platform Prefabs/Positive/JumpHighThenFall.prefab
  artifactKey: Guid(047312cdb33f9a348ab25bd776009c3c) Importer(815301076,1909f56bfc062723c751e8b465ee728b)
Start importing Assets/Terrain/Platform Prefabs/Positive/JumpHighThenFall.prefab using Guid(047312cdb33f9a348ab25bd776009c3c) Importer(815301076,1909f56bfc062723c751e8b465ee728b)  -> (artifact id: '0580288824f4a52bcd841c7e9bf5c700') in 0.027491 seconds 
========================================================================
Received Import Request.
  Time since last request: 0.958007 seconds.
  path: Assets/Terrain/Platform Prefabs/Positive/BridgeAndFriend.prefab
  artifactKey: Guid(c7729deed7b77714ea93490fdcc9455b) Importer(815301076,1909f56bfc062723c751e8b465ee728b)
Start importing Assets/Terrain/Platform Prefabs/Positive/BridgeAndFriend.prefab using Guid(c7729deed7b77714ea93490fdcc9455b) Importer(815301076,1909f56bfc062723c751e8b465ee728b)  -> (artifact id: '33bab910a4cf5a8b5e5cbd32335b8fda') in 0.025577 seconds 
========================================================================
Received Import Request.
  Time since last request: 0.000018 seconds.
  path: Assets/Terrain/Platform Prefabs/Positive/GoodBase.prefab
  artifactKey: Guid(32b359bc33a003f4f8844ee995c41815) Importer(815301076,1909f56bfc062723c751e8b465ee728b)
Start importing Assets/Terrain/Platform Prefabs/Positive/GoodBase.prefab using Guid(32b359bc33a003f4f8844ee995c41815) Importer(815301076,1909f56bfc062723c751e8b465ee728b)  -> (artifact id: 'f0a6472c79c1ed163b928ade5c16eb53') in 0.025824 seconds 
========================================================================
Received Import Request.
  Time since last request: 0.956036 seconds.
  path: Assets/Terrain/Platform Prefabs/Positive/DoubleJumpOnSpikes.prefab
  artifactKey: Guid(72e7c26524bc4cf49b631c51d9e211ce) Importer(815301076,1909f56bfc062723c751e8b465ee728b)
Start importing Assets/Terrain/Platform Prefabs/Positive/DoubleJumpOnSpikes.prefab using Guid(72e7c26524bc4cf49b631c51d9e211ce) Importer(815301076,1909f56bfc062723c751e8b465ee728b)  -> (artifact id: 'ed113f7108e67940449cce79c95c4267') in 0.017589 seconds 
========================================================================
Received Import Request.
  Time since last request: 0.000020 seconds.
  path: Assets/Terrain/Platform Prefabs/Positive/SpikeJump.prefab
  artifactKey: Guid(cb301ae267d7a8c4d96f8f9f6901c56f) Importer(815301076,1909f56bfc062723c751e8b465ee728b)
Start importing Assets/Terrain/Platform Prefabs/Positive/SpikeJump.prefab using Guid(cb301ae267d7a8c4d96f8f9f6901c56f) Importer(815301076,1909f56bfc062723c751e8b465ee728b)  -> (artifact id: '162ba1333deaaa8b26018b12bb63f0cb') in 0.017534 seconds 
Editor requested this worker to shutdown with reason: Scaling down because of idle timeout
AssetImportWorker is now disconnected from the server
Process exiting
Exiting without the bug reporter. Application will terminate with return code 0