Using pre-set license
Built from '2021.3/staging' branch; Version is '2021.3.14f1 (eee1884e7226) revision 15655304'; Using compiler version '192829333'; Build Type 'Release'
OS: 'Windows 10  (10.0.19045) 64bit Professional' Language: 'en' Physical Memory: 16241 MB
BatchMode: 1, IsHumanControllingUs: 0, StartBugReporterOnCrash: 0, Is64bit: 1, IsPro: 1

COMMAND LINE ARGUMENTS:
C:\Program Files\Unity\Hub\Editor\2021.3.14f1\Editor\Unity.exe
-adb2
-batchMode
-noUpm
-name
AssetImportWorker15
-projectPath
C:/Users/Gigabyte/OneDrive/Documents/GitHub/GameJam2022/FakeGameJam
-logFile
Logs/AssetImportWorker15.log
-srvPort
65533
Successfully changed project path to: C:/Users/Gigabyte/OneDrive/Documents/GitHub/GameJam2022/FakeGameJam
C:/Users/Gigabyte/OneDrive/Documents/GitHub/GameJam2022/FakeGameJam
[UnityMemory] Configuration Parameters - Can be set up in boot.config
    "memorysetup-bucket-allocator-granularity=16"
    "memorysetup-bucket-allocator-bucket-count=8"
    "memorysetup-bucket-allocator-block-size=33554432"
    "memorysetup-bucket-allocator-block-count=8"
    "memorysetup-main-allocator-block-size=16777216"
    "memorysetup-thread-allocator-block-size=16777216"
    "memorysetup-gfx-main-allocator-block-size=16777216"
    "memorysetup-gfx-thread-allocator-block-size=16777216"
    "memorysetup-cache-allocator-block-size=4194304"
    "memorysetup-typetree-allocator-block-size=2097152"
    "memorysetup-profiler-bucket-allocator-granularity=16"
    "memorysetup-profiler-bucket-allocator-bucket-count=8"
    "memorysetup-profiler-bucket-allocator-block-size=33554432"
    "memorysetup-profiler-bucket-allocator-block-count=8"
    "memorysetup-profiler-allocator-block-size=16777216"
    "memorysetup-profiler-editor-allocator-block-size=1048576"
    "memorysetup-temp-allocator-size-main=16777216"
    "memorysetup-job-temp-allocator-block-size=2097152"
    "memorysetup-job-temp-allocator-block-size-background=1048576"
    "memorysetup-job-temp-allocator-reduction-small-platforms=262144"
    "memorysetup-temp-allocator-size-background-worker=32768"
    "memorysetup-temp-allocator-size-job-worker=262144"
    "memorysetup-temp-allocator-size-preload-manager=33554432"
    "memorysetup-temp-allocator-size-nav-mesh-worker=65536"
    "memorysetup-temp-allocator-size-audio-worker=65536"
    "memorysetup-temp-allocator-size-cloud-worker=32768"
    "memorysetup-temp-allocator-size-gi-baking-worker=262144"
    "memorysetup-temp-allocator-size-gfx=262144"
Refreshing native plugins compatible for Editor in 141.10 ms, found 4 plugins.
Preloading 0 native plugins for Editor in 0.00 ms.
Initialize engine version: 2021.3.14f1 (eee1884e7226)
[Subsystems] Discovering subsystems at path C:/Program Files/Unity/Hub/Editor/2021.3.14f1/Editor/Data/Resources/UnitySubsystems
[Subsystems] Discovering subsystems at path C:/Users/Gigabyte/OneDrive/Documents/GitHub/GameJam2022/FakeGameJam/Assets
GfxDevice: creating device client; threaded=0; jobified=0
Direct3D:
    Version:  Direct3D 11.0 [level 11.1]
    Renderer: NVIDIA GeForce RTX 2060 (ID=0x1f11)
    Vendor:   NVIDIA
    VRAM:     5980 MB
    Driver:   31.0.15.1661
Initialize mono
Mono path[0] = 'C:/Program Files/Unity/Hub/Editor/2021.3.14f1/Editor/Data/Managed'
Mono path[1] = 'C:/Program Files/Unity/Hub/Editor/2021.3.14f1/Editor/Data/MonoBleedingEdge/lib/mono/unityjit-win32'
Mono config path = 'C:/Program Files/Unity/Hub/Editor/2021.3.14f1/Editor/Data/MonoBleedingEdge/etc'
Using monoOptions --debugger-agent=transport=dt_socket,embedding=1,server=y,suspend=n,address=127.0.0.1:56024
Begin MonoManager ReloadAssembly
Registering precompiled unity dll's ...
Register platform support module: C:/Program Files/Unity/Hub/Editor/2021.3.14f1/Editor/Data/PlaybackEngines/WebGLSupport/UnityEditor.WebGL.Extensions.dll
Register platform support module: C:/Program Files/Unity/Hub/Editor/2021.3.14f1/Editor/Data/PlaybackEngines/MacStandaloneSupport/UnityEditor.OSXStandalone.Extensions.dll
Register platform support module: C:/Program Files/Unity/Hub/Editor/2021.3.14f1/Editor/Data/PlaybackEngines/WindowsStandaloneSupport/UnityEditor.WindowsStandalone.Extensions.dll
Register platform support module: C:/Program Files/Unity/Hub/Editor/2021.3.14f1/Editor/Data/PlaybackEngines/MetroSupport/UnityEditor.UWP.Extensions.dll
Registered in 0.012685 seconds.
Native extension for UWP target not found
Native extension for WindowsStandalone target not found
Native extension for OSXStandalone target not found
Native extension for WebGL target not found
Refreshing native plugins compatible for Editor in 110.86 ms, found 4 plugins.
Preloading 0 native plugins for Editor in 0.00 ms.
Mono: successfully reloaded assembly
- Completed reload, in  0.690 seconds
Domain Reload Profiling:
	ReloadAssembly (691ms)
		BeginReloadAssembly (85ms)
			ExecutionOrderSort (0ms)
			DisableScriptedObjects (0ms)
			BackupInstance (0ms)
			ReleaseScriptingObjects (0ms)
			CreateAndSetChildDomain (1ms)
		EndReloadAssembly (492ms)
			LoadAssemblies (83ms)
			RebuildTransferFunctionScriptingTraits (0ms)
			SetupTypeCache (110ms)
			ReleaseScriptCaches (0ms)
			RebuildScriptCaches (27ms)
			SetupLoadedEditorAssemblies (300ms)
				LogAssemblyErrors (0ms)
				InitializePlatformSupportModulesInManaged (14ms)
				SetLoadedEditorAssemblies (1ms)
				RefreshPlugins (111ms)
				BeforeProcessingInitializeOnLoad (1ms)
				ProcessInitializeOnLoadAttributes (128ms)
				ProcessInitializeOnLoadMethodAttributes (45ms)
				AfterProcessingInitializeOnLoad (0ms)
				EditorAssembliesLoaded (0ms)
			ExecutionOrderSort2 (0ms)
			AwakeInstancesAfterBackupRestoration (0ms)
Platform modules already initialized, skipping
Registering precompiled user dll's ...
Registered in 0.011573 seconds.
Begin MonoManager ReloadAssembly
Symbol file LoadedFromMemory doesn't match image C:\Users\Gigabyte\OneDrive\Documents\GitHub\GameJam2022\FakeGameJam\Library\PackageCache\com.unity.visualscripting@1.7.8\Editor\VisualScripting.Core\Dependencies\YamlDotNet\Unity.VisualScripting.YamlDotNet.dll
Symbol file LoadedFromMemory doesn't match image C:\Users\Gigabyte\OneDrive\Documents\GitHub\GameJam2022\FakeGameJam\Library\PackageCache\com.unity.visualscripting@1.7.8\Editor\VisualScripting.Core\Dependencies\DotNetZip\Unity.VisualScripting.IonicZip.dll
Native extension for UWP target not found
Native extension for WindowsStandalone target not found
Native extension for OSXStandalone target not found
Native extension for WebGL target not found
Refreshing native plugins compatible for Editor in 127.01 ms, found 4 plugins.
Preloading 0 native plugins for Editor in 0.00 ms.
Mono: successfully reloaded assembly
- Completed reload, in  1.478 seconds
Domain Reload Profiling:
	ReloadAssembly (1479ms)
		BeginReloadAssembly (117ms)
			ExecutionOrderSort (0ms)
			DisableScriptedObjects (5ms)
			BackupInstance (0ms)
			ReleaseScriptingObjects (0ms)
			CreateAndSetChildDomain (17ms)
		EndReloadAssembly (1236ms)
			LoadAssemblies (121ms)
			RebuildTransferFunctionScriptingTraits (0ms)
			SetupTypeCache (375ms)
			ReleaseScriptCaches (1ms)
			RebuildScriptCaches (73ms)
			SetupLoadedEditorAssemblies (605ms)
				LogAssemblyErrors (0ms)
				InitializePlatformSupportModulesInManaged (15ms)
				SetLoadedEditorAssemblies (0ms)
				RefreshPlugins (127ms)
				BeforeProcessingInitializeOnLoad (132ms)
				ProcessInitializeOnLoadAttributes (277ms)
				ProcessInitializeOnLoadMethodAttributes (43ms)
				AfterProcessingInitializeOnLoad (10ms)
				EditorAssembliesLoaded (0ms)
			ExecutionOrderSort2 (0ms)
			AwakeInstancesAfterBackupRestoration (12ms)
Platform modules already initialized, skipping
========================================================================
Worker process is ready to serve import requests
Launched and connected shader compiler UnityShaderCompiler.exe after 0.05 seconds
Refreshing native plugins compatible for Editor in 0.70 ms, found 4 plugins.
Preloading 0 native plugins for Editor in 0.00 ms.
Unloading 4208 Unused Serialized files (Serialized files now loaded: 0)
Unloading 45 unused Assets / (229.1 KB). Loaded Objects now: 4660.
Memory consumption went from 159.0 MB to 158.7 MB.
Total: 3.976000 ms (FindLiveObjects: 0.354100 ms CreateObjectMapping: 0.240100 ms MarkObjects: 3.225600 ms  DeleteObjects: 0.155300 ms)

AssetImportParameters requested are different than current active one (requested -> active):
  custom:video-decoder-ogg-theora: a1e56fd34408186e4bbccfd4996cb3dc -> 
  custom:container-muxer-webm: aa71ff27fc2769a1b78a27578f13a17b -> 
  custom:container-demuxer-webm: 4f35f7cbe854078d1ac9338744f61a02 -> 
  custom:video-encoder-webm-vp8: eb34c28f22e8b96e1ab97ce403110664 -> 
  custom:video-codec-MediaFoundation-h265: 746d11721c4dcdbdad8f713fa42b33f4 -> 
  custom:audio-encoder-webm-vorbis: bf7c407c2cedff20999df2af8eb42d56 -> 
  custom:framework-win-MediaFoundation: 216162199b28c13a410421893ffa2e32 -> 
  custom:container-demuxer-ogg: 62fdf1f143b41e24485cea50d1cbac27 -> 
  custom:video-decoder-webm-vp8: 9c59270c3fd7afecdb556c50c9e8de78 -> 
  custom:audio-decoder-ogg-vorbis: bf7c407c2cedff20999df2af8eb42d56 -> 
========================================================================
Received Import Request.
  Time since last request: 66787.690085 seconds.
  path: Assets/Terrain/Platform Prefabs/BasicMap/BasicRaisedPlatform.prefab
  artifactKey: Guid(977ebd837c0328d4aa754361a3e7c867) Importer(815301076,1909f56bfc062723c751e8b465ee728b)
Start importing Assets/Terrain/Platform Prefabs/BasicMap/BasicRaisedPlatform.prefab using Guid(977ebd837c0328d4aa754361a3e7c867) Importer(815301076,1909f56bfc062723c751e8b465ee728b)  -> (artifact id: '2d8618b716d41fb9115f3a339eeb0cf3') in 0.165674 seconds 
========================================================================
Received Prepare
Registering precompiled user dll's ...
Registered in 0.012600 seconds.
Begin MonoManager ReloadAssembly
Symbol file LoadedFromMemory doesn't match image C:\Users\Gigabyte\OneDrive\Documents\GitHub\GameJam2022\FakeGameJam\Library\PackageCache\com.unity.visualscripting@1.7.8\Editor\VisualScripting.Core\Dependencies\YamlDotNet\Unity.VisualScripting.YamlDotNet.dll
Symbol file LoadedFromMemory doesn't match image C:\Users\Gigabyte\OneDrive\Documents\GitHub\GameJam2022\FakeGameJam\Library\PackageCache\com.unity.visualscripting@1.7.8\Editor\VisualScripting.Core\Dependencies\DotNetZip\Unity.VisualScripting.IonicZip.dll
Native extension for UWP target not found
Native extension for WindowsStandalone target not found
Native extension for OSXStandalone target not found
Native extension for WebGL target not found
Refreshing native plugins compatible for Editor in 0.87 ms, found 4 plugins.
Preloading 0 native plugins for Editor in 0.00 ms.
Mono: successfully reloaded assembly
- Completed reload, in  1.453 seconds
Domain Reload Profiling:
	ReloadAssembly (1453ms)
		BeginReloadAssembly (161ms)
			ExecutionOrderSort (0ms)
			DisableScriptedObjects (6ms)
			BackupInstance (0ms)
			ReleaseScriptingObjects (0ms)
			CreateAndSetChildDomain (40ms)
		EndReloadAssembly (1164ms)
			LoadAssemblies (130ms)
			RebuildTransferFunctionScriptingTraits (0ms)
			SetupTypeCache (341ms)
			ReleaseScriptCaches (2ms)
			RebuildScriptCaches (69ms)
			SetupLoadedEditorAssemblies (532ms)
				LogAssemblyErrors (0ms)
				InitializePlatformSupportModulesInManaged (30ms)
				SetLoadedEditorAssemblies (1ms)
				RefreshPlugins (1ms)
				BeforeProcessingInitializeOnLoad (130ms)
				ProcessInitializeOnLoadAttributes (302ms)
				ProcessInitializeOnLoadMethodAttributes (48ms)
				AfterProcessingInitializeOnLoad (19ms)
				EditorAssembliesLoaded (0ms)
			ExecutionOrderSort2 (0ms)
			AwakeInstancesAfterBackupRestoration (21ms)
Platform modules already initialized, skipping
Refreshing native plugins compatible for Editor in 3.90 ms, found 4 plugins.
Preloading 0 native plugins for Editor in 0.00 ms.
Unloading 4186 Unused Serialized files (Serialized files now loaded: 0)
Unloading 32 unused Assets / (195.8 KB). Loaded Objects now: 4671.
Memory consumption went from 161.6 MB to 161.4 MB.
Total: 5.511500 ms (FindLiveObjects: 0.351600 ms CreateObjectMapping: 0.273500 ms MarkObjects: 4.681200 ms  DeleteObjects: 0.204100 ms)

AssetImportParameters requested are different than current active one (requested -> active):
  custom:video-decoder-ogg-theora: a1e56fd34408186e4bbccfd4996cb3dc -> 
  custom:container-muxer-webm: aa71ff27fc2769a1b78a27578f13a17b -> 
  custom:container-demuxer-webm: 4f35f7cbe854078d1ac9338744f61a02 -> 
  custom:video-encoder-webm-vp8: eb34c28f22e8b96e1ab97ce403110664 -> 
  custom:video-codec-MediaFoundation-h265: 746d11721c4dcdbdad8f713fa42b33f4 -> 
  custom:audio-encoder-webm-vorbis: bf7c407c2cedff20999df2af8eb42d56 -> 
  custom:framework-win-MediaFoundation: 216162199b28c13a410421893ffa2e32 -> 
  custom:container-demuxer-ogg: 62fdf1f143b41e24485cea50d1cbac27 -> 
  custom:video-decoder-webm-vp8: 9c59270c3fd7afecdb556c50c9e8de78 -> 
  custom:audio-decoder-ogg-vorbis: bf7c407c2cedff20999df2af8eb42d56 -> 
========================================================================
Received Import Request.
  Time since last request: 185.609463 seconds.
  path: Assets/Terrain/Platform Prefabs/BasicMap/BasicRaisedPlatform.prefab
  artifactKey: Guid(977ebd837c0328d4aa754361a3e7c867) Importer(815301076,1909f56bfc062723c751e8b465ee728b)
Start importing Assets/Terrain/Platform Prefabs/BasicMap/BasicRaisedPlatform.prefab using Guid(977ebd837c0328d4aa754361a3e7c867) Importer(815301076,1909f56bfc062723c751e8b465ee728b)  -> (artifact id: '4050c81f177ebd97e50e43afe549481e') in 0.083164 seconds 
========================================================================
Received Import Request.
  Time since last request: 0.000022 seconds.
  path: Assets/Terrain/Platform Prefabs/BasicMap/Platform_Base.prefab
  artifactKey: Guid(60a3ebaa01ce8dc469d477401f03964f) Importer(815301076,1909f56bfc062723c751e8b465ee728b)
Start importing Assets/Terrain/Platform Prefabs/BasicMap/Platform_Base.prefab using Guid(60a3ebaa01ce8dc469d477401f03964f) Importer(815301076,1909f56bfc062723c751e8b465ee728b)  -> (artifact id: '89b1f9b00d8ea875940bda57874afb0e') in 0.034176 seconds 
========================================================================
Received Import Request.
  Time since last request: 0.000121 seconds.
  path: Assets/Terrain/Platform Prefabs/BasicMap/MiddleGap.prefab
  artifactKey: Guid(dc19528381b2e8e46a292c05cf69a7f7) Importer(815301076,1909f56bfc062723c751e8b465ee728b)
Start importing Assets/Terrain/Platform Prefabs/BasicMap/MiddleGap.prefab using Guid(dc19528381b2e8e46a292c05cf69a7f7) Importer(815301076,1909f56bfc062723c751e8b465ee728b)  -> (artifact id: '789498cf159242eaa39ab4643635156c') in 0.031507 seconds 
========================================================================
Received Import Request.
  Time since last request: 14.417965 seconds.
  path: Assets/Terrain/Platform Prefabs/BasicMap/BasicRaisedPlatform.prefab
  artifactKey: Guid(977ebd837c0328d4aa754361a3e7c867) Importer(815301076,1909f56bfc062723c751e8b465ee728b)
Start importing Assets/Terrain/Platform Prefabs/BasicMap/BasicRaisedPlatform.prefab using Guid(977ebd837c0328d4aa754361a3e7c867) Importer(815301076,1909f56bfc062723c751e8b465ee728b)  -> (artifact id: '7132be3609cf1ca90fb90102e283361c') in 0.028304 seconds 
========================================================================
Received Import Request.
  Time since last request: 0.000028 seconds.
  path: Assets/Terrain/Platform Prefabs/BasicMap/JumpWithHole.prefab
  artifactKey: Guid(0b3afafda4adc6a4f9e47335d52f17aa) Importer(815301076,1909f56bfc062723c751e8b465ee728b)
Start importing Assets/Terrain/Platform Prefabs/BasicMap/JumpWithHole.prefab using Guid(0b3afafda4adc6a4f9e47335d52f17aa) Importer(815301076,1909f56bfc062723c751e8b465ee728b)  -> (artifact id: '21ec066e657f920b1e386bc01ecde1b9') in 0.027557 seconds 
========================================================================
Received Import Request.
  Time since last request: 0.000053 seconds.
  path: Assets/Terrain/Platform Prefabs/BasicMap/Pyramid.prefab
  artifactKey: Guid(4711509c902b4ba46a3437b372f67108) Importer(815301076,1909f56bfc062723c751e8b465ee728b)
Start importing Assets/Terrain/Platform Prefabs/BasicMap/Pyramid.prefab using Guid(4711509c902b4ba46a3437b372f67108) Importer(815301076,1909f56bfc062723c751e8b465ee728b)  -> (artifact id: '92f7df58d4135d2c66a06dd8a86bac07') in 0.027272 seconds 
========================================================================
Received Import Request.
  Time since last request: 8.385362 seconds.
  path: Assets/Terrain/Platform Prefabs/BasicMap/BasicRaisedPlatform.prefab
  artifactKey: Guid(977ebd837c0328d4aa754361a3e7c867) Importer(815301076,1909f56bfc062723c751e8b465ee728b)
Start importing Assets/Terrain/Platform Prefabs/BasicMap/BasicRaisedPlatform.prefab using Guid(977ebd837c0328d4aa754361a3e7c867) Importer(815301076,1909f56bfc062723c751e8b465ee728b)  -> (artifact id: '7cf8f6ca84368c5354ddac1d5bf9e06e') in 0.026704 seconds 
========================================================================
Received Import Request.
  Time since last request: 0.000019 seconds.
  path: Assets/Terrain/Platform Prefabs/BasicMap/Platform_Base.prefab
  artifactKey: Guid(60a3ebaa01ce8dc469d477401f03964f) Importer(815301076,1909f56bfc062723c751e8b465ee728b)
Start importing Assets/Terrain/Platform Prefabs/BasicMap/Platform_Base.prefab using Guid(60a3ebaa01ce8dc469d477401f03964f) Importer(815301076,1909f56bfc062723c751e8b465ee728b)  -> (artifact id: '4ef7ba156fc426f3455c6e5cf14fe7d1') in 0.025596 seconds 
========================================================================
Received Import Request.
  Time since last request: 0.000021 seconds.
  path: Assets/Terrain/Platform Prefabs/BasicMap/Pyramid.prefab
  artifactKey: Guid(4711509c902b4ba46a3437b372f67108) Importer(815301076,1909f56bfc062723c751e8b465ee728b)
Start importing Assets/Terrain/Platform Prefabs/BasicMap/Pyramid.prefab using Guid(4711509c902b4ba46a3437b372f67108) Importer(815301076,1909f56bfc062723c751e8b465ee728b)  -> (artifact id: '3da45573723096de9daebda242f86184') in 0.022287 seconds 
========================================================================
Received Import Request.
  Time since last request: 107.695107 seconds.
  path: Assets/Terrain/Platform Prefabs/BasicMap/BasicRaisedPlatform.prefab
  artifactKey: Guid(977ebd837c0328d4aa754361a3e7c867) Importer(815301076,1909f56bfc062723c751e8b465ee728b)
Start importing Assets/Terrain/Platform Prefabs/BasicMap/BasicRaisedPlatform.prefab using Guid(977ebd837c0328d4aa754361a3e7c867) Importer(815301076,1909f56bfc062723c751e8b465ee728b)  -> (artifact id: '148e68aa8b701485cea687be7e082ce1') in 0.031384 seconds 
========================================================================
Received Import Request.
  Time since last request: 0.000024 seconds.
  path: Assets/Terrain/Platform Prefabs/BasicMap/JumpAndFall.prefab
  artifactKey: Guid(86a1a986d1508414ba4c8370a2d5c293) Importer(815301076,1909f56bfc062723c751e8b465ee728b)
Start importing Assets/Terrain/Platform Prefabs/BasicMap/JumpAndFall.prefab using Guid(86a1a986d1508414ba4c8370a2d5c293) Importer(815301076,1909f56bfc062723c751e8b465ee728b)  -> (artifact id: 'b7a0f20fcdaa9d10cc83b4b4685d24d1') in 0.027801 seconds 
========================================================================
Received Import Request.
  Time since last request: 0.000037 seconds.
  path: Assets/Terrain/Platform Prefabs/BasicMap/JumpWithHole.prefab
  artifactKey: Guid(0b3afafda4adc6a4f9e47335d52f17aa) Importer(815301076,1909f56bfc062723c751e8b465ee728b)
Start importing Assets/Terrain/Platform Prefabs/BasicMap/JumpWithHole.prefab using Guid(0b3afafda4adc6a4f9e47335d52f17aa) Importer(815301076,1909f56bfc062723c751e8b465ee728b)  -> (artifact id: '75f04ec6e62d541a11807119d1e26ca1') in 0.029433 seconds 
========================================================================
Received Import Request.
  Time since last request: 0.000034 seconds.
  path: Assets/Terrain/Platform Prefabs/BasicMap/Pyramid.prefab
  artifactKey: Guid(4711509c902b4ba46a3437b372f67108) Importer(815301076,1909f56bfc062723c751e8b465ee728b)
Start importing Assets/Terrain/Platform Prefabs/BasicMap/Pyramid.prefab using Guid(4711509c902b4ba46a3437b372f67108) Importer(815301076,1909f56bfc062723c751e8b465ee728b)  -> (artifact id: '19293950faa6e35e41a56cc7781424a3') in 0.025447 seconds 
========================================================================
Received Import Request.
  Time since last request: 8.207571 seconds.
  path: Assets/Terrain/Platform Prefabs/BasicMap/BasicRaisedPlatform.prefab
  artifactKey: Guid(977ebd837c0328d4aa754361a3e7c867) Importer(815301076,1909f56bfc062723c751e8b465ee728b)
Start importing Assets/Terrain/Platform Prefabs/BasicMap/BasicRaisedPlatform.prefab using Guid(977ebd837c0328d4aa754361a3e7c867) Importer(815301076,1909f56bfc062723c751e8b465ee728b)  -> (artifact id: '30f81cca240d3c7876944f4d2212e282') in 0.023881 seconds 
========================================================================
Received Import Request.
  Time since last request: 0.000031 seconds.
  path: Assets/Terrain/Platform Prefabs/BasicMap/Platform_Base.prefab
  artifactKey: Guid(60a3ebaa01ce8dc469d477401f03964f) Importer(815301076,1909f56bfc062723c751e8b465ee728b)
Start importing Assets/Terrain/Platform Prefabs/BasicMap/Platform_Base.prefab using Guid(60a3ebaa01ce8dc469d477401f03964f) Importer(815301076,1909f56bfc062723c751e8b465ee728b)  -> (artifact id: 'ab6e26bf77ed54af619c397b063d1527') in 0.028556 seconds 
========================================================================
Received Import Request.
  Time since last request: 0.000022 seconds.
  path: Assets/Terrain/Platform Prefabs/BasicMap/MiddleGap.prefab
  artifactKey: Guid(dc19528381b2e8e46a292c05cf69a7f7) Importer(815301076,1909f56bfc062723c751e8b465ee728b)
Start importing Assets/Terrain/Platform Prefabs/BasicMap/MiddleGap.prefab using Guid(dc19528381b2e8e46a292c05cf69a7f7) Importer(815301076,1909f56bfc062723c751e8b465ee728b)  -> (artifact id: '7a1ecf56f25c04beb68bd76f8a4d96db') in 0.027561 seconds 
========================================================================
Received Import Request.
  Time since last request: 15.344280 seconds.
  path: Assets/Terrain/Platform Prefabs/BasicMap/BasicRaisedPlatform.prefab
  artifactKey: Guid(977ebd837c0328d4aa754361a3e7c867) Importer(815301076,1909f56bfc062723c751e8b465ee728b)
Start importing Assets/Terrain/Platform Prefabs/BasicMap/BasicRaisedPlatform.prefab using Guid(977ebd837c0328d4aa754361a3e7c867) Importer(815301076,1909f56bfc062723c751e8b465ee728b)  -> (artifact id: 'caa72f421486ec7d153053c2378b83be') in 0.026818 seconds 
========================================================================
Received Import Request.
  Time since last request: 0.000018 seconds.
  path: Assets/Terrain/Platform Prefabs/BasicMap/JumpWithHole.prefab
  artifactKey: Guid(0b3afafda4adc6a4f9e47335d52f17aa) Importer(815301076,1909f56bfc062723c751e8b465ee728b)
Start importing Assets/Terrain/Platform Prefabs/BasicMap/JumpWithHole.prefab using Guid(0b3afafda4adc6a4f9e47335d52f17aa) Importer(815301076,1909f56bfc062723c751e8b465ee728b)  -> (artifact id: '6741dd339a1095b3206c618bebb95aa8') in 0.025840 seconds 
========================================================================
Received Import Request.
  Time since last request: 7.298930 seconds.
  path: Assets/Terrain/Platform Prefabs/BasicMap/BasicRaisedPlatform.prefab
  artifactKey: Guid(977ebd837c0328d4aa754361a3e7c867) Importer(815301076,1909f56bfc062723c751e8b465ee728b)
Start importing Assets/Terrain/Platform Prefabs/BasicMap/BasicRaisedPlatform.prefab using Guid(977ebd837c0328d4aa754361a3e7c867) Importer(815301076,1909f56bfc062723c751e8b465ee728b)  -> (artifact id: 'd841b1b8f00b883e59383042524ee213') in 0.027380 seconds 
========================================================================
Received Import Request.
  Time since last request: 0.000021 seconds.
  path: Assets/Terrain/Platform Prefabs/BasicMap/JumpWithHole.prefab
  artifactKey: Guid(0b3afafda4adc6a4f9e47335d52f17aa) Importer(815301076,1909f56bfc062723c751e8b465ee728b)
Start importing Assets/Terrain/Platform Prefabs/BasicMap/JumpWithHole.prefab using Guid(0b3afafda4adc6a4f9e47335d52f17aa) Importer(815301076,1909f56bfc062723c751e8b465ee728b)  -> (artifact id: '43a28db9996e4f60878d04dc7a1152a4') in 0.031445 seconds 
========================================================================
Received Import Request.
  Time since last request: 15.221893 seconds.
  path: Assets/Terrain/Platform Prefabs/BasicMap/BasicRaisedPlatform.prefab
  artifactKey: Guid(977ebd837c0328d4aa754361a3e7c867) Importer(815301076,1909f56bfc062723c751e8b465ee728b)
Start importing Assets/Terrain/Platform Prefabs/BasicMap/BasicRaisedPlatform.prefab using Guid(977ebd837c0328d4aa754361a3e7c867) Importer(815301076,1909f56bfc062723c751e8b465ee728b)  -> (artifact id: '8a19bbb59b36df095e4fa3cbb1bc20ce') in 0.024848 seconds 
========================================================================
Received Import Request.
  Time since last request: 0.000048 seconds.
  path: Assets/Terrain/Platform Prefabs/BasicMap/JumpWithHole.prefab
  artifactKey: Guid(0b3afafda4adc6a4f9e47335d52f17aa) Importer(815301076,1909f56bfc062723c751e8b465ee728b)
Start importing Assets/Terrain/Platform Prefabs/BasicMap/JumpWithHole.prefab using Guid(0b3afafda4adc6a4f9e47335d52f17aa) Importer(815301076,1909f56bfc062723c751e8b465ee728b)  -> (artifact id: '5030e03384b2ce3e2f2aef5a7fc1e90d') in 0.024634 seconds 
========================================================================
Received Import Request.
  Time since last request: 0.000028 seconds.
  path: Assets/Terrain/Platform Prefabs/BasicMap/Pyramid.prefab
  artifactKey: Guid(4711509c902b4ba46a3437b372f67108) Importer(815301076,1909f56bfc062723c751e8b465ee728b)
Start importing Assets/Terrain/Platform Prefabs/BasicMap/Pyramid.prefab using Guid(4711509c902b4ba46a3437b372f67108) Importer(815301076,1909f56bfc062723c751e8b465ee728b)  -> (artifact id: '1d752802324638974f73d46cddc2dca1') in 0.021440 seconds 
========================================================================
Received Import Request.
  Time since last request: 12.298863 seconds.
  path: Assets/Terrain/Platform Prefabs/BasicMap/BasicRaisedPlatform.prefab
  artifactKey: Guid(977ebd837c0328d4aa754361a3e7c867) Importer(815301076,1909f56bfc062723c751e8b465ee728b)
Start importing Assets/Terrain/Platform Prefabs/BasicMap/BasicRaisedPlatform.prefab using Guid(977ebd837c0328d4aa754361a3e7c867) Importer(815301076,1909f56bfc062723c751e8b465ee728b)  -> (artifact id: 'a8cd1e7c9bc5f460e142403bb116fe13') in 0.028370 seconds 
========================================================================
Received Import Request.
  Time since last request: 0.000020 seconds.
  path: Assets/Terrain/Platform Prefabs/BasicMap/JumpWithHole.prefab
  artifactKey: Guid(0b3afafda4adc6a4f9e47335d52f17aa) Importer(815301076,1909f56bfc062723c751e8b465ee728b)
Start importing Assets/Terrain/Platform Prefabs/BasicMap/JumpWithHole.prefab using Guid(0b3afafda4adc6a4f9e47335d52f17aa) Importer(815301076,1909f56bfc062723c751e8b465ee728b)  -> (artifact id: 'a321ad12bf52d2ad0e8dfa9b071315e2') in 0.029605 seconds 
========================================================================
Received Import Request.
  Time since last request: 9.478704 seconds.
  path: Assets/Terrain/Platform Prefabs/BasicMap/BasicRaisedPlatform.prefab
  artifactKey: Guid(977ebd837c0328d4aa754361a3e7c867) Importer(815301076,1909f56bfc062723c751e8b465ee728b)
Start importing Assets/Terrain/Platform Prefabs/BasicMap/BasicRaisedPlatform.prefab using Guid(977ebd837c0328d4aa754361a3e7c867) Importer(815301076,1909f56bfc062723c751e8b465ee728b)  -> (artifact id: '86cbba8cbf478ca629ae702653bbac73') in 0.028216 seconds 
========================================================================
Received Import Request.
  Time since last request: 0.000023 seconds.
  path: Assets/Terrain/Platform Prefabs/BasicMap/JumpWithHole.prefab
  artifactKey: Guid(0b3afafda4adc6a4f9e47335d52f17aa) Importer(815301076,1909f56bfc062723c751e8b465ee728b)
Start importing Assets/Terrain/Platform Prefabs/BasicMap/JumpWithHole.prefab using Guid(0b3afafda4adc6a4f9e47335d52f17aa) Importer(815301076,1909f56bfc062723c751e8b465ee728b)  -> (artifact id: 'a8fc760af4fff5ea17b50fdfe73b44c5') in 0.027795 seconds 
========================================================================
Received Import Request.
  Time since last request: 5.422295 seconds.
  path: Assets/Terrain/Platform Prefabs/BasicMap/BasicRaisedPlatform.prefab
  artifactKey: Guid(977ebd837c0328d4aa754361a3e7c867) Importer(815301076,1909f56bfc062723c751e8b465ee728b)
Start importing Assets/Terrain/Platform Prefabs/BasicMap/BasicRaisedPlatform.prefab using Guid(977ebd837c0328d4aa754361a3e7c867) Importer(815301076,1909f56bfc062723c751e8b465ee728b)  -> (artifact id: '82c10f23cf08b1425b7e2e5103cc97f5') in 0.031762 seconds 
========================================================================
Received Import Request.
  Time since last request: 0.000023 seconds.
  path: Assets/Terrain/Platform Prefabs/BasicMap/JumpWithHole.prefab
  artifactKey: Guid(0b3afafda4adc6a4f9e47335d52f17aa) Importer(815301076,1909f56bfc062723c751e8b465ee728b)
Start importing Assets/Terrain/Platform Prefabs/BasicMap/JumpWithHole.prefab using Guid(0b3afafda4adc6a4f9e47335d52f17aa) Importer(815301076,1909f56bfc062723c751e8b465ee728b)  -> (artifact id: 'fb43477d3be74d21b0ab45c1f21d83c1') in 0.034274 seconds 
========================================================================
Received Import Request.
  Time since last request: 5.217628 seconds.
  path: Assets/Terrain/Platform Prefabs/BasicMap/BasicRaisedPlatform.prefab
  artifactKey: Guid(977ebd837c0328d4aa754361a3e7c867) Importer(815301076,1909f56bfc062723c751e8b465ee728b)
Start importing Assets/Terrain/Platform Prefabs/BasicMap/BasicRaisedPlatform.prefab using Guid(977ebd837c0328d4aa754361a3e7c867) Importer(815301076,1909f56bfc062723c751e8b465ee728b)  -> (artifact id: '712dff721df9c35c95dfdc23f53f05f6') in 0.026676 seconds 
========================================================================
Received Import Request.
  Time since last request: 0.000022 seconds.
  path: Assets/Terrain/Platform Prefabs/BasicMap/Platform_Base.prefab
  artifactKey: Guid(60a3ebaa01ce8dc469d477401f03964f) Importer(815301076,1909f56bfc062723c751e8b465ee728b)
Start importing Assets/Terrain/Platform Prefabs/BasicMap/Platform_Base.prefab using Guid(60a3ebaa01ce8dc469d477401f03964f) Importer(815301076,1909f56bfc062723c751e8b465ee728b)  -> (artifact id: '98f5de3d922045f884cab5781cc60882') in 0.026019 seconds 
========================================================================
Received Import Request.
  Time since last request: 0.000025 seconds.
  path: Assets/Terrain/Platform Prefabs/BasicMap/Pyramid.prefab
  artifactKey: Guid(4711509c902b4ba46a3437b372f67108) Importer(815301076,1909f56bfc062723c751e8b465ee728b)
Start importing Assets/Terrain/Platform Prefabs/BasicMap/Pyramid.prefab using Guid(4711509c902b4ba46a3437b372f67108) Importer(815301076,1909f56bfc062723c751e8b465ee728b)  -> (artifact id: '074f09169a2eb5f5d4fc309a34bcbfa3') in 0.022107 seconds 
========================================================================
Received Import Request.
  Time since last request: 12.960611 seconds.
  path: Assets/Terrain/Platform Prefabs/BasicMap/BasicRaisedPlatform.prefab
  artifactKey: Guid(977ebd837c0328d4aa754361a3e7c867) Importer(815301076,1909f56bfc062723c751e8b465ee728b)
Start importing Assets/Terrain/Platform Prefabs/BasicMap/BasicRaisedPlatform.prefab using Guid(977ebd837c0328d4aa754361a3e7c867) Importer(815301076,1909f56bfc062723c751e8b465ee728b)  -> (artifact id: '543d5e96d5ee023cc6a9d1b8f25ce584') in 0.025282 seconds 
========================================================================
Received Import Request.
  Time since last request: 0.000020 seconds.
  path: Assets/Terrain/Platform Prefabs/BasicMap/Platform_Base.prefab
  artifactKey: Guid(60a3ebaa01ce8dc469d477401f03964f) Importer(815301076,1909f56bfc062723c751e8b465ee728b)
Start importing Assets/Terrain/Platform Prefabs/BasicMap/Platform_Base.prefab using Guid(60a3ebaa01ce8dc469d477401f03964f) Importer(815301076,1909f56bfc062723c751e8b465ee728b)  -> (artifact id: 'f45de9daac67336383c618841a720a65') in 0.035956 seconds 
========================================================================
Received Import Request.
  Time since last request: 30.778059 seconds.
  path: Assets/Terrain/Platform Prefabs/BasicMap/BasicRaisedPlatform.prefab
  artifactKey: Guid(977ebd837c0328d4aa754361a3e7c867) Importer(815301076,1909f56bfc062723c751e8b465ee728b)
Start importing Assets/Terrain/Platform Prefabs/BasicMap/BasicRaisedPlatform.prefab using Guid(977ebd837c0328d4aa754361a3e7c867) Importer(815301076,1909f56bfc062723c751e8b465ee728b)  -> (artifact id: 'e6e174ccd0a97e25c91089fc125798aa') in 0.030049 seconds 
========================================================================
Received Import Request.
  Time since last request: 0.000022 seconds.
  path: Assets/Terrain/Platform Prefabs/BasicMap/JumpWithHole.prefab
  artifactKey: Guid(0b3afafda4adc6a4f9e47335d52f17aa) Importer(815301076,1909f56bfc062723c751e8b465ee728b)
Start importing Assets/Terrain/Platform Prefabs/BasicMap/JumpWithHole.prefab using Guid(0b3afafda4adc6a4f9e47335d52f17aa) Importer(815301076,1909f56bfc062723c751e8b465ee728b)  -> (artifact id: '85633efdd920f43b18f999daa28a2e08') in 0.026332 seconds 
========================================================================
Received Import Request.
  Time since last request: 0.000023 seconds.
  path: Assets/Terrain/Platform Prefabs/BasicMap/Pyramid.prefab
  artifactKey: Guid(4711509c902b4ba46a3437b372f67108) Importer(815301076,1909f56bfc062723c751e8b465ee728b)
Start importing Assets/Terrain/Platform Prefabs/BasicMap/Pyramid.prefab using Guid(4711509c902b4ba46a3437b372f67108) Importer(815301076,1909f56bfc062723c751e8b465ee728b)  -> (artifact id: '168ec43c6f4e8688427aba99ed883067') in 0.023404 seconds 
========================================================================
Received Import Request.
  Time since last request: 6.401672 seconds.
  path: Assets/Terrain/Platform Prefabs/BasicMap/BasicRaisedPlatform.prefab
  artifactKey: Guid(977ebd837c0328d4aa754361a3e7c867) Importer(815301076,1909f56bfc062723c751e8b465ee728b)
Start importing Assets/Terrain/Platform Prefabs/BasicMap/BasicRaisedPlatform.prefab using Guid(977ebd837c0328d4aa754361a3e7c867) Importer(815301076,1909f56bfc062723c751e8b465ee728b)  -> (artifact id: 'caa18e8fa4aa6329cef7159db6aef0d4') in 0.028211 seconds 
========================================================================
Received Import Request.
  Time since last request: 0.000020 seconds.
  path: Assets/Terrain/Platform Prefabs/BasicMap/Platform_Base.prefab
  artifactKey: Guid(60a3ebaa01ce8dc469d477401f03964f) Importer(815301076,1909f56bfc062723c751e8b465ee728b)
Start importing Assets/Terrain/Platform Prefabs/BasicMap/Platform_Base.prefab using Guid(60a3ebaa01ce8dc469d477401f03964f) Importer(815301076,1909f56bfc062723c751e8b465ee728b)  -> (artifact id: '0c3d7a81e8dfe71e7ac3be12655ac727') in 0.030450 seconds 
========================================================================
Received Import Request.
  Time since last request: 0.000021 seconds.
  path: Assets/Terrain/Platform Prefabs/BasicMap/Pyramid.prefab
  artifactKey: Guid(4711509c902b4ba46a3437b372f67108) Importer(815301076,1909f56bfc062723c751e8b465ee728b)
Start importing Assets/Terrain/Platform Prefabs/BasicMap/Pyramid.prefab using Guid(4711509c902b4ba46a3437b372f67108) Importer(815301076,1909f56bfc062723c751e8b465ee728b)  -> (artifact id: '8d1395a6471dd8d962b46ec228662df4') in 0.023176 seconds 
========================================================================
Received Prepare
Registering precompiled user dll's ...
Registered in 0.016732 seconds.
Begin MonoManager ReloadAssembly
Symbol file LoadedFromMemory doesn't match image C:\Users\Gigabyte\OneDrive\Documents\GitHub\GameJam2022\FakeGameJam\Library\PackageCache\com.unity.visualscripting@1.7.8\Editor\VisualScripting.Core\Dependencies\YamlDotNet\Unity.VisualScripting.YamlDotNet.dll
Symbol file LoadedFromMemory doesn't match image C:\Users\Gigabyte\OneDrive\Documents\GitHub\GameJam2022\FakeGameJam\Library\PackageCache\com.unity.visualscripting@1.7.8\Editor\VisualScripting.Core\Dependencies\DotNetZip\Unity.VisualScripting.IonicZip.dll
Native extension for UWP target not found
Native extension for WindowsStandalone target not found
Native extension for OSXStandalone target not found
Native extension for WebGL target not found
Refreshing native plugins compatible for Editor in 1.48 ms, found 4 plugins.
Preloading 0 native plugins for Editor in 0.00 ms.
Mono: successfully reloaded assembly
- Completed reload, in  1.692 seconds
Domain Reload Profiling:
	ReloadAssembly (1693ms)
		BeginReloadAssembly (184ms)
			ExecutionOrderSort (0ms)
			DisableScriptedObjects (8ms)
			BackupInstance (0ms)
			ReleaseScriptingObjects (0ms)
			CreateAndSetChildDomain (47ms)
		EndReloadAssembly (1376ms)
			LoadAssemblies (155ms)
			RebuildTransferFunctionScriptingTraits (0ms)
			SetupTypeCache (420ms)
			ReleaseScriptCaches (2ms)
			RebuildScriptCaches (80ms)
			SetupLoadedEditorAssemblies (627ms)
				LogAssemblyErrors (0ms)
				InitializePlatformSupportModulesInManaged (33ms)
				SetLoadedEditorAssemblies (1ms)
				RefreshPlugins (2ms)
				BeforeProcessingInitializeOnLoad (147ms)
				ProcessInitializeOnLoadAttributes (359ms)
				ProcessInitializeOnLoadMethodAttributes (66ms)
				AfterProcessingInitializeOnLoad (19ms)
				EditorAssembliesLoaded (0ms)
			ExecutionOrderSort2 (0ms)
			AwakeInstancesAfterBackupRestoration (26ms)
Platform modules already initialized, skipping
Refreshing native plugins compatible for Editor in 5.18 ms, found 4 plugins.
Preloading 0 native plugins for Editor in 0.00 ms.
Unloading 4186 Unused Serialized files (Serialized files now loaded: 0)
Unloading 32 unused Assets / (195.9 KB). Loaded Objects now: 4674.
Memory consumption went from 161.6 MB to 161.5 MB.
Total: 5.701000 ms (FindLiveObjects: 0.373400 ms CreateObjectMapping: 0.500200 ms MarkObjects: 4.568000 ms  DeleteObjects: 0.257700 ms)

AssetImportParameters requested are different than current active one (requested -> active):
  custom:video-decoder-ogg-theora: a1e56fd34408186e4bbccfd4996cb3dc -> 
  custom:container-muxer-webm: aa71ff27fc2769a1b78a27578f13a17b -> 
  custom:container-demuxer-webm: 4f35f7cbe854078d1ac9338744f61a02 -> 
  custom:video-encoder-webm-vp8: eb34c28f22e8b96e1ab97ce403110664 -> 
  custom:video-codec-MediaFoundation-h265: 746d11721c4dcdbdad8f713fa42b33f4 -> 
  custom:audio-encoder-webm-vorbis: bf7c407c2cedff20999df2af8eb42d56 -> 
  custom:framework-win-MediaFoundation: 216162199b28c13a410421893ffa2e32 -> 
  custom:container-demuxer-ogg: 62fdf1f143b41e24485cea50d1cbac27 -> 
  custom:video-decoder-webm-vp8: 9c59270c3fd7afecdb556c50c9e8de78 -> 
  custom:audio-decoder-ogg-vorbis: bf7c407c2cedff20999df2af8eb42d56 -> 
========================================================================
Received Import Request.
  Time since last request: 60.689544 seconds.
  path: Assets/Terrain/Platform Prefabs/Negative/BadBasicPlane.prefab
  artifactKey: Guid(40e8ea75827ecd64f9fd3fbcf0abddb2) Importer(815301076,1909f56bfc062723c751e8b465ee728b)
Start importing Assets/Terrain/Platform Prefabs/Negative/BadBasicPlane.prefab using Guid(40e8ea75827ecd64f9fd3fbcf0abddb2) Importer(815301076,1909f56bfc062723c751e8b465ee728b)  -> (artifact id: 'efef428b170afbea2204ff48cee0be75') in 0.079485 seconds 
========================================================================
Received Import Request.
  Time since last request: 6.400831 seconds.
  path: Assets/Terrain/Platform Prefabs/Negative/BadBasicPlane.prefab
  artifactKey: Guid(40e8ea75827ecd64f9fd3fbcf0abddb2) Importer(815301076,1909f56bfc062723c751e8b465ee728b)
Start importing Assets/Terrain/Platform Prefabs/Negative/BadBasicPlane.prefab using Guid(40e8ea75827ecd64f9fd3fbcf0abddb2) Importer(815301076,1909f56bfc062723c751e8b465ee728b)  -> (artifact id: '0e7215e676549611afd1e7d25ca7dc2c') in 0.016509 seconds 
========================================================================
Received Import Request.
  Time since last request: 7.480173 seconds.
  path: Assets/Terrain/Platform Prefabs/Negative/BadBasicPlane.prefab
  artifactKey: Guid(40e8ea75827ecd64f9fd3fbcf0abddb2) Importer(815301076,1909f56bfc062723c751e8b465ee728b)
Start importing Assets/Terrain/Platform Prefabs/Negative/BadBasicPlane.prefab using Guid(40e8ea75827ecd64f9fd3fbcf0abddb2) Importer(815301076,1909f56bfc062723c751e8b465ee728b)  -> (artifact id: '2c11992891e74bd9882184ccd80b48f8') in 0.018559 seconds 
========================================================================
Received Import Request.
  Time since last request: 0.000024 seconds.
  path: Assets/Terrain/Platform Prefabs/Negative/Bridge.prefab
  artifactKey: Guid(901cccde22af38d40912d134ae9e36d5) Importer(815301076,1909f56bfc062723c751e8b465ee728b)
Start importing Assets/Terrain/Platform Prefabs/Negative/Bridge.prefab using Guid(901cccde22af38d40912d134ae9e36d5) Importer(815301076,1909f56bfc062723c751e8b465ee728b)  -> (artifact id: '34890a6a26ec0f0dd19bf252813ef530') in 0.017994 seconds 
========================================================================
Received Import Request.
  Time since last request: 0.000024 seconds.
  path: Assets/Terrain/Platform Prefabs/Negative/WallRun.prefab
  artifactKey: Guid(38fdaf59e6581e845a2be102f97474fd) Importer(815301076,1909f56bfc062723c751e8b465ee728b)
Start importing Assets/Terrain/Platform Prefabs/Negative/WallRun.prefab using Guid(38fdaf59e6581e845a2be102f97474fd) Importer(815301076,1909f56bfc062723c751e8b465ee728b)  -> (artifact id: '1891f08c488e05da57e56816a9661606') in 0.019682 seconds 
========================================================================
Received Import Request.
  Time since last request: 0.000021 seconds.
  path: Assets/Terrain/Platform Prefabs/Negative/jumpAndFallIntoWire.prefab
  artifactKey: Guid(42d9e8c35e6e74c4095840d00c615cba) Importer(815301076,1909f56bfc062723c751e8b465ee728b)
Start importing Assets/Terrain/Platform Prefabs/Negative/jumpAndFallIntoWire.prefab using Guid(42d9e8c35e6e74c4095840d00c615cba) Importer(815301076,1909f56bfc062723c751e8b465ee728b)  -> (artifact id: 'e53e3cad7255498f61918fe07505485d') in 0.023973 seconds 
========================================================================
Received Import Request.
  Time since last request: 6.286343 seconds.
  path: Assets/Terrain/Platform Prefabs/Negative/BadBasicPlane.prefab
  artifactKey: Guid(40e8ea75827ecd64f9fd3fbcf0abddb2) Importer(815301076,1909f56bfc062723c751e8b465ee728b)
Start importing Assets/Terrain/Platform Prefabs/Negative/BadBasicPlane.prefab using Guid(40e8ea75827ecd64f9fd3fbcf0abddb2) Importer(815301076,1909f56bfc062723c751e8b465ee728b)  -> (artifact id: '1650c150cbb06c3c864409f5f22fd49c') in 0.019681 seconds 
========================================================================
Received Import Request.
  Time since last request: 0.000029 seconds.
  path: Assets/Terrain/Platform Prefabs/Negative/WallRun.prefab
  artifactKey: Guid(38fdaf59e6581e845a2be102f97474fd) Importer(815301076,1909f56bfc062723c751e8b465ee728b)
Start importing Assets/Terrain/Platform Prefabs/Negative/WallRun.prefab using Guid(38fdaf59e6581e845a2be102f97474fd) Importer(815301076,1909f56bfc062723c751e8b465ee728b)  -> (artifact id: '0de7c072a58c75f18c2604b84b8a7986') in 0.017400 seconds 
========================================================================
Received Import Request.
  Time since last request: 0.000057 seconds.
  path: Assets/Terrain/Platform Prefabs/Negative/DoubleJumpTest.prefab
  artifactKey: Guid(e5434eeab92e8ef4ea8370d83bf185de) Importer(815301076,1909f56bfc062723c751e8b465ee728b)
Start importing Assets/Terrain/Platform Prefabs/Negative/DoubleJumpTest.prefab using Guid(e5434eeab92e8ef4ea8370d83bf185de) Importer(815301076,1909f56bfc062723c751e8b465ee728b)  -> (artifact id: '5d27ac2877b4bcebd2a38c57d339e8e9') in 0.015424 seconds 
========================================================================
Received Import Request.
  Time since last request: 16.986612 seconds.
  path: Assets/Terrain/Platform Prefabs/Negative/BadBasicPlane.prefab
  artifactKey: Guid(40e8ea75827ecd64f9fd3fbcf0abddb2) Importer(815301076,1909f56bfc062723c751e8b465ee728b)
Start importing Assets/Terrain/Platform Prefabs/Negative/BadBasicPlane.prefab using Guid(40e8ea75827ecd64f9fd3fbcf0abddb2) Importer(815301076,1909f56bfc062723c751e8b465ee728b)  -> (artifact id: '0ff0afa0e3f3a3272f353bef8a227e7e') in 0.018560 seconds 
========================================================================
Received Import Request.
  Time since last request: 0.000023 seconds.
  path: Assets/Terrain/Platform Prefabs/Negative/WallRun.prefab
  artifactKey: Guid(38fdaf59e6581e845a2be102f97474fd) Importer(815301076,1909f56bfc062723c751e8b465ee728b)
Start importing Assets/Terrain/Platform Prefabs/Negative/WallRun.prefab using Guid(38fdaf59e6581e845a2be102f97474fd) Importer(815301076,1909f56bfc062723c751e8b465ee728b)  -> (artifact id: '42730191e1409de93d264aadc68ac6e7') in 0.018106 seconds 
========================================================================
Received Import Request.
  Time since last request: 10.261690 seconds.
  path: Assets/Terrain/Platform Prefabs/Negative/BadBasicPlane.prefab
  artifactKey: Guid(40e8ea75827ecd64f9fd3fbcf0abddb2) Importer(815301076,1909f56bfc062723c751e8b465ee728b)
Start importing Assets/Terrain/Platform Prefabs/Negative/BadBasicPlane.prefab using Guid(40e8ea75827ecd64f9fd3fbcf0abddb2) Importer(815301076,1909f56bfc062723c751e8b465ee728b)  -> (artifact id: 'e88d7b4a238cf316104d80c15a03c4b9') in 0.017105 seconds 
========================================================================
Received Import Request.
  Time since last request: 0.000022 seconds.
  path: Assets/Terrain/Platform Prefabs/Negative/jumpAndFallIntoWire.prefab
  artifactKey: Guid(42d9e8c35e6e74c4095840d00c615cba) Importer(815301076,1909f56bfc062723c751e8b465ee728b)
Start importing Assets/Terrain/Platform Prefabs/Negative/jumpAndFallIntoWire.prefab using Guid(42d9e8c35e6e74c4095840d00c615cba) Importer(815301076,1909f56bfc062723c751e8b465ee728b)  -> (artifact id: '236332723880bcde836c9fc67d452165') in 0.014815 seconds 
========================================================================
Received Import Request.
  Time since last request: 8.563870 seconds.
  path: Assets/Terrain/Platform Prefabs/Negative/BadBasicPlane.prefab
  artifactKey: Guid(40e8ea75827ecd64f9fd3fbcf0abddb2) Importer(815301076,1909f56bfc062723c751e8b465ee728b)
Start importing Assets/Terrain/Platform Prefabs/Negative/BadBasicPlane.prefab using Guid(40e8ea75827ecd64f9fd3fbcf0abddb2) Importer(815301076,1909f56bfc062723c751e8b465ee728b)  -> (artifact id: 'f44c2fddb2adad19b14179e382be7f6c') in 0.019718 seconds 
========================================================================
Received Import Request.
  Time since last request: 0.000026 seconds.
  path: Assets/Terrain/Platform Prefabs/Negative/jumpAndFallIntoWire.prefab
  artifactKey: Guid(42d9e8c35e6e74c4095840d00c615cba) Importer(815301076,1909f56bfc062723c751e8b465ee728b)
Start importing Assets/Terrain/Platform Prefabs/Negative/jumpAndFallIntoWire.prefab using Guid(42d9e8c35e6e74c4095840d00c615cba) Importer(815301076,1909f56bfc062723c751e8b465ee728b)  -> (artifact id: '1c77235d1b9908cea21010c9db679c61') in 0.022112 seconds 
========================================================================
Received Import Request.
  Time since last request: 10.904718 seconds.
  path: Assets/Terrain/Platform Prefabs/Negative/BadBasicPlane.prefab
  artifactKey: Guid(40e8ea75827ecd64f9fd3fbcf0abddb2) Importer(815301076,1909f56bfc062723c751e8b465ee728b)
Start importing Assets/Terrain/Platform Prefabs/Negative/BadBasicPlane.prefab using Guid(40e8ea75827ecd64f9fd3fbcf0abddb2) Importer(815301076,1909f56bfc062723c751e8b465ee728b)  -> (artifact id: '33c7a4cc299ae439351447877c1d663c') in 0.019139 seconds 
========================================================================
Received Import Request.
  Time since last request: 0.000020 seconds.
  path: Assets/Terrain/Platform Prefabs/Negative/jumpAndFallIntoWire.prefab
  artifactKey: Guid(42d9e8c35e6e74c4095840d00c615cba) Importer(815301076,1909f56bfc062723c751e8b465ee728b)
Start importing Assets/Terrain/Platform Prefabs/Negative/jumpAndFallIntoWire.prefab using Guid(42d9e8c35e6e74c4095840d00c615cba) Importer(815301076,1909f56bfc062723c751e8b465ee728b)  -> (artifact id: '981e31079e7c13c3b8058a57e8af6996') in 0.023206 seconds 
========================================================================
Received Import Request.
  Time since last request: 6.693125 seconds.
  path: Assets/Terrain/Platform Prefabs/Negative/BadBasicPlane.prefab
  artifactKey: Guid(40e8ea75827ecd64f9fd3fbcf0abddb2) Importer(815301076,1909f56bfc062723c751e8b465ee728b)
Start importing Assets/Terrain/Platform Prefabs/Negative/BadBasicPlane.prefab using Guid(40e8ea75827ecd64f9fd3fbcf0abddb2) Importer(815301076,1909f56bfc062723c751e8b465ee728b)  -> (artifact id: '5df4cf74dab6f6607e55c5f271967fe2') in 0.023919 seconds 
========================================================================
Received Import Request.
  Time since last request: 0.000019 seconds.
  path: Assets/Terrain/Platform Prefabs/Negative/DoubleJumpTest.prefab
  artifactKey: Guid(e5434eeab92e8ef4ea8370d83bf185de) Importer(815301076,1909f56bfc062723c751e8b465ee728b)
Start importing Assets/Terrain/Platform Prefabs/Negative/DoubleJumpTest.prefab using Guid(e5434eeab92e8ef4ea8370d83bf185de) Importer(815301076,1909f56bfc062723c751e8b465ee728b)  -> (artifact id: 'f8ac7cac33333a18886fee01649657b1') in 0.025948 seconds 
========================================================================
Received Import Request.
  Time since last request: 14.261023 seconds.
  path: Assets/Terrain/Platform Prefabs/Negative/BadBasicPlane.prefab
  artifactKey: Guid(40e8ea75827ecd64f9fd3fbcf0abddb2) Importer(815301076,1909f56bfc062723c751e8b465ee728b)
Start importing Assets/Terrain/Platform Prefabs/Negative/BadBasicPlane.prefab using Guid(40e8ea75827ecd64f9fd3fbcf0abddb2) Importer(815301076,1909f56bfc062723c751e8b465ee728b)  -> (artifact id: 'ab0911a08fb0c521510642cdac2639e9') in 0.017386 seconds 
========================================================================
Received Import Request.
  Time since last request: 0.000017 seconds.
  path: Assets/Terrain/Platform Prefabs/Negative/DoubleJumpTest.prefab
  artifactKey: Guid(e5434eeab92e8ef4ea8370d83bf185de) Importer(815301076,1909f56bfc062723c751e8b465ee728b)
Start importing Assets/Terrain/Platform Prefabs/Negative/DoubleJumpTest.prefab using Guid(e5434eeab92e8ef4ea8370d83bf185de) Importer(815301076,1909f56bfc062723c751e8b465ee728b)  -> (artifact id: 'cb7ad8b730e99385991f17088ae05bd5') in 0.015599 seconds 
========================================================================
Received Import Request.
  Time since last request: 7.102298 seconds.
  path: Assets/Terrain/Platform Prefabs/Negative/BadBasicPlane.prefab
  artifactKey: Guid(40e8ea75827ecd64f9fd3fbcf0abddb2) Importer(815301076,1909f56bfc062723c751e8b465ee728b)
Start importing Assets/Terrain/Platform Prefabs/Negative/BadBasicPlane.prefab using Guid(40e8ea75827ecd64f9fd3fbcf0abddb2) Importer(815301076,1909f56bfc062723c751e8b465ee728b)  -> (artifact id: '7fc258b3ef70d586206491d9198ac459') in 0.018898 seconds 
========================================================================
Received Import Request.
  Time since last request: 0.000016 seconds.
  path: Assets/Terrain/Platform Prefabs/Negative/jumpAndFallIntoWire.prefab
  artifactKey: Guid(42d9e8c35e6e74c4095840d00c615cba) Importer(815301076,1909f56bfc062723c751e8b465ee728b)
Start importing Assets/Terrain/Platform Prefabs/Negative/jumpAndFallIntoWire.prefab using Guid(42d9e8c35e6e74c4095840d00c615cba) Importer(815301076,1909f56bfc062723c751e8b465ee728b)  -> (artifact id: '7ef8c7df64f32bd48efbc9d6dec79aa4') in 0.016486 seconds 
========================================================================
Received Import Request.
  Time since last request: 7.246690 seconds.
  path: Assets/Terrain/Platform Prefabs/Negative/BadBasicPlane.prefab
  artifactKey: Guid(40e8ea75827ecd64f9fd3fbcf0abddb2) Importer(815301076,1909f56bfc062723c751e8b465ee728b)
Start importing Assets/Terrain/Platform Prefabs/Negative/BadBasicPlane.prefab using Guid(40e8ea75827ecd64f9fd3fbcf0abddb2) Importer(815301076,1909f56bfc062723c751e8b465ee728b)  -> (artifact id: '8e4810a7e8d72c2742c5e8469370108f') in 0.020776 seconds 
========================================================================
Received Import Request.
  Time since last request: 0.000024 seconds.
  path: Assets/Terrain/Platform Prefabs/Negative/WallRun.prefab
  artifactKey: Guid(38fdaf59e6581e845a2be102f97474fd) Importer(815301076,1909f56bfc062723c751e8b465ee728b)
Start importing Assets/Terrain/Platform Prefabs/Negative/WallRun.prefab using Guid(38fdaf59e6581e845a2be102f97474fd) Importer(815301076,1909f56bfc062723c751e8b465ee728b)  -> (artifact id: 'ef0b2167cf534d3ca383020ecae68c6c') in 0.015929 seconds 
========================================================================
Received Import Request.
  Time since last request: 0.000028 seconds.
  path: Assets/Terrain/Platform Prefabs/Negative/DoubleJumpTest.prefab
  artifactKey: Guid(e5434eeab92e8ef4ea8370d83bf185de) Importer(815301076,1909f56bfc062723c751e8b465ee728b)
Start importing Assets/Terrain/Platform Prefabs/Negative/DoubleJumpTest.prefab using Guid(e5434eeab92e8ef4ea8370d83bf185de) Importer(815301076,1909f56bfc062723c751e8b465ee728b)  -> (artifact id: '93be5ae7c8be2c50e58e59389a46bc5c') in 0.016374 seconds 
========================================================================
Received Import Request.
  Time since last request: 12.333347 seconds.
  path: Assets/Terrain/Platform Prefabs/Negative/BadBasicPlane.prefab
  artifactKey: Guid(40e8ea75827ecd64f9fd3fbcf0abddb2) Importer(815301076,1909f56bfc062723c751e8b465ee728b)
Start importing Assets/Terrain/Platform Prefabs/Negative/BadBasicPlane.prefab using Guid(40e8ea75827ecd64f9fd3fbcf0abddb2) Importer(815301076,1909f56bfc062723c751e8b465ee728b)  -> (artifact id: '0d9d2d12ff4c879d2aca27180b39152c') in 0.021778 seconds 
========================================================================
Received Import Request.
  Time since last request: 0.000021 seconds.
  path: Assets/Terrain/Platform Prefabs/Negative/jumpAndFallIntoWire.prefab
  artifactKey: Guid(42d9e8c35e6e74c4095840d00c615cba) Importer(815301076,1909f56bfc062723c751e8b465ee728b)
Start importing Assets/Terrain/Platform Prefabs/Negative/jumpAndFallIntoWire.prefab using Guid(42d9e8c35e6e74c4095840d00c615cba) Importer(815301076,1909f56bfc062723c751e8b465ee728b)  -> (artifact id: '82856757ba50baf7844a988476fed069') in 0.015302 seconds 
========================================================================
Received Import Request.
  Time since last request: 16.446446 seconds.
  path: Assets/Terrain/Platform Prefabs/Positive/GoodBase.prefab
  artifactKey: Guid(32b359bc33a003f4f8844ee995c41815) Importer(815301076,1909f56bfc062723c751e8b465ee728b)
Start importing Assets/Terrain/Platform Prefabs/Positive/GoodBase.prefab using Guid(32b359bc33a003f4f8844ee995c41815) Importer(815301076,1909f56bfc062723c751e8b465ee728b)  -> (artifact id: 'a8c25c1395f65fcb68904c8ae9a4c5ef') in 0.013484 seconds 
========================================================================
Received Import Request.
  Time since last request: 22.075274 seconds.
  path: Assets/Terrain/Platform Prefabs/BasicMap/BasicRaisedPlatform.prefab
  artifactKey: Guid(977ebd837c0328d4aa754361a3e7c867) Importer(815301076,1909f56bfc062723c751e8b465ee728b)
Start importing Assets/Terrain/Platform Prefabs/BasicMap/BasicRaisedPlatform.prefab using Guid(977ebd837c0328d4aa754361a3e7c867) Importer(815301076,1909f56bfc062723c751e8b465ee728b)  -> (artifact id: '3e19165c135c69b33f3bd086afd60545') in 0.026964 seconds 
========================================================================
Received Import Request.
  Time since last request: 0.000044 seconds.
  path: Assets/Terrain/Platform Prefabs/BasicMap/Platform_Base.prefab
  artifactKey: Guid(60a3ebaa01ce8dc469d477401f03964f) Importer(815301076,1909f56bfc062723c751e8b465ee728b)
Start importing Assets/Terrain/Platform Prefabs/BasicMap/Platform_Base.prefab using Guid(60a3ebaa01ce8dc469d477401f03964f) Importer(815301076,1909f56bfc062723c751e8b465ee728b)  -> (artifact id: '5da46edb214063803edeb854178c0784') in 0.027552 seconds 
Editor requested this worker to shutdown with reason: Scaling down because of idle timeout
AssetImportWorker is now disconnected from the server
Process exiting
Exiting without the bug reporter. Application will terminate with return code 0