Using pre-set license
Built from '2021.3/staging' branch; Version is '2021.3.14f1 (eee1884e7226) revision 15655304'; Using compiler version '192829333'; Build Type 'Release'
OS: 'Windows 10  (10.0.19045) 64bit Professional' Language: 'en' Physical Memory: 16241 MB
BatchMode: 1, IsHumanControllingUs: 0, StartBugReporterOnCrash: 0, Is64bit: 1, IsPro: 1

COMMAND LINE ARGUMENTS:
C:\Program Files\Unity\Hub\Editor\2021.3.14f1\Editor\Unity.exe
-adb2
-batchMode
-noUpm
-name
AssetImportWorker32
-projectPath
C:/Users/Gigabyte/OneDrive/Documents/GitHub/GameJam2022/FakeGameJam
-logFile
Logs/AssetImportWorker32.log
-srvPort
65533
Successfully changed project path to: C:/Users/Gigabyte/OneDrive/Documents/GitHub/GameJam2022/FakeGameJam
C:/Users/Gigabyte/OneDrive/Documents/GitHub/GameJam2022/FakeGameJam
[UnityMemory] Configuration Parameters - Can be set up in boot.config
    "memorysetup-bucket-allocator-granularity=16"
    "memorysetup-bucket-allocator-bucket-count=8"
    "memorysetup-bucket-allocator-block-size=33554432"
    "memorysetup-bucket-allocator-block-count=8"
    "memorysetup-main-allocator-block-size=16777216"
    "memorysetup-thread-allocator-block-size=16777216"
    "memorysetup-gfx-main-allocator-block-size=16777216"
    "memorysetup-gfx-thread-allocator-block-size=16777216"
    "memorysetup-cache-allocator-block-size=4194304"
    "memorysetup-typetree-allocator-block-size=2097152"
    "memorysetup-profiler-bucket-allocator-granularity=16"
    "memorysetup-profiler-bucket-allocator-bucket-count=8"
    "memorysetup-profiler-bucket-allocator-block-size=33554432"
    "memorysetup-profiler-bucket-allocator-block-count=8"
    "memorysetup-profiler-allocator-block-size=16777216"
    "memorysetup-profiler-editor-allocator-block-size=1048576"
    "memorysetup-temp-allocator-size-main=16777216"
    "memorysetup-job-temp-allocator-block-size=2097152"
    "memorysetup-job-temp-allocator-block-size-background=1048576"
    "memorysetup-job-temp-allocator-reduction-small-platforms=262144"
    "memorysetup-temp-allocator-size-background-worker=32768"
    "memorysetup-temp-allocator-size-job-worker=262144"
    "memorysetup-temp-allocator-size-preload-manager=33554432"
    "memorysetup-temp-allocator-size-nav-mesh-worker=65536"
    "memorysetup-temp-allocator-size-audio-worker=65536"
    "memorysetup-temp-allocator-size-cloud-worker=32768"
    "memorysetup-temp-allocator-size-gi-baking-worker=262144"
    "memorysetup-temp-allocator-size-gfx=262144"
Refreshing native plugins compatible for Editor in 153.96 ms, found 4 plugins.
Preloading 0 native plugins for Editor in 0.00 ms.
Initialize engine version: 2021.3.14f1 (eee1884e7226)
[Subsystems] Discovering subsystems at path C:/Program Files/Unity/Hub/Editor/2021.3.14f1/Editor/Data/Resources/UnitySubsystems
[Subsystems] Discovering subsystems at path C:/Users/Gigabyte/OneDrive/Documents/GitHub/GameJam2022/FakeGameJam/Assets
GfxDevice: creating device client; threaded=0; jobified=0
Direct3D:
    Version:  Direct3D 11.0 [level 11.1]
    Renderer: NVIDIA GeForce RTX 2060 (ID=0x1f11)
    Vendor:   NVIDIA
    VRAM:     5980 MB
    Driver:   31.0.15.1661
Initialize mono
Mono path[0] = 'C:/Program Files/Unity/Hub/Editor/2021.3.14f1/Editor/Data/Managed'
Mono path[1] = 'C:/Program Files/Unity/Hub/Editor/2021.3.14f1/Editor/Data/MonoBleedingEdge/lib/mono/unityjit-win32'
Mono config path = 'C:/Program Files/Unity/Hub/Editor/2021.3.14f1/Editor/Data/MonoBleedingEdge/etc'
Using monoOptions --debugger-agent=transport=dt_socket,embedding=1,server=y,suspend=n,address=127.0.0.1:56120
Begin MonoManager ReloadAssembly
Registering precompiled unity dll's ...
Register platform support module: C:/Program Files/Unity/Hub/Editor/2021.3.14f1/Editor/Data/PlaybackEngines/WebGLSupport/UnityEditor.WebGL.Extensions.dll
Register platform support module: C:/Program Files/Unity/Hub/Editor/2021.3.14f1/Editor/Data/PlaybackEngines/MacStandaloneSupport/UnityEditor.OSXStandalone.Extensions.dll
Register platform support module: C:/Program Files/Unity/Hub/Editor/2021.3.14f1/Editor/Data/PlaybackEngines/WindowsStandaloneSupport/UnityEditor.WindowsStandalone.Extensions.dll
Register platform support module: C:/Program Files/Unity/Hub/Editor/2021.3.14f1/Editor/Data/PlaybackEngines/MetroSupport/UnityEditor.UWP.Extensions.dll
Registered in 0.017591 seconds.
Native extension for UWP target not found
Native extension for WindowsStandalone target not found
Native extension for OSXStandalone target not found
Native extension for WebGL target not found
Refreshing native plugins compatible for Editor in 134.38 ms, found 4 plugins.
Preloading 0 native plugins for Editor in 0.00 ms.
Mono: successfully reloaded assembly
- Completed reload, in  0.904 seconds
Domain Reload Profiling:
	ReloadAssembly (905ms)
		BeginReloadAssembly (119ms)
			ExecutionOrderSort (0ms)
			DisableScriptedObjects (0ms)
			BackupInstance (0ms)
			ReleaseScriptingObjects (0ms)
			CreateAndSetChildDomain (1ms)
		EndReloadAssembly (634ms)
			LoadAssemblies (117ms)
			RebuildTransferFunctionScriptingTraits (0ms)
			SetupTypeCache (135ms)
			ReleaseScriptCaches (0ms)
			RebuildScriptCaches (35ms)
			SetupLoadedEditorAssemblies (394ms)
				LogAssemblyErrors (0ms)
				InitializePlatformSupportModulesInManaged (22ms)
				SetLoadedEditorAssemblies (0ms)
				RefreshPlugins (134ms)
				BeforeProcessingInitializeOnLoad (1ms)
				ProcessInitializeOnLoadAttributes (173ms)
				ProcessInitializeOnLoadMethodAttributes (63ms)
				AfterProcessingInitializeOnLoad (0ms)
				EditorAssembliesLoaded (0ms)
			ExecutionOrderSort2 (0ms)
			AwakeInstancesAfterBackupRestoration (0ms)
Platform modules already initialized, skipping
Registering precompiled user dll's ...
Registered in 0.014706 seconds.
Begin MonoManager ReloadAssembly
Symbol file LoadedFromMemory doesn't match image C:\Users\Gigabyte\OneDrive\Documents\GitHub\GameJam2022\FakeGameJam\Library\PackageCache\com.unity.visualscripting@1.7.8\Editor\VisualScripting.Core\Dependencies\YamlDotNet\Unity.VisualScripting.YamlDotNet.dll
Symbol file LoadedFromMemory doesn't match image C:\Users\Gigabyte\OneDrive\Documents\GitHub\GameJam2022\FakeGameJam\Library\PackageCache\com.unity.visualscripting@1.7.8\Editor\VisualScripting.Core\Dependencies\DotNetZip\Unity.VisualScripting.IonicZip.dll
Native extension for UWP target not found
Native extension for WindowsStandalone target not found
Native extension for OSXStandalone target not found
Native extension for WebGL target not found
Refreshing native plugins compatible for Editor in 134.67 ms, found 4 plugins.
Preloading 0 native plugins for Editor in 0.00 ms.
Mono: successfully reloaded assembly
- Completed reload, in  1.628 seconds
Domain Reload Profiling:
	ReloadAssembly (1629ms)
		BeginReloadAssembly (153ms)
			ExecutionOrderSort (0ms)
			DisableScriptedObjects (7ms)
			BackupInstance (0ms)
			ReleaseScriptingObjects (0ms)
			CreateAndSetChildDomain (23ms)
		EndReloadAssembly (1320ms)
			LoadAssemblies (134ms)
			RebuildTransferFunctionScriptingTraits (0ms)
			SetupTypeCache (343ms)
			ReleaseScriptCaches (1ms)
			RebuildScriptCaches (83ms)
			SetupLoadedEditorAssemblies (692ms)
				LogAssemblyErrors (0ms)
				InitializePlatformSupportModulesInManaged (17ms)
				SetLoadedEditorAssemblies (0ms)
				RefreshPlugins (135ms)
				BeforeProcessingInitializeOnLoad (147ms)
				ProcessInitializeOnLoadAttributes (324ms)
				ProcessInitializeOnLoadMethodAttributes (55ms)
				AfterProcessingInitializeOnLoad (14ms)
				EditorAssembliesLoaded (0ms)
			ExecutionOrderSort2 (0ms)
			AwakeInstancesAfterBackupRestoration (14ms)
Platform modules already initialized, skipping
========================================================================
Worker process is ready to serve import requests
Launched and connected shader compiler UnityShaderCompiler.exe after 0.06 seconds
Refreshing native plugins compatible for Editor in 0.77 ms, found 4 plugins.
Preloading 0 native plugins for Editor in 0.00 ms.
Unloading 4208 Unused Serialized files (Serialized files now loaded: 0)
Unloading 45 unused Assets / (229.1 KB). Loaded Objects now: 4660.
Memory consumption went from 159.0 MB to 158.8 MB.
Total: 4.598800 ms (FindLiveObjects: 0.392000 ms CreateObjectMapping: 0.337800 ms MarkObjects: 3.673800 ms  DeleteObjects: 0.194100 ms)

AssetImportParameters requested are different than current active one (requested -> active):
  custom:video-decoder-ogg-theora: a1e56fd34408186e4bbccfd4996cb3dc -> 
  custom:container-muxer-webm: aa71ff27fc2769a1b78a27578f13a17b -> 
  custom:container-demuxer-webm: 4f35f7cbe854078d1ac9338744f61a02 -> 
  custom:video-encoder-webm-vp8: eb34c28f22e8b96e1ab97ce403110664 -> 
  custom:video-codec-MediaFoundation-h265: 746d11721c4dcdbdad8f713fa42b33f4 -> 
  custom:audio-encoder-webm-vorbis: bf7c407c2cedff20999df2af8eb42d56 -> 
  custom:framework-win-MediaFoundation: 216162199b28c13a410421893ffa2e32 -> 
  custom:container-demuxer-ogg: 62fdf1f143b41e24485cea50d1cbac27 -> 
  custom:video-decoder-webm-vp8: 9c59270c3fd7afecdb556c50c9e8de78 -> 
  custom:audio-decoder-ogg-vorbis: bf7c407c2cedff20999df2af8eb42d56 -> 
========================================================================
Received Import Request.
  Time since last request: 70534.666437 seconds.
  path: Assets/Terrain/Platform Prefabs/Positive/BridgeAndFriend.prefab
  artifactKey: Guid(c7729deed7b77714ea93490fdcc9455b) Importer(815301076,1909f56bfc062723c751e8b465ee728b)
Start importing Assets/Terrain/Platform Prefabs/Positive/BridgeAndFriend.prefab using Guid(c7729deed7b77714ea93490fdcc9455b) Importer(815301076,1909f56bfc062723c751e8b465ee728b)  -> (artifact id: 'e02a44554cb6dee0ab7472958aca5e11') in 0.238477 seconds 
========================================================================
Received Import Request.
  Time since last request: 17.383981 seconds.
  path: Assets/Terrain/Platform Prefabs/Negative/BadBasicPlane.prefab
  artifactKey: Guid(40e8ea75827ecd64f9fd3fbcf0abddb2) Importer(815301076,1909f56bfc062723c751e8b465ee728b)
Start importing Assets/Terrain/Platform Prefabs/Negative/BadBasicPlane.prefab using Guid(40e8ea75827ecd64f9fd3fbcf0abddb2) Importer(815301076,1909f56bfc062723c751e8b465ee728b)  -> (artifact id: '1802307d97d702630fbc69caa1f8533d') in 0.073290 seconds 
========================================================================
Received Import Request.
  Time since last request: 97.414983 seconds.
  path: Assets/Terrain/Platform Prefabs/Negative/BadBasicPlane.prefab
  artifactKey: Guid(40e8ea75827ecd64f9fd3fbcf0abddb2) Importer(815301076,1909f56bfc062723c751e8b465ee728b)
Start importing Assets/Terrain/Platform Prefabs/Negative/BadBasicPlane.prefab using Guid(40e8ea75827ecd64f9fd3fbcf0abddb2) Importer(815301076,1909f56bfc062723c751e8b465ee728b)  -> (artifact id: '66a1cb3f397af390642915b03100af7b') in 0.071937 seconds 
========================================================================
Received Import Request.
  Time since last request: 6.267994 seconds.
  path: Assets/Terrain/Platform Prefabs/Negative/BadBasicPlane.prefab
  artifactKey: Guid(40e8ea75827ecd64f9fd3fbcf0abddb2) Importer(815301076,1909f56bfc062723c751e8b465ee728b)
Start importing Assets/Terrain/Platform Prefabs/Negative/BadBasicPlane.prefab using Guid(40e8ea75827ecd64f9fd3fbcf0abddb2) Importer(815301076,1909f56bfc062723c751e8b465ee728b)  -> (artifact id: '7a52b37406e69445efc3627612a07fec') in 0.050930 seconds 
========================================================================
Received Import Request.
  Time since last request: 14.268899 seconds.
  path: Assets/Terrain/Platform Prefabs/Negative/BadBasicPlane.prefab
  artifactKey: Guid(40e8ea75827ecd64f9fd3fbcf0abddb2) Importer(815301076,1909f56bfc062723c751e8b465ee728b)
Start importing Assets/Terrain/Platform Prefabs/Negative/BadBasicPlane.prefab using Guid(40e8ea75827ecd64f9fd3fbcf0abddb2) Importer(815301076,1909f56bfc062723c751e8b465ee728b)  -> (artifact id: '4a47852b59c2a6fbced269d24c24ad70') in 0.054145 seconds 
========================================================================
Received Import Request.
  Time since last request: 7.098386 seconds.
  path: Assets/Terrain/Platform Prefabs/Negative/BadBasicPlane.prefab
  artifactKey: Guid(40e8ea75827ecd64f9fd3fbcf0abddb2) Importer(815301076,1909f56bfc062723c751e8b465ee728b)
Start importing Assets/Terrain/Platform Prefabs/Negative/BadBasicPlane.prefab using Guid(40e8ea75827ecd64f9fd3fbcf0abddb2) Importer(815301076,1909f56bfc062723c751e8b465ee728b)  -> (artifact id: '448613e811166b9bcdcb1278302a12ef') in 0.051679 seconds 
========================================================================
Received Import Request.
  Time since last request: 18.751129 seconds.
  path: Assets/Terrain/Platform Prefabs/Negative/BadBasicPlane.prefab
  artifactKey: Guid(40e8ea75827ecd64f9fd3fbcf0abddb2) Importer(815301076,1909f56bfc062723c751e8b465ee728b)
Start importing Assets/Terrain/Platform Prefabs/Negative/BadBasicPlane.prefab using Guid(40e8ea75827ecd64f9fd3fbcf0abddb2) Importer(815301076,1909f56bfc062723c751e8b465ee728b)  -> (artifact id: 'fccce81e300140dfe7f9d49ca22a4c1e') in 0.053896 seconds 
========================================================================
Received Import Request.
  Time since last request: 5.224388 seconds.
  path: Assets/Terrain/Platform Prefabs/Negative/BadBasicPlane.prefab
  artifactKey: Guid(40e8ea75827ecd64f9fd3fbcf0abddb2) Importer(815301076,1909f56bfc062723c751e8b465ee728b)
Start importing Assets/Terrain/Platform Prefabs/Negative/BadBasicPlane.prefab using Guid(40e8ea75827ecd64f9fd3fbcf0abddb2) Importer(815301076,1909f56bfc062723c751e8b465ee728b)  -> (artifact id: 'b67fe9947642245a7d1f9927b6d73833') in 0.057964 seconds 
========================================================================
Received Import Request.
  Time since last request: 25.107632 seconds.
  path: Assets/Terrain/Platform Prefabs/Negative/BadBasicPlane.prefab
  artifactKey: Guid(40e8ea75827ecd64f9fd3fbcf0abddb2) Importer(815301076,1909f56bfc062723c751e8b465ee728b)
Start importing Assets/Terrain/Platform Prefabs/Negative/BadBasicPlane.prefab using Guid(40e8ea75827ecd64f9fd3fbcf0abddb2) Importer(815301076,1909f56bfc062723c751e8b465ee728b)  -> (artifact id: '240c4b28d9fef970d03d24ceb72965f9') in 0.051838 seconds 
========================================================================
Received Import Request.
  Time since last request: 38.587603 seconds.
  path: Assets/Terrain/Platform Prefabs/BasicMap/BasicRaisedPlatform.prefab
  artifactKey: Guid(977ebd837c0328d4aa754361a3e7c867) Importer(815301076,1909f56bfc062723c751e8b465ee728b)
Start importing Assets/Terrain/Platform Prefabs/BasicMap/BasicRaisedPlatform.prefab using Guid(977ebd837c0328d4aa754361a3e7c867) Importer(815301076,1909f56bfc062723c751e8b465ee728b)  -> (artifact id: 'f6d1bcfad398993cc0d242089849c229') in 0.102077 seconds 
========================================================================
Received Import Request.
  Time since last request: 0.000033 seconds.
  path: Assets/Terrain/Platform Prefabs/BasicMap/JumpAndFall.prefab
  artifactKey: Guid(86a1a986d1508414ba4c8370a2d5c293) Importer(815301076,1909f56bfc062723c751e8b465ee728b)
Start importing Assets/Terrain/Platform Prefabs/BasicMap/JumpAndFall.prefab using Guid(86a1a986d1508414ba4c8370a2d5c293) Importer(815301076,1909f56bfc062723c751e8b465ee728b)  -> (artifact id: 'bb39272857e1406376fcbb618cbf7977') in 0.096358 seconds 
========================================================================
Received Import Request.
  Time since last request: 0.000039 seconds.
  path: Assets/Terrain/Platform Prefabs/BasicMap/MiddleGap.prefab
  artifactKey: Guid(dc19528381b2e8e46a292c05cf69a7f7) Importer(815301076,1909f56bfc062723c751e8b465ee728b)
Start importing Assets/Terrain/Platform Prefabs/BasicMap/MiddleGap.prefab using Guid(dc19528381b2e8e46a292c05cf69a7f7) Importer(815301076,1909f56bfc062723c751e8b465ee728b)  -> (artifact id: '67102e3cc33d271b784d93948535313b') in 0.119936 seconds 
Editor requested this worker to shutdown with reason: Scaling down because of idle timeout
AssetImportWorker is now disconnected from the server
Process exiting
Exiting without the bug reporter. Application will terminate with return code 0