Using pre-set license
Built from '2021.3/staging' branch; Version is '2021.3.14f1 (eee1884e7226) revision 15655304'; Using compiler version '192829333'; Build Type 'Release'
OS: 'Windows 10  (10.0.19045) 64bit Professional' Language: 'en' Physical Memory: 16241 MB
BatchMode: 1, IsHumanControllingUs: 0, StartBugReporterOnCrash: 0, Is64bit: 1, IsPro: 1

COMMAND LINE ARGUMENTS:
C:\Program Files\Unity\Hub\Editor\2021.3.14f1\Editor\Unity.exe
-adb2
-batchMode
-noUpm
-name
AssetImportWorker28
-projectPath
C:/Users/Gigabyte/OneDrive/Documents/GitHub/GameJam2022/FakeGameJam
-logFile
Logs/AssetImportWorker28.log
-srvPort
65533
Successfully changed project path to: C:/Users/Gigabyte/OneDrive/Documents/GitHub/GameJam2022/FakeGameJam
C:/Users/Gigabyte/OneDrive/Documents/GitHub/GameJam2022/FakeGameJam
[UnityMemory] Configuration Parameters - Can be set up in boot.config
    "memorysetup-bucket-allocator-granularity=16"
    "memorysetup-bucket-allocator-bucket-count=8"
    "memorysetup-bucket-allocator-block-size=33554432"
    "memorysetup-bucket-allocator-block-count=8"
    "memorysetup-main-allocator-block-size=16777216"
    "memorysetup-thread-allocator-block-size=16777216"
    "memorysetup-gfx-main-allocator-block-size=16777216"
    "memorysetup-gfx-thread-allocator-block-size=16777216"
    "memorysetup-cache-allocator-block-size=4194304"
    "memorysetup-typetree-allocator-block-size=2097152"
    "memorysetup-profiler-bucket-allocator-granularity=16"
    "memorysetup-profiler-bucket-allocator-bucket-count=8"
    "memorysetup-profiler-bucket-allocator-block-size=33554432"
    "memorysetup-profiler-bucket-allocator-block-count=8"
    "memorysetup-profiler-allocator-block-size=16777216"
    "memorysetup-profiler-editor-allocator-block-size=1048576"
    "memorysetup-temp-allocator-size-main=16777216"
    "memorysetup-job-temp-allocator-block-size=2097152"
    "memorysetup-job-temp-allocator-block-size-background=1048576"
    "memorysetup-job-temp-allocator-reduction-small-platforms=262144"
    "memorysetup-temp-allocator-size-background-worker=32768"
    "memorysetup-temp-allocator-size-job-worker=262144"
    "memorysetup-temp-allocator-size-preload-manager=33554432"
    "memorysetup-temp-allocator-size-nav-mesh-worker=65536"
    "memorysetup-temp-allocator-size-audio-worker=65536"
    "memorysetup-temp-allocator-size-cloud-worker=32768"
    "memorysetup-temp-allocator-size-gi-baking-worker=262144"
    "memorysetup-temp-allocator-size-gfx=262144"
Refreshing native plugins compatible for Editor in 156.27 ms, found 4 plugins.
Preloading 0 native plugins for Editor in 0.00 ms.
Initialize engine version: 2021.3.14f1 (eee1884e7226)
[Subsystems] Discovering subsystems at path C:/Program Files/Unity/Hub/Editor/2021.3.14f1/Editor/Data/Resources/UnitySubsystems
[Subsystems] Discovering subsystems at path C:/Users/Gigabyte/OneDrive/Documents/GitHub/GameJam2022/FakeGameJam/Assets
GfxDevice: creating device client; threaded=0; jobified=0
Direct3D:
    Version:  Direct3D 11.0 [level 11.1]
    Renderer: NVIDIA GeForce RTX 2060 (ID=0x1f11)
    Vendor:   NVIDIA
    VRAM:     5980 MB
    Driver:   31.0.15.1661
Initialize mono
Mono path[0] = 'C:/Program Files/Unity/Hub/Editor/2021.3.14f1/Editor/Data/Managed'
Mono path[1] = 'C:/Program Files/Unity/Hub/Editor/2021.3.14f1/Editor/Data/MonoBleedingEdge/lib/mono/unityjit-win32'
Mono config path = 'C:/Program Files/Unity/Hub/Editor/2021.3.14f1/Editor/Data/MonoBleedingEdge/etc'
Using monoOptions --debugger-agent=transport=dt_socket,embedding=1,server=y,suspend=n,address=127.0.0.1:56412
Begin MonoManager ReloadAssembly
Registering precompiled unity dll's ...
Register platform support module: C:/Program Files/Unity/Hub/Editor/2021.3.14f1/Editor/Data/PlaybackEngines/WebGLSupport/UnityEditor.WebGL.Extensions.dll
Register platform support module: C:/Program Files/Unity/Hub/Editor/2021.3.14f1/Editor/Data/PlaybackEngines/MacStandaloneSupport/UnityEditor.OSXStandalone.Extensions.dll
Register platform support module: C:/Program Files/Unity/Hub/Editor/2021.3.14f1/Editor/Data/PlaybackEngines/WindowsStandaloneSupport/UnityEditor.WindowsStandalone.Extensions.dll
Register platform support module: C:/Program Files/Unity/Hub/Editor/2021.3.14f1/Editor/Data/PlaybackEngines/MetroSupport/UnityEditor.UWP.Extensions.dll
Registered in 0.017108 seconds.
Native extension for UWP target not found
Native extension for WindowsStandalone target not found
Native extension for OSXStandalone target not found
Native extension for WebGL target not found
Refreshing native plugins compatible for Editor in 140.52 ms, found 4 plugins.
Preloading 0 native plugins for Editor in 0.00 ms.
Mono: successfully reloaded assembly
- Completed reload, in  0.882 seconds
Domain Reload Profiling:
	ReloadAssembly (882ms)
		BeginReloadAssembly (108ms)
			ExecutionOrderSort (0ms)
			DisableScriptedObjects (0ms)
			BackupInstance (0ms)
			ReleaseScriptingObjects (0ms)
			CreateAndSetChildDomain (1ms)
		EndReloadAssembly (622ms)
			LoadAssemblies (106ms)
			RebuildTransferFunctionScriptingTraits (0ms)
			SetupTypeCache (133ms)
			ReleaseScriptCaches (0ms)
			RebuildScriptCaches (36ms)
			SetupLoadedEditorAssemblies (385ms)
				LogAssemblyErrors (0ms)
				InitializePlatformSupportModulesInManaged (21ms)
				SetLoadedEditorAssemblies (0ms)
				RefreshPlugins (141ms)
				BeforeProcessingInitializeOnLoad (1ms)
				ProcessInitializeOnLoadAttributes (166ms)
				ProcessInitializeOnLoadMethodAttributes (56ms)
				AfterProcessingInitializeOnLoad (0ms)
				EditorAssembliesLoaded (0ms)
			ExecutionOrderSort2 (0ms)
			AwakeInstancesAfterBackupRestoration (0ms)
Platform modules already initialized, skipping
Registering precompiled user dll's ...
Registered in 0.013581 seconds.
Begin MonoManager ReloadAssembly
Symbol file LoadedFromMemory doesn't match image C:\Users\Gigabyte\OneDrive\Documents\GitHub\GameJam2022\FakeGameJam\Library\PackageCache\com.unity.visualscripting@1.7.8\Editor\VisualScripting.Core\Dependencies\YamlDotNet\Unity.VisualScripting.YamlDotNet.dll
Symbol file LoadedFromMemory doesn't match image C:\Users\Gigabyte\OneDrive\Documents\GitHub\GameJam2022\FakeGameJam\Library\PackageCache\com.unity.visualscripting@1.7.8\Editor\VisualScripting.Core\Dependencies\DotNetZip\Unity.VisualScripting.IonicZip.dll
Native extension for UWP target not found
Native extension for WindowsStandalone target not found
Native extension for OSXStandalone target not found
Native extension for WebGL target not found
Refreshing native plugins compatible for Editor in 129.36 ms, found 4 plugins.
Preloading 0 native plugins for Editor in 0.00 ms.
Mono: successfully reloaded assembly
- Completed reload, in  1.472 seconds
Domain Reload Profiling:
	ReloadAssembly (1474ms)
		BeginReloadAssembly (137ms)
			ExecutionOrderSort (0ms)
			DisableScriptedObjects (7ms)
			BackupInstance (0ms)
			ReleaseScriptingObjects (0ms)
			CreateAndSetChildDomain (23ms)
		EndReloadAssembly (1180ms)
			LoadAssemblies (122ms)
			RebuildTransferFunctionScriptingTraits (0ms)
			SetupTypeCache (297ms)
			ReleaseScriptCaches (1ms)
			RebuildScriptCaches (75ms)
			SetupLoadedEditorAssemblies (636ms)
				LogAssemblyErrors (0ms)
				InitializePlatformSupportModulesInManaged (14ms)
				SetLoadedEditorAssemblies (0ms)
				RefreshPlugins (129ms)
				BeforeProcessingInitializeOnLoad (150ms)
				ProcessInitializeOnLoadAttributes (286ms)
				ProcessInitializeOnLoadMethodAttributes (44ms)
				AfterProcessingInitializeOnLoad (12ms)
				EditorAssembliesLoaded (0ms)
			ExecutionOrderSort2 (0ms)
			AwakeInstancesAfterBackupRestoration (13ms)
Platform modules already initialized, skipping
========================================================================
Worker process is ready to serve import requests
Launched and connected shader compiler UnityShaderCompiler.exe after 0.06 seconds
Refreshing native plugins compatible for Editor in 0.79 ms, found 4 plugins.
Preloading 0 native plugins for Editor in 0.00 ms.
Unloading 4208 Unused Serialized files (Serialized files now loaded: 0)
Unloading 45 unused Assets / (229.1 KB). Loaded Objects now: 4660.
Memory consumption went from 159.0 MB to 158.7 MB.
Total: 4.310600 ms (FindLiveObjects: 0.348700 ms CreateObjectMapping: 0.251300 ms MarkObjects: 3.516100 ms  DeleteObjects: 0.193300 ms)

AssetImportParameters requested are different than current active one (requested -> active):
  custom:video-decoder-ogg-theora: a1e56fd34408186e4bbccfd4996cb3dc -> 
  custom:container-muxer-webm: aa71ff27fc2769a1b78a27578f13a17b -> 
  custom:container-demuxer-webm: 4f35f7cbe854078d1ac9338744f61a02 -> 
  custom:video-encoder-webm-vp8: eb34c28f22e8b96e1ab97ce403110664 -> 
  custom:video-codec-MediaFoundation-h265: 746d11721c4dcdbdad8f713fa42b33f4 -> 
  custom:audio-encoder-webm-vorbis: bf7c407c2cedff20999df2af8eb42d56 -> 
  custom:framework-win-MediaFoundation: 216162199b28c13a410421893ffa2e32 -> 
  custom:container-demuxer-ogg: 62fdf1f143b41e24485cea50d1cbac27 -> 
  custom:video-decoder-webm-vp8: 9c59270c3fd7afecdb556c50c9e8de78 -> 
  custom:audio-decoder-ogg-vorbis: bf7c407c2cedff20999df2af8eb42d56 -> 
========================================================================
Received Import Request.
  Time since last request: 69247.118566 seconds.
  path: Assets/Terrain/Platform Prefabs/BasicMap/JumpAndFall.prefab
  artifactKey: Guid(86a1a986d1508414ba4c8370a2d5c293) Importer(815301076,1909f56bfc062723c751e8b465ee728b)
Start importing Assets/Terrain/Platform Prefabs/BasicMap/JumpAndFall.prefab using Guid(86a1a986d1508414ba4c8370a2d5c293) Importer(815301076,1909f56bfc062723c751e8b465ee728b)  -> (artifact id: '9dc0bb4bfd6965f028891c4aa17ff4e2') in 0.288059 seconds 
========================================================================
Received Import Request.
  Time since last request: 20.671450 seconds.
  path: Assets/Terrain/Platform Prefabs/BasicMap/Pyramid.prefab
  artifactKey: Guid(4711509c902b4ba46a3437b372f67108) Importer(815301076,1909f56bfc062723c751e8b465ee728b)
Start importing Assets/Terrain/Platform Prefabs/BasicMap/Pyramid.prefab using Guid(4711509c902b4ba46a3437b372f67108) Importer(815301076,1909f56bfc062723c751e8b465ee728b)  -> (artifact id: '4989ed51ad327c4f4c89cb67f2affbac') in 0.086831 seconds 
========================================================================
Received Import Request.
  Time since last request: 0.000025 seconds.
  path: Assets/Terrain/Platform Prefabs/BasicMap/JumpAndFall.prefab
  artifactKey: Guid(86a1a986d1508414ba4c8370a2d5c293) Importer(815301076,1909f56bfc062723c751e8b465ee728b)
Start importing Assets/Terrain/Platform Prefabs/BasicMap/JumpAndFall.prefab using Guid(86a1a986d1508414ba4c8370a2d5c293) Importer(815301076,1909f56bfc062723c751e8b465ee728b)  -> (artifact id: '02d0f2a6994fbe78326ed01c95e4ddcd') in 0.055052 seconds 
========================================================================
Received Import Request.
  Time since last request: 0.000032 seconds.
  path: Assets/Terrain/Platform Prefabs/BasicMap/MiddleGap.prefab
  artifactKey: Guid(dc19528381b2e8e46a292c05cf69a7f7) Importer(815301076,1909f56bfc062723c751e8b465ee728b)
Start importing Assets/Terrain/Platform Prefabs/BasicMap/MiddleGap.prefab using Guid(dc19528381b2e8e46a292c05cf69a7f7) Importer(815301076,1909f56bfc062723c751e8b465ee728b)  -> (artifact id: '708df2d073c5648616310ed1ff4d40f9') in 0.059535 seconds 
========================================================================
Received Import Request.
  Time since last request: 28.282869 seconds.
  path: Assets/Terrain/materials/Sprites/bush.png
  artifactKey: Guid(0057101c66d77784c8baebd5b4d375bd) Importer(815301076,1909f56bfc062723c751e8b465ee728b)
Start importing Assets/Terrain/materials/Sprites/bush.png using Guid(0057101c66d77784c8baebd5b4d375bd) Importer(815301076,1909f56bfc062723c751e8b465ee728b)  -> (artifact id: '27f8ed3f954927be13ac1e17bd8d1548') in 0.188497 seconds 
========================================================================
Received Import Request.
  Time since last request: 214.040880 seconds.
  path: Assets/Terrain/Platform Prefabs/BasicMap/BasicRaisedPlatform.prefab
  artifactKey: Guid(977ebd837c0328d4aa754361a3e7c867) Importer(815301076,1909f56bfc062723c751e8b465ee728b)
Start importing Assets/Terrain/Platform Prefabs/BasicMap/BasicRaisedPlatform.prefab using Guid(977ebd837c0328d4aa754361a3e7c867) Importer(815301076,1909f56bfc062723c751e8b465ee728b)  -> (artifact id: 'df7de82f57589f37645d247acdfc6371') in 0.088592 seconds 
========================================================================
Received Import Request.
  Time since last request: 0.000025 seconds.
  path: Assets/Terrain/Platform Prefabs/BasicMap/Platform_Base.prefab
  artifactKey: Guid(60a3ebaa01ce8dc469d477401f03964f) Importer(815301076,1909f56bfc062723c751e8b465ee728b)
Start importing Assets/Terrain/Platform Prefabs/BasicMap/Platform_Base.prefab using Guid(60a3ebaa01ce8dc469d477401f03964f) Importer(815301076,1909f56bfc062723c751e8b465ee728b)  -> (artifact id: 'c6c1eb0b4976ae2ffe48780e7f726445') in 0.052375 seconds 
========================================================================
Received Import Request.
  Time since last request: 0.000039 seconds.
  path: Assets/Terrain/Platform Prefabs/BasicMap/MiddleGap.prefab
  artifactKey: Guid(dc19528381b2e8e46a292c05cf69a7f7) Importer(815301076,1909f56bfc062723c751e8b465ee728b)
Start importing Assets/Terrain/Platform Prefabs/BasicMap/MiddleGap.prefab using Guid(dc19528381b2e8e46a292c05cf69a7f7) Importer(815301076,1909f56bfc062723c751e8b465ee728b)  -> (artifact id: '94eaec935c1f992894962136c520d20c') in 0.058925 seconds 
========================================================================
Received Import Request.
  Time since last request: 7.157366 seconds.
  path: Assets/Terrain/Platform Prefabs/Positive/DoubleJumpOnSpikes.prefab
  artifactKey: Guid(72e7c26524bc4cf49b631c51d9e211ce) Importer(815301076,1909f56bfc062723c751e8b465ee728b)
Start importing Assets/Terrain/Platform Prefabs/Positive/DoubleJumpOnSpikes.prefab using Guid(72e7c26524bc4cf49b631c51d9e211ce) Importer(815301076,1909f56bfc062723c751e8b465ee728b)  -> (artifact id: 'f98d5a9f20273413fff565f34e055d90') in 0.033497 seconds 
========================================================================
Received Import Request.
  Time since last request: 0.000020 seconds.
  path: Assets/Terrain/Platform Prefabs/Positive/SpikeJump.prefab
  artifactKey: Guid(cb301ae267d7a8c4d96f8f9f6901c56f) Importer(815301076,1909f56bfc062723c751e8b465ee728b)
Start importing Assets/Terrain/Platform Prefabs/Positive/SpikeJump.prefab using Guid(cb301ae267d7a8c4d96f8f9f6901c56f) Importer(815301076,1909f56bfc062723c751e8b465ee728b)  -> (artifact id: '7d2db2331a42ded46ef0638925e35a37') in 0.030826 seconds 
========================================================================
Received Import Request.
  Time since last request: 0.000018 seconds.
  path: Assets/Terrain/Platform Prefabs/Positive/ShrubRun.prefab
  artifactKey: Guid(939ee876040ba8241b2eef9312c6b598) Importer(815301076,1909f56bfc062723c751e8b465ee728b)
Start importing Assets/Terrain/Platform Prefabs/Positive/ShrubRun.prefab using Guid(939ee876040ba8241b2eef9312c6b598) Importer(815301076,1909f56bfc062723c751e8b465ee728b)  -> (artifact id: 'd90ce9967b98797225e5d5e04e23b56c') in 0.025571 seconds 
========================================================================
Received Import Request.
  Time since last request: 122.259919 seconds.
  path: Assets/Terrain/Platform Prefabs/Positive/DoubleJumpOnSpikes.prefab
  artifactKey: Guid(72e7c26524bc4cf49b631c51d9e211ce) Importer(815301076,1909f56bfc062723c751e8b465ee728b)
Start importing Assets/Terrain/Platform Prefabs/Positive/DoubleJumpOnSpikes.prefab using Guid(72e7c26524bc4cf49b631c51d9e211ce) Importer(815301076,1909f56bfc062723c751e8b465ee728b)  -> (artifact id: '881aafe6501694de8723a6a1df29f134') in 0.036568 seconds 
========================================================================
Received Import Request.
  Time since last request: 0.000018 seconds.
  path: Assets/Terrain/Platform Prefabs/Positive/SpikeJump.prefab
  artifactKey: Guid(cb301ae267d7a8c4d96f8f9f6901c56f) Importer(815301076,1909f56bfc062723c751e8b465ee728b)
Start importing Assets/Terrain/Platform Prefabs/Positive/SpikeJump.prefab using Guid(cb301ae267d7a8c4d96f8f9f6901c56f) Importer(815301076,1909f56bfc062723c751e8b465ee728b)  -> (artifact id: 'f59f067c7cc6b67a9e6248048efb0eab') in 0.039608 seconds 
========================================================================
Received Import Request.
  Time since last request: 0.000025 seconds.
  path: Assets/Terrain/Platform Prefabs/Positive/GoodBase.prefab
  artifactKey: Guid(32b359bc33a003f4f8844ee995c41815) Importer(815301076,1909f56bfc062723c751e8b465ee728b)
Start importing Assets/Terrain/Platform Prefabs/Positive/GoodBase.prefab using Guid(32b359bc33a003f4f8844ee995c41815) Importer(815301076,1909f56bfc062723c751e8b465ee728b)  -> (artifact id: 'afd1bb6970038fbf0325c9f311bbf322') in 0.028927 seconds 
Editor requested this worker to shutdown with reason: Scaling down because of idle timeout
AssetImportWorker is now disconnected from the server
Process exiting
Exiting without the bug reporter. Application will terminate with return code 0