Using pre-set license
Built from '2021.3/staging' branch; Version is '2021.3.14f1 (eee1884e7226) revision 15655304'; Using compiler version '192829333'; Build Type 'Release'
OS: 'Windows 10  (10.0.19045) 64bit Professional' Language: 'en' Physical Memory: 16241 MB
BatchMode: 1, IsHumanControllingUs: 0, StartBugReporterOnCrash: 0, Is64bit: 1, IsPro: 1

COMMAND LINE ARGUMENTS:
C:\Program Files\Unity\Hub\Editor\2021.3.14f1\Editor\Unity.exe
-adb2
-batchMode
-noUpm
-name
AssetImportWorker27
-projectPath
C:/Users/Gigabyte/OneDrive/Documents/GitHub/GameJam2022/FakeGameJam
-logFile
Logs/AssetImportWorker27.log
-srvPort
65533
Successfully changed project path to: C:/Users/Gigabyte/OneDrive/Documents/GitHub/GameJam2022/FakeGameJam
C:/Users/Gigabyte/OneDrive/Documents/GitHub/GameJam2022/FakeGameJam
[UnityMemory] Configuration Parameters - Can be set up in boot.config
    "memorysetup-bucket-allocator-granularity=16"
    "memorysetup-bucket-allocator-bucket-count=8"
    "memorysetup-bucket-allocator-block-size=33554432"
    "memorysetup-bucket-allocator-block-count=8"
    "memorysetup-main-allocator-block-size=16777216"
    "memorysetup-thread-allocator-block-size=16777216"
    "memorysetup-gfx-main-allocator-block-size=16777216"
    "memorysetup-gfx-thread-allocator-block-size=16777216"
    "memorysetup-cache-allocator-block-size=4194304"
    "memorysetup-typetree-allocator-block-size=2097152"
    "memorysetup-profiler-bucket-allocator-granularity=16"
    "memorysetup-profiler-bucket-allocator-bucket-count=8"
    "memorysetup-profiler-bucket-allocator-block-size=33554432"
    "memorysetup-profiler-bucket-allocator-block-count=8"
    "memorysetup-profiler-allocator-block-size=16777216"
    "memorysetup-profiler-editor-allocator-block-size=1048576"
    "memorysetup-temp-allocator-size-main=16777216"
    "memorysetup-job-temp-allocator-block-size=2097152"
    "memorysetup-job-temp-allocator-block-size-background=1048576"
    "memorysetup-job-temp-allocator-reduction-small-platforms=262144"
    "memorysetup-temp-allocator-size-background-worker=32768"
    "memorysetup-temp-allocator-size-job-worker=262144"
    "memorysetup-temp-allocator-size-preload-manager=33554432"
    "memorysetup-temp-allocator-size-nav-mesh-worker=65536"
    "memorysetup-temp-allocator-size-audio-worker=65536"
    "memorysetup-temp-allocator-size-cloud-worker=32768"
    "memorysetup-temp-allocator-size-gi-baking-worker=262144"
    "memorysetup-temp-allocator-size-gfx=262144"
Refreshing native plugins compatible for Editor in 156.91 ms, found 4 plugins.
Preloading 0 native plugins for Editor in 0.00 ms.
Initialize engine version: 2021.3.14f1 (eee1884e7226)
[Subsystems] Discovering subsystems at path C:/Program Files/Unity/Hub/Editor/2021.3.14f1/Editor/Data/Resources/UnitySubsystems
[Subsystems] Discovering subsystems at path C:/Users/Gigabyte/OneDrive/Documents/GitHub/GameJam2022/FakeGameJam/Assets
GfxDevice: creating device client; threaded=0; jobified=0
Direct3D:
    Version:  Direct3D 11.0 [level 11.1]
    Renderer: NVIDIA GeForce RTX 2060 (ID=0x1f11)
    Vendor:   NVIDIA
    VRAM:     5980 MB
    Driver:   31.0.15.1661
Initialize mono
Mono path[0] = 'C:/Program Files/Unity/Hub/Editor/2021.3.14f1/Editor/Data/Managed'
Mono path[1] = 'C:/Program Files/Unity/Hub/Editor/2021.3.14f1/Editor/Data/MonoBleedingEdge/lib/mono/unityjit-win32'
Mono config path = 'C:/Program Files/Unity/Hub/Editor/2021.3.14f1/Editor/Data/MonoBleedingEdge/etc'
Using monoOptions --debugger-agent=transport=dt_socket,embedding=1,server=y,suspend=n,address=127.0.0.1:56232
Begin MonoManager ReloadAssembly
Registering precompiled unity dll's ...
Register platform support module: C:/Program Files/Unity/Hub/Editor/2021.3.14f1/Editor/Data/PlaybackEngines/WebGLSupport/UnityEditor.WebGL.Extensions.dll
Register platform support module: C:/Program Files/Unity/Hub/Editor/2021.3.14f1/Editor/Data/PlaybackEngines/MacStandaloneSupport/UnityEditor.OSXStandalone.Extensions.dll
Register platform support module: C:/Program Files/Unity/Hub/Editor/2021.3.14f1/Editor/Data/PlaybackEngines/WindowsStandaloneSupport/UnityEditor.WindowsStandalone.Extensions.dll
Register platform support module: C:/Program Files/Unity/Hub/Editor/2021.3.14f1/Editor/Data/PlaybackEngines/MetroSupport/UnityEditor.UWP.Extensions.dll
Registered in 0.016856 seconds.
Native extension for UWP target not found
Native extension for WindowsStandalone target not found
Native extension for OSXStandalone target not found
Native extension for WebGL target not found
Refreshing native plugins compatible for Editor in 130.26 ms, found 4 plugins.
Preloading 0 native plugins for Editor in 0.00 ms.
Mono: successfully reloaded assembly
- Completed reload, in  0.845 seconds
Domain Reload Profiling:
	ReloadAssembly (845ms)
		BeginReloadAssembly (112ms)
			ExecutionOrderSort (0ms)
			DisableScriptedObjects (0ms)
			BackupInstance (0ms)
			ReleaseScriptingObjects (0ms)
			CreateAndSetChildDomain (1ms)
		EndReloadAssembly (595ms)
			LoadAssemblies (110ms)
			RebuildTransferFunctionScriptingTraits (0ms)
			SetupTypeCache (128ms)
			ReleaseScriptCaches (0ms)
			RebuildScriptCaches (32ms)
			SetupLoadedEditorAssemblies (368ms)
				LogAssemblyErrors (0ms)
				InitializePlatformSupportModulesInManaged (19ms)
				SetLoadedEditorAssemblies (0ms)
				RefreshPlugins (130ms)
				BeforeProcessingInitializeOnLoad (1ms)
				ProcessInitializeOnLoadAttributes (162ms)
				ProcessInitializeOnLoadMethodAttributes (55ms)
				AfterProcessingInitializeOnLoad (0ms)
				EditorAssembliesLoaded (0ms)
			ExecutionOrderSort2 (0ms)
			AwakeInstancesAfterBackupRestoration (0ms)
Platform modules already initialized, skipping
Registering precompiled user dll's ...
Registered in 0.013109 seconds.
Begin MonoManager ReloadAssembly
Symbol file LoadedFromMemory doesn't match image C:\Users\Gigabyte\OneDrive\Documents\GitHub\GameJam2022\FakeGameJam\Library\PackageCache\com.unity.visualscripting@1.7.8\Editor\VisualScripting.Core\Dependencies\YamlDotNet\Unity.VisualScripting.YamlDotNet.dll
Symbol file LoadedFromMemory doesn't match image C:\Users\Gigabyte\OneDrive\Documents\GitHub\GameJam2022\FakeGameJam\Library\PackageCache\com.unity.visualscripting@1.7.8\Editor\VisualScripting.Core\Dependencies\DotNetZip\Unity.VisualScripting.IonicZip.dll
Native extension for UWP target not found
Native extension for WindowsStandalone target not found
Native extension for OSXStandalone target not found
Native extension for WebGL target not found
Refreshing native plugins compatible for Editor in 125.87 ms, found 4 plugins.
Preloading 0 native plugins for Editor in 0.00 ms.
Mono: successfully reloaded assembly
- Completed reload, in  1.586 seconds
Domain Reload Profiling:
	ReloadAssembly (1587ms)
		BeginReloadAssembly (145ms)
			ExecutionOrderSort (0ms)
			DisableScriptedObjects (7ms)
			BackupInstance (0ms)
			ReleaseScriptingObjects (0ms)
			CreateAndSetChildDomain (23ms)
		EndReloadAssembly (1293ms)
			LoadAssemblies (125ms)
			RebuildTransferFunctionScriptingTraits (0ms)
			SetupTypeCache (349ms)
			ReleaseScriptCaches (1ms)
			RebuildScriptCaches (70ms)
			SetupLoadedEditorAssemblies (698ms)
				LogAssemblyErrors (0ms)
				InitializePlatformSupportModulesInManaged (15ms)
				SetLoadedEditorAssemblies (0ms)
				RefreshPlugins (126ms)
				BeforeProcessingInitializeOnLoad (133ms)
				ProcessInitializeOnLoadAttributes (350ms)
				ProcessInitializeOnLoadMethodAttributes (60ms)
				AfterProcessingInitializeOnLoad (14ms)
				EditorAssembliesLoaded (0ms)
			ExecutionOrderSort2 (0ms)
			AwakeInstancesAfterBackupRestoration (14ms)
Platform modules already initialized, skipping
========================================================================
Worker process is ready to serve import requests
Launched and connected shader compiler UnityShaderCompiler.exe after 0.05 seconds
Refreshing native plugins compatible for Editor in 0.89 ms, found 4 plugins.
Preloading 0 native plugins for Editor in 0.00 ms.
Unloading 4208 Unused Serialized files (Serialized files now loaded: 0)
Unloading 45 unused Assets / (229.1 KB). Loaded Objects now: 4660.
Memory consumption went from 159.0 MB to 158.7 MB.
Total: 3.391900 ms (FindLiveObjects: 0.320800 ms CreateObjectMapping: 0.219100 ms MarkObjects: 2.697700 ms  DeleteObjects: 0.153400 ms)

AssetImportParameters requested are different than current active one (requested -> active):
  custom:video-decoder-ogg-theora: a1e56fd34408186e4bbccfd4996cb3dc -> 
  custom:container-muxer-webm: aa71ff27fc2769a1b78a27578f13a17b -> 
  custom:container-demuxer-webm: 4f35f7cbe854078d1ac9338744f61a02 -> 
  custom:video-encoder-webm-vp8: eb34c28f22e8b96e1ab97ce403110664 -> 
  custom:video-codec-MediaFoundation-h265: 746d11721c4dcdbdad8f713fa42b33f4 -> 
  custom:audio-encoder-webm-vorbis: bf7c407c2cedff20999df2af8eb42d56 -> 
  custom:framework-win-MediaFoundation: 216162199b28c13a410421893ffa2e32 -> 
  custom:container-demuxer-ogg: 62fdf1f143b41e24485cea50d1cbac27 -> 
  custom:video-decoder-webm-vp8: 9c59270c3fd7afecdb556c50c9e8de78 -> 
  custom:audio-decoder-ogg-vorbis: bf7c407c2cedff20999df2af8eb42d56 -> 
========================================================================
Received Import Request.
  Time since last request: 69222.101432 seconds.
  path: Assets/Terrain/Platform Prefabs/BasicMap/Climb.prefab
  artifactKey: Guid(ee12e1b4abd05b84fa71abaf9d905d9d) Importer(815301076,1909f56bfc062723c751e8b465ee728b)
Start importing Assets/Terrain/Platform Prefabs/BasicMap/Climb.prefab using Guid(ee12e1b4abd05b84fa71abaf9d905d9d) Importer(815301076,1909f56bfc062723c751e8b465ee728b)  -> (artifact id: 'f6dec5b33c3802b0add09d4fcc46fda0') in 0.315565 seconds 
========================================================================
Received Import Request.
  Time since last request: 0.000032 seconds.
  path: Assets/Terrain/Platform Prefabs/BasicMap/Pyramid.prefab
  artifactKey: Guid(4711509c902b4ba46a3437b372f67108) Importer(815301076,1909f56bfc062723c751e8b465ee728b)
Start importing Assets/Terrain/Platform Prefabs/BasicMap/Pyramid.prefab using Guid(4711509c902b4ba46a3437b372f67108) Importer(815301076,1909f56bfc062723c751e8b465ee728b)  -> (artifact id: '8faece536c59b932b5c9c462de704762') in 0.070821 seconds 
========================================================================
Received Import Request.
  Time since last request: 24.640349 seconds.
  path: Assets/Terrain/Platform Prefabs/BasicMap/Climb.prefab
  artifactKey: Guid(ee12e1b4abd05b84fa71abaf9d905d9d) Importer(815301076,1909f56bfc062723c751e8b465ee728b)
Start importing Assets/Terrain/Platform Prefabs/BasicMap/Climb.prefab using Guid(ee12e1b4abd05b84fa71abaf9d905d9d) Importer(815301076,1909f56bfc062723c751e8b465ee728b)  -> (artifact id: 'c3b4534eb184189b6b894f2a5a853dd7') in 0.084326 seconds 
========================================================================
Received Import Request.
  Time since last request: 0.000035 seconds.
  path: Assets/Terrain/Platform Prefabs/BasicMap/JumpWithHole.prefab
  artifactKey: Guid(0b3afafda4adc6a4f9e47335d52f17aa) Importer(815301076,1909f56bfc062723c751e8b465ee728b)
Start importing Assets/Terrain/Platform Prefabs/BasicMap/JumpWithHole.prefab using Guid(0b3afafda4adc6a4f9e47335d52f17aa) Importer(815301076,1909f56bfc062723c751e8b465ee728b)  -> (artifact id: 'a8b6a4dc562af7308bcf027cd760eb99') in 0.061296 seconds 
========================================================================
Received Import Request.
  Time since last request: 0.000036 seconds.
  path: Assets/Terrain/Platform Prefabs/BasicMap/Pyramid.prefab
  artifactKey: Guid(4711509c902b4ba46a3437b372f67108) Importer(815301076,1909f56bfc062723c751e8b465ee728b)
Start importing Assets/Terrain/Platform Prefabs/BasicMap/Pyramid.prefab using Guid(4711509c902b4ba46a3437b372f67108) Importer(815301076,1909f56bfc062723c751e8b465ee728b)  -> (artifact id: 'c5c97d73465154b9b7402a33321e4368') in 0.060884 seconds 
========================================================================
Received Import Request.
  Time since last request: 20.713678 seconds.
  path: Assets/Terrain/Platform Prefabs/BasicMap/Climb.prefab
  artifactKey: Guid(ee12e1b4abd05b84fa71abaf9d905d9d) Importer(815301076,1909f56bfc062723c751e8b465ee728b)
Start importing Assets/Terrain/Platform Prefabs/BasicMap/Climb.prefab using Guid(ee12e1b4abd05b84fa71abaf9d905d9d) Importer(815301076,1909f56bfc062723c751e8b465ee728b)  -> (artifact id: '89d06d5e1bc27b57b88daf07f8c1133f') in 0.101570 seconds 
========================================================================
Received Import Request.
  Time since last request: 0.000042 seconds.
  path: Assets/Terrain/Platform Prefabs/BasicMap/JumpWithHole.prefab
  artifactKey: Guid(0b3afafda4adc6a4f9e47335d52f17aa) Importer(815301076,1909f56bfc062723c751e8b465ee728b)
Start importing Assets/Terrain/Platform Prefabs/BasicMap/JumpWithHole.prefab using Guid(0b3afafda4adc6a4f9e47335d52f17aa) Importer(815301076,1909f56bfc062723c751e8b465ee728b)  -> (artifact id: '0ed730b693dce523bf9c2ebee6b42921') in 0.078961 seconds 
========================================================================
Received Import Request.
  Time since last request: 242.533959 seconds.
  path: Assets/Terrain/Platform Prefabs/BasicMap/Climb.prefab
  artifactKey: Guid(ee12e1b4abd05b84fa71abaf9d905d9d) Importer(815301076,1909f56bfc062723c751e8b465ee728b)
Start importing Assets/Terrain/Platform Prefabs/BasicMap/Climb.prefab using Guid(ee12e1b4abd05b84fa71abaf9d905d9d) Importer(815301076,1909f56bfc062723c751e8b465ee728b)  -> (artifact id: '5694be4f00a2ac5545b0ce05f0bc654d') in 0.074986 seconds 
========================================================================
Received Import Request.
  Time since last request: 0.000031 seconds.
  path: Assets/Terrain/Platform Prefabs/BasicMap/JumpAndFall.prefab
  artifactKey: Guid(86a1a986d1508414ba4c8370a2d5c293) Importer(815301076,1909f56bfc062723c751e8b465ee728b)
Start importing Assets/Terrain/Platform Prefabs/BasicMap/JumpAndFall.prefab using Guid(86a1a986d1508414ba4c8370a2d5c293) Importer(815301076,1909f56bfc062723c751e8b465ee728b)  -> (artifact id: 'ae03ebd70cdfdaf078548d1f9bc0c49c') in 0.063306 seconds 
========================================================================
Received Import Request.
  Time since last request: 0.000042 seconds.
  path: Assets/Terrain/Platform Prefabs/BasicMap/JumpWithHole.prefab
  artifactKey: Guid(0b3afafda4adc6a4f9e47335d52f17aa) Importer(815301076,1909f56bfc062723c751e8b465ee728b)
Start importing Assets/Terrain/Platform Prefabs/BasicMap/JumpWithHole.prefab using Guid(0b3afafda4adc6a4f9e47335d52f17aa) Importer(815301076,1909f56bfc062723c751e8b465ee728b)  -> (artifact id: 'a256dec8e1c5652359cacdd7dcac6c0c') in 0.062028 seconds 
========================================================================
Received Import Request.
  Time since last request: 0.000028 seconds.
  path: Assets/Terrain/Platform Prefabs/BasicMap/Pyramid.prefab
  artifactKey: Guid(4711509c902b4ba46a3437b372f67108) Importer(815301076,1909f56bfc062723c751e8b465ee728b)
Start importing Assets/Terrain/Platform Prefabs/BasicMap/Pyramid.prefab using Guid(4711509c902b4ba46a3437b372f67108) Importer(815301076,1909f56bfc062723c751e8b465ee728b)  -> (artifact id: '4ef08474344e4bd1b1df629981a06bf3') in 0.062095 seconds 
========================================================================
Received Import Request.
  Time since last request: 7.092448 seconds.
  path: Assets/Terrain/Platform Prefabs/Positive/GoodBase.prefab
  artifactKey: Guid(32b359bc33a003f4f8844ee995c41815) Importer(815301076,1909f56bfc062723c751e8b465ee728b)
Start importing Assets/Terrain/Platform Prefabs/Positive/GoodBase.prefab using Guid(32b359bc33a003f4f8844ee995c41815) Importer(815301076,1909f56bfc062723c751e8b465ee728b)  -> (artifact id: '5245f3494e8287d1bab3f95507308964') in 0.036634 seconds 
========================================================================
Received Import Request.
  Time since last request: 0.000028 seconds.
  path: Assets/Terrain/Platform Prefabs/Positive/JumpHighThenFall.prefab
  artifactKey: Guid(047312cdb33f9a348ab25bd776009c3c) Importer(815301076,1909f56bfc062723c751e8b465ee728b)
Start importing Assets/Terrain/Platform Prefabs/Positive/JumpHighThenFall.prefab using Guid(047312cdb33f9a348ab25bd776009c3c) Importer(815301076,1909f56bfc062723c751e8b465ee728b)  -> (artifact id: 'a371565f5ee0f51f0472ab1be87b8279') in 0.029943 seconds 
Editor requested this worker to shutdown with reason: Scaling down because of idle timeout
AssetImportWorker is now disconnected from the server
Process exiting
Exiting without the bug reporter. Application will terminate with return code 0